INFO - 2024-07-10 07:58:16 --> Session: Class initialized using 'CodeIgniter\Session\Handlers\FileHandler' driver.
INFO - 2024-07-10 08:00:52 --> Session: Class initialized using 'CodeIgniter\Session\Handlers\FileHandler' driver.
INFO - 2024-07-10 08:14:32 --> Session: Class initialized using 'CodeIgniter\Session\Handlers\FileHandler' driver.
INFO - 2024-07-10 08:15:04 --> Session: Class initialized using 'CodeIgniter\Session\Handlers\FileHandler' driver.
INFO - 2024-07-10 08:15:36 --> Session: Class initialized using 'CodeIgniter\Session\Handlers\FileHandler' driver.
INFO - 2024-07-10 08:17:56 --> Session: Class initialized using 'CodeIgniter\Session\Handlers\FileHandler' driver.
INFO - 2024-07-10 08:18:00 --> Session: Class initialized using 'CodeIgniter\Session\Handlers\FileHandler' driver.
INFO - 2024-07-10 08:18:11 --> Session: Class initialized using 'CodeIgniter\Session\Handlers\FileHandler' driver.
INFO - 2024-07-10 08:20:51 --> Session: Class initialized using 'CodeIgniter\Session\Handlers\FileHandler' driver.
INFO - 2024-07-10 08:20:52 --> Session: Class initialized using 'CodeIgniter\Session\Handlers\FileHandler' driver.
INFO - 2024-07-10 08:30:36 --> Session: Class initialized using 'CodeIgniter\Session\Handlers\FileHandler' driver.
INFO - 2024-07-10 08:30:38 --> Session: Class initialized using 'CodeIgniter\Session\Handlers\FileHandler' driver.
INFO - 2024-07-10 08:30:39 --> Session: Class initialized using 'CodeIgniter\Session\Handlers\FileHandler' driver.
INFO - 2024-07-10 08:30:40 --> Session: Class initialized using 'CodeIgniter\Session\Handlers\FileHandler' driver.
INFO - 2024-07-10 08:30:42 --> Session: Class initialized using 'CodeIgniter\Session\Handlers\FileHandler' driver.
INFO - 2024-07-10 08:30:43 --> Session: Class initialized using 'CodeIgniter\Session\Handlers\FileHandler' driver.
INFO - 2024-07-10 08:30:45 --> Session: Class initialized using 'CodeIgniter\Session\Handlers\FileHandler' driver.
INFO - 2024-07-10 08:30:46 --> Session: Class initialized using 'CodeIgniter\Session\Handlers\FileHandler' driver.
INFO - 2024-07-10 08:30:48 --> Session: Class initialized using 'CodeIgniter\Session\Handlers\FileHandler' driver.
INFO - 2024-07-10 08:30:49 --> Session: Class initialized using 'CodeIgniter\Session\Handlers\FileHandler' driver.
INFO - 2024-07-10 08:30:50 --> Session: Class initialized using 'CodeIgniter\Session\Handlers\FileHandler' driver.
INFO - 2024-07-10 08:31:01 --> Session: Class initialized using 'CodeIgniter\Session\Handlers\FileHandler' driver.
INFO - 2024-07-10 08:31:02 --> Session: Class initialized using 'CodeIgniter\Session\Handlers\FileHandler' driver.
INFO - 2024-07-10 08:44:59 --> Session: Class initialized using 'CodeIgniter\Session\Handlers\FileHandler' driver.
INFO - 2024-07-10 09:30:38 --> Session: Class initialized using 'CodeIgniter\Session\Handlers\FileHandler' driver.
INFO - 2024-07-10 09:30:38 --> Session: Class initialized using 'CodeIgniter\Session\Handlers\FileHandler' driver.
CRITICAL - 2024-07-10 06:11:35 --> Class "Locale" not found
in SYSTEMPATH/CodeIgniter.php on line 218.
 1 FCPATH/index.php(67): CodeIgniter\CodeIgniter->initialize()
CRITICAL - 2024-07-10 06:11:35 --> Uncaught Error: Class "Locale" not found in /var/www/html/system/vendor/codeigniter4/framework/system/HTTP/IncomingRequest.php:500
Stack trace:
#0 /var/www/html/system/vendor/codeigniter4/framework/system/HTTP/IncomingRequest.php(229): CodeIgniter\HTTP\IncomingRequest->setLocale('id')
#1 /var/www/html/system/vendor/codeigniter4/framework/system/HTTP/IncomingRequest.php(186): CodeIgniter\HTTP\IncomingRequest->detectLocale(Object(Config\App))
#2 /var/www/html/system/vendor/codeigniter4/framework/system/Config/Services.php(564): CodeIgniter\HTTP\IncomingRequest->__construct(Object(Config\App), Object(CodeIgniter\HTTP\SiteURI), '', Object(CodeIgniter\HTTP\UserAgent))
#3 /var/www/html/system/vendor/codeigniter4/framework/system/Config/BaseService.php(258): CodeIgniter\Config\Services::incomingrequest(Object(Config\App), false)
#4 /var/www/html/system/vendor/codeigniter4/framework/system/Config/Services.php(524): CodeIgniter\Config\BaseService::__callStatic('incomingrequest', Array)
#5 /var/www/html/system/vendor/codeigniter4/framework/system/Config/BaseService.php(258): CodeIgniter\Config\Services::request(NULL, false)
#6 /var/www/html/system/vendor/codeigniter4/framework/system/Config/BaseService.php(199): CodeIgniter\Config\BaseService::__callStatic('request', Array)
#7 /var/www/html/system/vendor/codeigniter4/framework/system/Config/Services.php(520): CodeIgniter\Config\BaseService::getSharedInstance('request', NULL)
#8 /var/www/html/system/vendor/codeigniter4/framework/system/Config/BaseService.php(258): CodeIgniter\Config\Services::request()
#9 /var/www/html/system/vendor/codeigniter4/framework/system/Debug/Exceptions.php(137): CodeIgniter\Config\BaseService::__callStatic('request', Array)
#10 [internal function]: CodeIgniter\Debug\Exceptions->exceptionHandler(Object(Error))
#11 {main}
  thrown
【Previous Exception】
Error
Class "Locale" not found
#0 /var/www/html/html/index.php(67): CodeIgniter\CodeIgniter->initialize()
#1 {main}
in SYSTEMPATH/HTTP/IncomingRequest.php on line 500.
 1 [internal function]: CodeIgniter\Debug\Exceptions->shutdownHandler()
CRITICAL - 2024-07-10 06:11:43 --> Class "Locale" not found
in SYSTEMPATH/CodeIgniter.php on line 218.
 1 FCPATH/index.php(67): CodeIgniter\CodeIgniter->initialize()
CRITICAL - 2024-07-10 06:11:43 --> Uncaught Error: Class "Locale" not found in /var/www/html/system/vendor/codeigniter4/framework/system/HTTP/IncomingRequest.php:500
Stack trace:
#0 /var/www/html/system/vendor/codeigniter4/framework/system/HTTP/IncomingRequest.php(229): CodeIgniter\HTTP\IncomingRequest->setLocale('id')
#1 /var/www/html/system/vendor/codeigniter4/framework/system/HTTP/IncomingRequest.php(186): CodeIgniter\HTTP\IncomingRequest->detectLocale(Object(Config\App))
#2 /var/www/html/system/vendor/codeigniter4/framework/system/Config/Services.php(564): CodeIgniter\HTTP\IncomingRequest->__construct(Object(Config\App), Object(CodeIgniter\HTTP\SiteURI), '', Object(CodeIgniter\HTTP\UserAgent))
#3 /var/www/html/system/vendor/codeigniter4/framework/system/Config/BaseService.php(258): CodeIgniter\Config\Services::incomingrequest(Object(Config\App), false)
#4 /var/www/html/system/vendor/codeigniter4/framework/system/Config/Services.php(524): CodeIgniter\Config\BaseService::__callStatic('incomingrequest', Array)
#5 /var/www/html/system/vendor/codeigniter4/framework/system/Config/BaseService.php(258): CodeIgniter\Config\Services::request(NULL, false)
#6 /var/www/html/system/vendor/codeigniter4/framework/system/Config/BaseService.php(199): CodeIgniter\Config\BaseService::__callStatic('request', Array)
#7 /var/www/html/system/vendor/codeigniter4/framework/system/Config/Services.php(520): CodeIgniter\Config\BaseService::getSharedInstance('request', NULL)
#8 /var/www/html/system/vendor/codeigniter4/framework/system/Config/BaseService.php(258): CodeIgniter\Config\Services::request()
#9 /var/www/html/system/vendor/codeigniter4/framework/system/Debug/Exceptions.php(137): CodeIgniter\Config\BaseService::__callStatic('request', Array)
#10 [internal function]: CodeIgniter\Debug\Exceptions->exceptionHandler(Object(Error))
#11 {main}
  thrown
【Previous Exception】
Error
Class "Locale" not found
#0 /var/www/html/html/index.php(67): CodeIgniter\CodeIgniter->initialize()
#1 {main}
in SYSTEMPATH/HTTP/IncomingRequest.php on line 500.
 1 [internal function]: CodeIgniter\Debug\Exceptions->shutdownHandler()
CRITICAL - 2024-07-10 06:13:02 --> Class "Locale" not found
in SYSTEMPATH/CodeIgniter.php on line 218.
 1 FCPATH/index.php(67): CodeIgniter\CodeIgniter->initialize()
CRITICAL - 2024-07-10 06:13:02 --> Uncaught Error: Class "Locale" not found in /var/www/html/system/vendor/codeigniter4/framework/system/HTTP/IncomingRequest.php:500
Stack trace:
#0 /var/www/html/system/vendor/codeigniter4/framework/system/HTTP/IncomingRequest.php(229): CodeIgniter\HTTP\IncomingRequest->setLocale('id')
#1 /var/www/html/system/vendor/codeigniter4/framework/system/HTTP/IncomingRequest.php(186): CodeIgniter\HTTP\IncomingRequest->detectLocale(Object(Config\App))
#2 /var/www/html/system/vendor/codeigniter4/framework/system/Config/Services.php(564): CodeIgniter\HTTP\IncomingRequest->__construct(Object(Config\App), Object(CodeIgniter\HTTP\SiteURI), '', Object(CodeIgniter\HTTP\UserAgent))
#3 /var/www/html/system/vendor/codeigniter4/framework/system/Config/BaseService.php(258): CodeIgniter\Config\Services::incomingrequest(Object(Config\App), false)
#4 /var/www/html/system/vendor/codeigniter4/framework/system/Config/Services.php(524): CodeIgniter\Config\BaseService::__callStatic('incomingrequest', Array)
#5 /var/www/html/system/vendor/codeigniter4/framework/system/Config/BaseService.php(258): CodeIgniter\Config\Services::request(NULL, false)
#6 /var/www/html/system/vendor/codeigniter4/framework/system/Config/BaseService.php(199): CodeIgniter\Config\BaseService::__callStatic('request', Array)
#7 /var/www/html/system/vendor/codeigniter4/framework/system/Config/Services.php(520): CodeIgniter\Config\BaseService::getSharedInstance('request', NULL)
#8 /var/www/html/system/vendor/codeigniter4/framework/system/Config/BaseService.php(258): CodeIgniter\Config\Services::request()
#9 /var/www/html/system/vendor/codeigniter4/framework/system/Debug/Exceptions.php(137): CodeIgniter\Config\BaseService::__callStatic('request', Array)
#10 [internal function]: CodeIgniter\Debug\Exceptions->exceptionHandler(Object(Error))
#11 {main}
  thrown
【Previous Exception】
Error
Class "Locale" not found
#0 /var/www/html/html/index.php(67): CodeIgniter\CodeIgniter->initialize()
#1 {main}
in SYSTEMPATH/HTTP/IncomingRequest.php on line 500.
 1 [internal function]: CodeIgniter\Debug\Exceptions->shutdownHandler()
CRITICAL - 2024-07-10 06:30:05 --> Class "Locale" not found
in SYSTEMPATH/CodeIgniter.php on line 218.
 1 FCPATH/index.php(67): CodeIgniter\CodeIgniter->initialize()
CRITICAL - 2024-07-10 06:30:05 --> Uncaught Error: Class "Locale" not found in /var/www/html/html/system/vendor/codeigniter4/framework/system/HTTP/IncomingRequest.php:500
Stack trace:
#0 /var/www/html/html/system/vendor/codeigniter4/framework/system/HTTP/IncomingRequest.php(229): CodeIgniter\HTTP\IncomingRequest->setLocale('id')
#1 /var/www/html/html/system/vendor/codeigniter4/framework/system/HTTP/IncomingRequest.php(186): CodeIgniter\HTTP\IncomingRequest->detectLocale(Object(Config\App))
#2 /var/www/html/html/system/vendor/codeigniter4/framework/system/Config/Services.php(564): CodeIgniter\HTTP\IncomingRequest->__construct(Object(Config\App), Object(CodeIgniter\HTTP\SiteURI), '', Object(CodeIgniter\HTTP\UserAgent))
#3 /var/www/html/html/system/vendor/codeigniter4/framework/system/Config/BaseService.php(258): CodeIgniter\Config\Services::incomingrequest(Object(Config\App), false)
#4 /var/www/html/html/system/vendor/codeigniter4/framework/system/Config/Services.php(524): CodeIgniter\Config\BaseService::__callStatic('incomingrequest', Array)
#5 /var/www/html/html/system/vendor/codeigniter4/framework/system/Config/BaseService.php(258): CodeIgniter\Config\Services::request(NULL, false)
#6 /var/www/html/html/system/vendor/codeigniter4/framework/system/Config/BaseService.php(199): CodeIgniter\Config\BaseService::__callStatic('request', Array)
#7 /var/www/html/html/system/vendor/codeigniter4/framework/system/Config/Services.php(520): CodeIgniter\Config\BaseService::getSharedInstance('request', NULL)
#8 /var/www/html/html/system/vendor/codeigniter4/framework/system/Config/BaseService.php(258): CodeIgniter\Config\Services::request()
#9 /var/www/html/html/system/vendor/codeigniter4/framework/system/Debug/Exceptions.php(137): CodeIgniter\Config\BaseService::__callStatic('request', Array)
#10 [internal function]: CodeIgniter\Debug\Exceptions->exceptionHandler(Object(Error))
#11 {main}
  thrown
【Previous Exception】
Error
Class "Locale" not found
#0 /var/www/html/html/public/index.php(67): CodeIgniter\CodeIgniter->initialize()
#1 {main}
in SYSTEMPATH/HTTP/IncomingRequest.php on line 500.
 1 [internal function]: CodeIgniter\Debug\Exceptions->shutdownHandler()
CRITICAL - 2024-07-10 06:34:01 --> Class "Locale" not found
in SYSTEMPATH/CodeIgniter.php on line 218.
 1 FCPATH/index.php(67): CodeIgniter\CodeIgniter->initialize()
CRITICAL - 2024-07-10 06:34:01 --> Uncaught Error: Class "Locale" not found in /var/www/html/html/system/vendor/codeigniter4/framework/system/HTTP/IncomingRequest.php:500
Stack trace:
#0 /var/www/html/html/system/vendor/codeigniter4/framework/system/HTTP/IncomingRequest.php(229): CodeIgniter\HTTP\IncomingRequest->setLocale('id')
#1 /var/www/html/html/system/vendor/codeigniter4/framework/system/HTTP/IncomingRequest.php(186): CodeIgniter\HTTP\IncomingRequest->detectLocale(Object(Config\App))
#2 /var/www/html/html/system/vendor/codeigniter4/framework/system/Config/Services.php(564): CodeIgniter\HTTP\IncomingRequest->__construct(Object(Config\App), Object(CodeIgniter\HTTP\SiteURI), '', Object(CodeIgniter\HTTP\UserAgent))
#3 /var/www/html/html/system/vendor/codeigniter4/framework/system/Config/BaseService.php(258): CodeIgniter\Config\Services::incomingrequest(Object(Config\App), false)
#4 /var/www/html/html/system/vendor/codeigniter4/framework/system/Config/Services.php(524): CodeIgniter\Config\BaseService::__callStatic('incomingrequest', Array)
#5 /var/www/html/html/system/vendor/codeigniter4/framework/system/Config/BaseService.php(258): CodeIgniter\Config\Services::request(NULL, false)
#6 /var/www/html/html/system/vendor/codeigniter4/framework/system/Config/BaseService.php(199): CodeIgniter\Config\BaseService::__callStatic('request', Array)
#7 /var/www/html/html/system/vendor/codeigniter4/framework/system/Config/Services.php(520): CodeIgniter\Config\BaseService::getSharedInstance('request', NULL)
#8 /var/www/html/html/system/vendor/codeigniter4/framework/system/Config/BaseService.php(258): CodeIgniter\Config\Services::request()
#9 /var/www/html/html/system/vendor/codeigniter4/framework/system/Debug/Exceptions.php(137): CodeIgniter\Config\BaseService::__callStatic('request', Array)
#10 [internal function]: CodeIgniter\Debug\Exceptions->exceptionHandler(Object(Error))
#11 {main}
  thrown
【Previous Exception】
Error
Class "Locale" not found
#0 /var/www/html/html/public/index.php(67): CodeIgniter\CodeIgniter->initialize()
#1 {main}
in SYSTEMPATH/HTTP/IncomingRequest.php on line 500.
 1 [internal function]: CodeIgniter\Debug\Exceptions->shutdownHandler()
CRITICAL - 2024-07-10 06:35:41 --> Class "Locale" not found
in SYSTEMPATH/CodeIgniter.php on line 218.
 1 FCPATH/index.php(67): CodeIgniter\CodeIgniter->initialize()
CRITICAL - 2024-07-10 06:35:41 --> Uncaught Error: Class "Locale" not found in /var/www/html/html/system/vendor/codeigniter4/framework/system/HTTP/IncomingRequest.php:500
Stack trace:
#0 /var/www/html/html/system/vendor/codeigniter4/framework/system/HTTP/IncomingRequest.php(229): CodeIgniter\HTTP\IncomingRequest->setLocale('id')
#1 /var/www/html/html/system/vendor/codeigniter4/framework/system/HTTP/IncomingRequest.php(186): CodeIgniter\HTTP\IncomingRequest->detectLocale(Object(Config\App))
#2 /var/www/html/html/system/vendor/codeigniter4/framework/system/Config/Services.php(564): CodeIgniter\HTTP\IncomingRequest->__construct(Object(Config\App), Object(CodeIgniter\HTTP\SiteURI), '', Object(CodeIgniter\HTTP\UserAgent))
#3 /var/www/html/html/system/vendor/codeigniter4/framework/system/Config/BaseService.php(258): CodeIgniter\Config\Services::incomingrequest(Object(Config\App), false)
#4 /var/www/html/html/system/vendor/codeigniter4/framework/system/Config/Services.php(524): CodeIgniter\Config\BaseService::__callStatic('incomingrequest', Array)
#5 /var/www/html/html/system/vendor/codeigniter4/framework/system/Config/BaseService.php(258): CodeIgniter\Config\Services::request(NULL, false)
#6 /var/www/html/html/system/vendor/codeigniter4/framework/system/Config/BaseService.php(199): CodeIgniter\Config\BaseService::__callStatic('request', Array)
#7 /var/www/html/html/system/vendor/codeigniter4/framework/system/Config/Services.php(520): CodeIgniter\Config\BaseService::getSharedInstance('request', NULL)
#8 /var/www/html/html/system/vendor/codeigniter4/framework/system/Config/BaseService.php(258): CodeIgniter\Config\Services::request()
#9 /var/www/html/html/system/vendor/codeigniter4/framework/system/Debug/Exceptions.php(137): CodeIgniter\Config\BaseService::__callStatic('request', Array)
#10 [internal function]: CodeIgniter\Debug\Exceptions->exceptionHandler(Object(Error))
#11 {main}
  thrown
【Previous Exception】
Error
Class "Locale" not found
#0 /var/www/html/html/public/index.php(67): CodeIgniter\CodeIgniter->initialize()
#1 {main}
in SYSTEMPATH/HTTP/IncomingRequest.php on line 500.
 1 [internal function]: CodeIgniter\Debug\Exceptions->shutdownHandler()
CRITICAL - 2024-07-10 06:36:21 --> Class "Locale" not found
in SYSTEMPATH/CodeIgniter.php on line 218.
 1 FCPATH/index.php(67): CodeIgniter\CodeIgniter->initialize()
CRITICAL - 2024-07-10 06:36:21 --> Uncaught Error: Class "Locale" not found in /var/www/html/html/system/vendor/codeigniter4/framework/system/HTTP/IncomingRequest.php:500
Stack trace:
#0 /var/www/html/html/system/vendor/codeigniter4/framework/system/HTTP/IncomingRequest.php(229): CodeIgniter\HTTP\IncomingRequest->setLocale('id')
#1 /var/www/html/html/system/vendor/codeigniter4/framework/system/HTTP/IncomingRequest.php(186): CodeIgniter\HTTP\IncomingRequest->detectLocale(Object(Config\App))
#2 /var/www/html/html/system/vendor/codeigniter4/framework/system/Config/Services.php(564): CodeIgniter\HTTP\IncomingRequest->__construct(Object(Config\App), Object(CodeIgniter\HTTP\SiteURI), '', Object(CodeIgniter\HTTP\UserAgent))
#3 /var/www/html/html/system/vendor/codeigniter4/framework/system/Config/BaseService.php(258): CodeIgniter\Config\Services::incomingrequest(Object(Config\App), false)
#4 /var/www/html/html/system/vendor/codeigniter4/framework/system/Config/Services.php(524): CodeIgniter\Config\BaseService::__callStatic('incomingrequest', Array)
#5 /var/www/html/html/system/vendor/codeigniter4/framework/system/Config/BaseService.php(258): CodeIgniter\Config\Services::request(NULL, false)
#6 /var/www/html/html/system/vendor/codeigniter4/framework/system/Config/BaseService.php(199): CodeIgniter\Config\BaseService::__callStatic('request', Array)
#7 /var/www/html/html/system/vendor/codeigniter4/framework/system/Config/Services.php(520): CodeIgniter\Config\BaseService::getSharedInstance('request', NULL)
#8 /var/www/html/html/system/vendor/codeigniter4/framework/system/Config/BaseService.php(258): CodeIgniter\Config\Services::request()
#9 /var/www/html/html/system/vendor/codeigniter4/framework/system/Debug/Exceptions.php(137): CodeIgniter\Config\BaseService::__callStatic('request', Array)
#10 [internal function]: CodeIgniter\Debug\Exceptions->exceptionHandler(Object(Error))
#11 {main}
  thrown
【Previous Exception】
Error
Class "Locale" not found
#0 /var/www/html/html/public/index.php(67): CodeIgniter\CodeIgniter->initialize()
#1 {main}
in SYSTEMPATH/HTTP/IncomingRequest.php on line 500.
 1 [internal function]: CodeIgniter\Debug\Exceptions->shutdownHandler()
CRITICAL - 2024-07-10 06:40:04 --> Class "Locale" not found
in SYSTEMPATH/CodeIgniter.php on line 218.
 1 FCPATH/index.php(67): CodeIgniter\CodeIgniter->initialize()
CRITICAL - 2024-07-10 06:40:04 --> Uncaught Error: Class "Locale" not found in /var/www/html/html/system/vendor/codeigniter4/framework/system/HTTP/IncomingRequest.php:500
Stack trace:
#0 /var/www/html/html/system/vendor/codeigniter4/framework/system/HTTP/IncomingRequest.php(229): CodeIgniter\HTTP\IncomingRequest->setLocale('id')
#1 /var/www/html/html/system/vendor/codeigniter4/framework/system/HTTP/IncomingRequest.php(186): CodeIgniter\HTTP\IncomingRequest->detectLocale(Object(Config\App))
#2 /var/www/html/html/system/vendor/codeigniter4/framework/system/Config/Services.php(564): CodeIgniter\HTTP\IncomingRequest->__construct(Object(Config\App), Object(CodeIgniter\HTTP\SiteURI), '', Object(CodeIgniter\HTTP\UserAgent))
#3 /var/www/html/html/system/vendor/codeigniter4/framework/system/Config/BaseService.php(258): CodeIgniter\Config\Services::incomingrequest(Object(Config\App), false)
#4 /var/www/html/html/system/vendor/codeigniter4/framework/system/Config/Services.php(524): CodeIgniter\Config\BaseService::__callStatic('incomingrequest', Array)
#5 /var/www/html/html/system/vendor/codeigniter4/framework/system/Config/BaseService.php(258): CodeIgniter\Config\Services::request(NULL, false)
#6 /var/www/html/html/system/vendor/codeigniter4/framework/system/Config/BaseService.php(199): CodeIgniter\Config\BaseService::__callStatic('request', Array)
#7 /var/www/html/html/system/vendor/codeigniter4/framework/system/Config/Services.php(520): CodeIgniter\Config\BaseService::getSharedInstance('request', NULL)
#8 /var/www/html/html/system/vendor/codeigniter4/framework/system/Config/BaseService.php(258): CodeIgniter\Config\Services::request()
#9 /var/www/html/html/system/vendor/codeigniter4/framework/system/Debug/Exceptions.php(137): CodeIgniter\Config\BaseService::__callStatic('request', Array)
#10 [internal function]: CodeIgniter\Debug\Exceptions->exceptionHandler(Object(Error))
#11 {main}
  thrown
【Previous Exception】
Error
Class "Locale" not found
#0 /var/www/html/html/public/index.php(67): CodeIgniter\CodeIgniter->initialize()
#1 {main}
in SYSTEMPATH/HTTP/IncomingRequest.php on line 500.
 1 [internal function]: CodeIgniter\Debug\Exceptions->shutdownHandler()
CRITICAL - 2024-07-10 06:46:50 --> Class "Locale" not found
in SYSTEMPATH/CodeIgniter.php on line 218.
 1 FCPATH/index.php(67): CodeIgniter\CodeIgniter->initialize()
CRITICAL - 2024-07-10 06:46:51 --> Uncaught Error: Class "Locale" not found in /var/www/html/html/system/vendor/codeigniter4/framework/system/HTTP/IncomingRequest.php:500
Stack trace:
#0 /var/www/html/html/system/vendor/codeigniter4/framework/system/HTTP/IncomingRequest.php(229): CodeIgniter\HTTP\IncomingRequest->setLocale('id')
#1 /var/www/html/html/system/vendor/codeigniter4/framework/system/HTTP/IncomingRequest.php(186): CodeIgniter\HTTP\IncomingRequest->detectLocale(Object(Config\App))
#2 /var/www/html/html/system/vendor/codeigniter4/framework/system/Config/Services.php(564): CodeIgniter\HTTP\IncomingRequest->__construct(Object(Config\App), Object(CodeIgniter\HTTP\SiteURI), '', Object(CodeIgniter\HTTP\UserAgent))
#3 /var/www/html/html/system/vendor/codeigniter4/framework/system/Config/BaseService.php(258): CodeIgniter\Config\Services::incomingrequest(Object(Config\App), false)
#4 /var/www/html/html/system/vendor/codeigniter4/framework/system/Config/Services.php(524): CodeIgniter\Config\BaseService::__callStatic('incomingrequest', Array)
#5 /var/www/html/html/system/vendor/codeigniter4/framework/system/Config/BaseService.php(258): CodeIgniter\Config\Services::request(NULL, false)
#6 /var/www/html/html/system/vendor/codeigniter4/framework/system/Config/BaseService.php(199): CodeIgniter\Config\BaseService::__callStatic('request', Array)
#7 /var/www/html/html/system/vendor/codeigniter4/framework/system/Config/Services.php(520): CodeIgniter\Config\BaseService::getSharedInstance('request', NULL)
#8 /var/www/html/html/system/vendor/codeigniter4/framework/system/Config/BaseService.php(258): CodeIgniter\Config\Services::request()
#9 /var/www/html/html/system/vendor/codeigniter4/framework/system/Debug/Exceptions.php(137): CodeIgniter\Config\BaseService::__callStatic('request', Array)
#10 [internal function]: CodeIgniter\Debug\Exceptions->exceptionHandler(Object(Error))
#11 {main}
  thrown
【Previous Exception】
Error
Class "Locale" not found
#0 /var/www/html/html/public/index.php(67): CodeIgniter\CodeIgniter->initialize()
#1 {main}
in SYSTEMPATH/HTTP/IncomingRequest.php on line 500.
 1 [internal function]: CodeIgniter\Debug\Exceptions->shutdownHandler()
CRITICAL - 2024-07-10 06:47:07 --> Class "Locale" not found
in SYSTEMPATH/CodeIgniter.php on line 218.
 1 FCPATH/index.php(67): CodeIgniter\CodeIgniter->initialize()
CRITICAL - 2024-07-10 06:47:07 --> Uncaught Error: Class "Locale" not found in /var/www/html/html/system/vendor/codeigniter4/framework/system/HTTP/IncomingRequest.php:500
Stack trace:
#0 /var/www/html/html/system/vendor/codeigniter4/framework/system/HTTP/IncomingRequest.php(229): CodeIgniter\HTTP\IncomingRequest->setLocale('id')
#1 /var/www/html/html/system/vendor/codeigniter4/framework/system/HTTP/IncomingRequest.php(186): CodeIgniter\HTTP\IncomingRequest->detectLocale(Object(Config\App))
#2 /var/www/html/html/system/vendor/codeigniter4/framework/system/Config/Services.php(564): CodeIgniter\HTTP\IncomingRequest->__construct(Object(Config\App), Object(CodeIgniter\HTTP\SiteURI), '', Object(CodeIgniter\HTTP\UserAgent))
#3 /var/www/html/html/system/vendor/codeigniter4/framework/system/Config/BaseService.php(258): CodeIgniter\Config\Services::incomingrequest(Object(Config\App), false)
#4 /var/www/html/html/system/vendor/codeigniter4/framework/system/Config/Services.php(524): CodeIgniter\Config\BaseService::__callStatic('incomingrequest', Array)
#5 /var/www/html/html/system/vendor/codeigniter4/framework/system/Config/BaseService.php(258): CodeIgniter\Config\Services::request(NULL, false)
#6 /var/www/html/html/system/vendor/codeigniter4/framework/system/Config/BaseService.php(199): CodeIgniter\Config\BaseService::__callStatic('request', Array)
#7 /var/www/html/html/system/vendor/codeigniter4/framework/system/Config/Services.php(520): CodeIgniter\Config\BaseService::getSharedInstance('request', NULL)
#8 /var/www/html/html/system/vendor/codeigniter4/framework/system/Config/BaseService.php(258): CodeIgniter\Config\Services::request()
#9 /var/www/html/html/system/vendor/codeigniter4/framework/system/Debug/Exceptions.php(137): CodeIgniter\Config\BaseService::__callStatic('request', Array)
#10 [internal function]: CodeIgniter\Debug\Exceptions->exceptionHandler(Object(Error))
#11 {main}
  thrown
【Previous Exception】
Error
Class "Locale" not found
#0 /var/www/html/html/public/index.php(67): CodeIgniter\CodeIgniter->initialize()
#1 {main}
in SYSTEMPATH/HTTP/IncomingRequest.php on line 500.
 1 [internal function]: CodeIgniter\Debug\Exceptions->shutdownHandler()
CRITICAL - 2024-07-10 06:47:52 --> Class "Locale" not found
in SYSTEMPATH/CodeIgniter.php on line 218.
 1 FCPATH/index.php(67): CodeIgniter\CodeIgniter->initialize()
CRITICAL - 2024-07-10 06:47:52 --> Uncaught Error: Class "Locale" not found in /var/www/html/html/system/vendor/codeigniter4/framework/system/HTTP/IncomingRequest.php:500
Stack trace:
#0 /var/www/html/html/system/vendor/codeigniter4/framework/system/HTTP/IncomingRequest.php(229): CodeIgniter\HTTP\IncomingRequest->setLocale('id')
#1 /var/www/html/html/system/vendor/codeigniter4/framework/system/HTTP/IncomingRequest.php(186): CodeIgniter\HTTP\IncomingRequest->detectLocale(Object(Config\App))
#2 /var/www/html/html/system/vendor/codeigniter4/framework/system/Config/Services.php(564): CodeIgniter\HTTP\IncomingRequest->__construct(Object(Config\App), Object(CodeIgniter\HTTP\SiteURI), '', Object(CodeIgniter\HTTP\UserAgent))
#3 /var/www/html/html/system/vendor/codeigniter4/framework/system/Config/BaseService.php(258): CodeIgniter\Config\Services::incomingrequest(Object(Config\App), false)
#4 /var/www/html/html/system/vendor/codeigniter4/framework/system/Config/Services.php(524): CodeIgniter\Config\BaseService::__callStatic('incomingrequest', Array)
#5 /var/www/html/html/system/vendor/codeigniter4/framework/system/Config/BaseService.php(258): CodeIgniter\Config\Services::request(NULL, false)
#6 /var/www/html/html/system/vendor/codeigniter4/framework/system/Config/BaseService.php(199): CodeIgniter\Config\BaseService::__callStatic('request', Array)
#7 /var/www/html/html/system/vendor/codeigniter4/framework/system/Config/Services.php(520): CodeIgniter\Config\BaseService::getSharedInstance('request', NULL)
#8 /var/www/html/html/system/vendor/codeigniter4/framework/system/Config/BaseService.php(258): CodeIgniter\Config\Services::request()
#9 /var/www/html/html/system/vendor/codeigniter4/framework/system/Debug/Exceptions.php(137): CodeIgniter\Config\BaseService::__callStatic('request', Array)
#10 [internal function]: CodeIgniter\Debug\Exceptions->exceptionHandler(Object(Error))
#11 {main}
  thrown
【Previous Exception】
Error
Class "Locale" not found
#0 /var/www/html/html/public/index.php(67): CodeIgniter\CodeIgniter->initialize()
#1 {main}
in SYSTEMPATH/HTTP/IncomingRequest.php on line 500.
 1 [internal function]: CodeIgniter\Debug\Exceptions->shutdownHandler()
ERROR - 2024-07-10 14:24:13 --> Error connecting to the database: mysqli_sql_exception: Connection refused in /var/www/html/html/system/vendor/codeigniter4/framework/system/Database/MySQLi/Connection.php:184
Stack trace:
#0 /var/www/html/html/system/vendor/codeigniter4/framework/system/Database/MySQLi/Connection.php(184): mysqli->real_connect('127.0.0.1', 'root', Object(SensitiveParameterValue), 'pec_permintaanm...', 3306, '', 0)
#1 /var/www/html/html/system/vendor/codeigniter4/framework/system/Database/BaseConnection.php(392): CodeIgniter\Database\MySQLi\Connection->connect(false)
#2 /var/www/html/html/system/vendor/codeigniter4/framework/system/Database/BaseConnection.php(575): CodeIgniter\Database\BaseConnection->initialize()
#3 /var/www/html/html/system/vendor/codeigniter4/framework/system/Database/BaseBuilder.php(1615): CodeIgniter\Database\BaseConnection->query('SELECT *\nFROM `...', Array, false)
#4 /var/www/html/html/system/vendor/codeigniter4/framework/system/Model.php(237): CodeIgniter\Database\BaseBuilder->get()
#5 /var/www/html/html/system/vendor/codeigniter4/framework/system/BaseModel.php(624): CodeIgniter\Model->doFindAll(0, 0)
#6 /var/www/html/html/system/app/Controllers/Auth.php(17): CodeIgniter\BaseModel->findAll()
#7 /var/www/html/html/system/vendor/codeigniter4/framework/system/CodeIgniter.php(942): App\Controllers\Auth->index()
#8 /var/www/html/html/system/vendor/codeigniter4/framework/system/CodeIgniter.php(502): CodeIgniter\CodeIgniter->runController(Object(App\Controllers\Auth))
#9 /var/www/html/html/system/vendor/codeigniter4/framework/system/CodeIgniter.php(361): CodeIgniter\CodeIgniter->handleRequest(NULL, Object(Config\Cache), false)
#10 /var/www/html/html/public/index.php(79): CodeIgniter\CodeIgniter->run()
#11 {main}

Next CodeIgniter\Database\Exceptions\DatabaseException: Connection refused in /var/www/html/html/system/vendor/codeigniter4/framework/system/Database/MySQLi/Connection.php:229
Stack trace:
#0 /var/www/html/html/system/vendor/codeigniter4/framework/system/Database/BaseConnection.php(392): CodeIgniter\Database\MySQLi\Connection->connect(false)
#1 /var/www/html/html/system/vendor/codeigniter4/framework/system/Database/BaseConnection.php(575): CodeIgniter\Database\BaseConnection->initialize()
#2 /var/www/html/html/system/vendor/codeigniter4/framework/system/Database/BaseBuilder.php(1615): CodeIgniter\Database\BaseConnection->query('SELECT *\nFROM `...', Array, false)
#3 /var/www/html/html/system/vendor/codeigniter4/framework/system/Model.php(237): CodeIgniter\Database\BaseBuilder->get()
#4 /var/www/html/html/system/vendor/codeigniter4/framework/system/BaseModel.php(624): CodeIgniter\Model->doFindAll(0, 0)
#5 /var/www/html/html/system/app/Controllers/Auth.php(17): CodeIgniter\BaseModel->findAll()
#6 /var/www/html/html/system/vendor/codeigniter4/framework/system/CodeIgniter.php(942): App\Controllers\Auth->index()
#7 /var/www/html/html/system/vendor/codeigniter4/framework/system/CodeIgniter.php(502): CodeIgniter\CodeIgniter->runController(Object(App\Controllers\Auth))
#8 /var/www/html/html/system/vendor/codeigniter4/framework/system/CodeIgniter.php(361): CodeIgniter\CodeIgniter->handleRequest(NULL, Object(Config\Cache), false)
#9 /var/www/html/html/public/index.php(79): CodeIgniter\CodeIgniter->run()
#10 {main}
CRITICAL - 2024-07-10 14:24:13 --> Unable to connect to the database.
Main connection [MySQLi]: Connection refused
in SYSTEMPATH/Database/BaseConnection.php on line 428.
 1 SYSTEMPATH/Database/BaseConnection.php(575): CodeIgniter\Database\BaseConnection->initialize()
 2 SYSTEMPATH/Database/BaseBuilder.php(1615): CodeIgniter\Database\BaseConnection->query('SELECT *
FROM `user`
ORDER BY `username` ASC', [], false)
 3 SYSTEMPATH/Model.php(237): CodeIgniter\Database\BaseBuilder->get()
 4 SYSTEMPATH/BaseModel.php(624): CodeIgniter\Model->doFindAll(0, 0)
 5 APPPATH/Controllers/Auth.php(17): CodeIgniter\BaseModel->findAll()
 6 SYSTEMPATH/CodeIgniter.php(942): App\Controllers\Auth->index()
 7 SYSTEMPATH/CodeIgniter.php(502): CodeIgniter\CodeIgniter->runController(Object(App\Controllers\Auth))
 8 SYSTEMPATH/CodeIgniter.php(361): CodeIgniter\CodeIgniter->handleRequest(null, Object(Config\Cache), false)
 9 FCPATH/index.php(79): CodeIgniter\CodeIgniter->run()
ERROR - 2024-07-10 14:24:48 --> Error connecting to the database: mysqli_sql_exception: Connection refused in /var/www/html/html/system/vendor/codeigniter4/framework/system/Database/MySQLi/Connection.php:184
Stack trace:
#0 /var/www/html/html/system/vendor/codeigniter4/framework/system/Database/MySQLi/Connection.php(184): mysqli->real_connect('127.0.0.1', 'root', Object(SensitiveParameterValue), 'pec_permintaanm...', 3306, '', 0)
#1 /var/www/html/html/system/vendor/codeigniter4/framework/system/Database/BaseConnection.php(392): CodeIgniter\Database\MySQLi\Connection->connect(false)
#2 /var/www/html/html/system/vendor/codeigniter4/framework/system/Database/BaseConnection.php(575): CodeIgniter\Database\BaseConnection->initialize()
#3 /var/www/html/html/system/vendor/codeigniter4/framework/system/Database/BaseBuilder.php(1615): CodeIgniter\Database\BaseConnection->query('SELECT *\nFROM `...', Array, false)
#4 /var/www/html/html/system/vendor/codeigniter4/framework/system/Model.php(237): CodeIgniter\Database\BaseBuilder->get()
#5 /var/www/html/html/system/vendor/codeigniter4/framework/system/BaseModel.php(624): CodeIgniter\Model->doFindAll(0, 0)
#6 /var/www/html/html/system/app/Controllers/Auth.php(17): CodeIgniter\BaseModel->findAll()
#7 /var/www/html/html/system/vendor/codeigniter4/framework/system/CodeIgniter.php(942): App\Controllers\Auth->index()
#8 /var/www/html/html/system/vendor/codeigniter4/framework/system/CodeIgniter.php(502): CodeIgniter\CodeIgniter->runController(Object(App\Controllers\Auth))
#9 /var/www/html/html/system/vendor/codeigniter4/framework/system/CodeIgniter.php(361): CodeIgniter\CodeIgniter->handleRequest(NULL, Object(Config\Cache), false)
#10 /var/www/html/html/public/index.php(79): CodeIgniter\CodeIgniter->run()
#11 {main}

Next CodeIgniter\Database\Exceptions\DatabaseException: Connection refused in /var/www/html/html/system/vendor/codeigniter4/framework/system/Database/MySQLi/Connection.php:229
Stack trace:
#0 /var/www/html/html/system/vendor/codeigniter4/framework/system/Database/BaseConnection.php(392): CodeIgniter\Database\MySQLi\Connection->connect(false)
#1 /var/www/html/html/system/vendor/codeigniter4/framework/system/Database/BaseConnection.php(575): CodeIgniter\Database\BaseConnection->initialize()
#2 /var/www/html/html/system/vendor/codeigniter4/framework/system/Database/BaseBuilder.php(1615): CodeIgniter\Database\BaseConnection->query('SELECT *\nFROM `...', Array, false)
#3 /var/www/html/html/system/vendor/codeigniter4/framework/system/Model.php(237): CodeIgniter\Database\BaseBuilder->get()
#4 /var/www/html/html/system/vendor/codeigniter4/framework/system/BaseModel.php(624): CodeIgniter\Model->doFindAll(0, 0)
#5 /var/www/html/html/system/app/Controllers/Auth.php(17): CodeIgniter\BaseModel->findAll()
#6 /var/www/html/html/system/vendor/codeigniter4/framework/system/CodeIgniter.php(942): App\Controllers\Auth->index()
#7 /var/www/html/html/system/vendor/codeigniter4/framework/system/CodeIgniter.php(502): CodeIgniter\CodeIgniter->runController(Object(App\Controllers\Auth))
#8 /var/www/html/html/system/vendor/codeigniter4/framework/system/CodeIgniter.php(361): CodeIgniter\CodeIgniter->handleRequest(NULL, Object(Config\Cache), false)
#9 /var/www/html/html/public/index.php(79): CodeIgniter\CodeIgniter->run()
#10 {main}
CRITICAL - 2024-07-10 14:24:48 --> Unable to connect to the database.
Main connection [MySQLi]: Connection refused
in SYSTEMPATH/Database/BaseConnection.php on line 428.
 1 SYSTEMPATH/Database/BaseConnection.php(575): CodeIgniter\Database\BaseConnection->initialize()
 2 SYSTEMPATH/Database/BaseBuilder.php(1615): CodeIgniter\Database\BaseConnection->query('SELECT *
FROM `user`
ORDER BY `username` ASC', [], false)
 3 SYSTEMPATH/Model.php(237): CodeIgniter\Database\BaseBuilder->get()
 4 SYSTEMPATH/BaseModel.php(624): CodeIgniter\Model->doFindAll(0, 0)
 5 APPPATH/Controllers/Auth.php(17): CodeIgniter\BaseModel->findAll()
 6 SYSTEMPATH/CodeIgniter.php(942): App\Controllers\Auth->index()
 7 SYSTEMPATH/CodeIgniter.php(502): CodeIgniter\CodeIgniter->runController(Object(App\Controllers\Auth))
 8 SYSTEMPATH/CodeIgniter.php(361): CodeIgniter\CodeIgniter->handleRequest(null, Object(Config\Cache), false)
 9 FCPATH/index.php(79): CodeIgniter\CodeIgniter->run()
INFO - 2024-07-10 14:25:57 --> Session: Class initialized using 'CodeIgniter\Session\Handlers\FileHandler' driver.
INFO - 2024-07-10 14:27:08 --> Session: Class initialized using 'CodeIgniter\Session\Handlers\FileHandler' driver.
INFO - 2024-07-10 14:27:19 --> Session: Class initialized using 'CodeIgniter\Session\Handlers\FileHandler' driver.
INFO - 2024-07-10 14:27:53 --> Session: Class initialized using 'CodeIgniter\Session\Handlers\FileHandler' driver.
INFO - 2024-07-10 14:30:25 --> Session: Class initialized using 'CodeIgniter\Session\Handlers\FileHandler' driver.
INFO - 2024-07-10 14:30:30 --> Session: Class initialized using 'CodeIgniter\Session\Handlers\FileHandler' driver.
INFO - 2024-07-10 14:31:30 --> Session: Class initialized using 'CodeIgniter\Session\Handlers\FileHandler' driver.
INFO - 2024-07-10 14:31:34 --> Session: Class initialized using 'CodeIgniter\Session\Handlers\FileHandler' driver.
INFO - 2024-07-10 14:31:35 --> Session: Class initialized using 'CodeIgniter\Session\Handlers\FileHandler' driver.
INFO - 2024-07-10 14:31:43 --> Session: Class initialized using 'CodeIgniter\Session\Handlers\FileHandler' driver.
INFO - 2024-07-10 14:31:44 --> Session: Class initialized using 'CodeIgniter\Session\Handlers\FileHandler' driver.
INFO - 2024-07-10 14:31:50 --> Session: Class initialized using 'CodeIgniter\Session\Handlers\FileHandler' driver.
INFO - 2024-07-10 14:31:51 --> Session: Class initialized using 'CodeIgniter\Session\Handlers\FileHandler' driver.
INFO - 2024-07-10 14:31:59 --> Session: Class initialized using 'CodeIgniter\Session\Handlers\FileHandler' driver.
INFO - 2024-07-10 14:31:59 --> Session: Class initialized using 'CodeIgniter\Session\Handlers\FileHandler' driver.
INFO - 2024-07-10 14:32:02 --> Session: Class initialized using 'CodeIgniter\Session\Handlers\FileHandler' driver.
INFO - 2024-07-10 14:32:07 --> Session: Class initialized using 'CodeIgniter\Session\Handlers\FileHandler' driver.
INFO - 2024-07-10 14:32:12 --> Session: Class initialized using 'CodeIgniter\Session\Handlers\FileHandler' driver.
INFO - 2024-07-10 14:32:14 --> Session: Class initialized using 'CodeIgniter\Session\Handlers\FileHandler' driver.
INFO - 2024-07-10 14:32:16 --> Session: Class initialized using 'CodeIgniter\Session\Handlers\FileHandler' driver.
INFO - 2024-07-10 14:32:20 --> Session: Class initialized using 'CodeIgniter\Session\Handlers\FileHandler' driver.
INFO - 2024-07-10 14:32:22 --> Session: Class initialized using 'CodeIgniter\Session\Handlers\FileHandler' driver.
INFO - 2024-07-10 14:32:23 --> Session: Class initialized using 'CodeIgniter\Session\Handlers\FileHandler' driver.
INFO - 2024-07-10 14:32:28 --> Session: Class initialized using 'CodeIgniter\Session\Handlers\FileHandler' driver.
INFO - 2024-07-10 14:32:33 --> Session: Class initialized using 'CodeIgniter\Session\Handlers\FileHandler' driver.
INFO - 2024-07-10 14:32:40 --> Session: Class initialized using 'CodeIgniter\Session\Handlers\FileHandler' driver.
INFO - 2024-07-10 14:32:48 --> Session: Class initialized using 'CodeIgniter\Session\Handlers\FileHandler' driver.
INFO - 2024-07-10 14:32:52 --> Session: Class initialized using 'CodeIgniter\Session\Handlers\FileHandler' driver.
INFO - 2024-07-10 14:33:30 --> Session: Class initialized using 'CodeIgniter\Session\Handlers\FileHandler' driver.
INFO - 2024-07-10 14:33:31 --> Session: Class initialized using 'CodeIgniter\Session\Handlers\FileHandler' driver.
INFO - 2024-07-10 14:37:34 --> Session: Class initialized using 'CodeIgniter\Session\Handlers\FileHandler' driver.
INFO - 2024-07-10 14:37:45 --> Session: Class initialized using 'CodeIgniter\Session\Handlers\FileHandler' driver.
INFO - 2024-07-10 14:37:46 --> Session: Class initialized using 'CodeIgniter\Session\Handlers\FileHandler' driver.
INFO - 2024-07-10 14:37:52 --> Session: Class initialized using 'CodeIgniter\Session\Handlers\FileHandler' driver.
INFO - 2024-07-10 14:37:53 --> Session: Class initialized using 'CodeIgniter\Session\Handlers\FileHandler' driver.
INFO - 2024-07-10 14:37:56 --> Session: Class initialized using 'CodeIgniter\Session\Handlers\FileHandler' driver.
INFO - 2024-07-10 14:37:59 --> Session: Class initialized using 'CodeIgniter\Session\Handlers\FileHandler' driver.
INFO - 2024-07-10 14:38:55 --> Session: Class initialized using 'CodeIgniter\Session\Handlers\FileHandler' driver.
INFO - 2024-07-10 14:38:56 --> Session: Class initialized using 'CodeIgniter\Session\Handlers\FileHandler' driver.
INFO - 2024-07-10 14:39:00 --> Session: Class initialized using 'CodeIgniter\Session\Handlers\FileHandler' driver.
INFO - 2024-07-10 14:39:09 --> Session: Class initialized using 'CodeIgniter\Session\Handlers\FileHandler' driver.
INFO - 2024-07-10 14:39:10 --> Session: Class initialized using 'CodeIgniter\Session\Handlers\FileHandler' driver.
INFO - 2024-07-10 14:39:39 --> Session: Class initialized using 'CodeIgniter\Session\Handlers\FileHandler' driver.
INFO - 2024-07-10 14:39:39 --> Session: Class initialized using 'CodeIgniter\Session\Handlers\FileHandler' driver.
INFO - 2024-07-10 14:48:20 --> Session: Class initialized using 'CodeIgniter\Session\Handlers\FileHandler' driver.
ERROR - 2024-07-10 15:08:09 --> Error connecting to the database: ErrorException: mysqli::real_connect(): php_network_getaddresses: getaddrinfo for mysql failed: Name or service not known in /var/www/html/system/vendor/codeigniter4/framework/system/Database/MySQLi/Connection.php:184
Stack trace:
#0 [internal function]: CodeIgniter\Debug\Exceptions->errorHandler(2, 'mysqli::real_co...', '/var/www/html/s...', 184)
#1 /var/www/html/system/vendor/codeigniter4/framework/system/Database/MySQLi/Connection.php(184): mysqli->real_connect('mysql:3306', 'root', Object(SensitiveParameterValue), 'pec_permintaanm...', 3306, '', 0)
#2 /var/www/html/system/vendor/codeigniter4/framework/system/Database/BaseConnection.php(392): CodeIgniter\Database\MySQLi\Connection->connect(false)
#3 /var/www/html/system/vendor/codeigniter4/framework/system/Database/BaseConnection.php(575): CodeIgniter\Database\BaseConnection->initialize()
#4 /var/www/html/system/vendor/codeigniter4/framework/system/Database/BaseBuilder.php(1615): CodeIgniter\Database\BaseConnection->query('SELECT *\nFROM `...', Array, false)
#5 /var/www/html/system/vendor/codeigniter4/framework/system/Model.php(237): CodeIgniter\Database\BaseBuilder->get()
#6 /var/www/html/system/vendor/codeigniter4/framework/system/BaseModel.php(624): CodeIgniter\Model->doFindAll(0, 0)
#7 /var/www/html/system/app/Controllers/Auth.php(17): CodeIgniter\BaseModel->findAll()
#8 /var/www/html/system/vendor/codeigniter4/framework/system/CodeIgniter.php(942): App\Controllers\Auth->index()
#9 /var/www/html/system/vendor/codeigniter4/framework/system/CodeIgniter.php(502): CodeIgniter\CodeIgniter->runController(Object(App\Controllers\Auth))
#10 /var/www/html/system/vendor/codeigniter4/framework/system/CodeIgniter.php(361): CodeIgniter\CodeIgniter->handleRequest(NULL, Object(Config\Cache), false)
#11 /var/www/html/html/index.php(79): CodeIgniter\CodeIgniter->run()
#12 {main}

Next mysqli_sql_exception: php_network_getaddresses: getaddrinfo for mysql failed: Name or service not known in /var/www/html/system/vendor/codeigniter4/framework/system/Database/MySQLi/Connection.php:184
Stack trace:
#0 /var/www/html/system/vendor/codeigniter4/framework/system/Database/MySQLi/Connection.php(184): mysqli->real_connect('mysql:3306', 'root', Object(SensitiveParameterValue), 'pec_permintaanm...', 3306, '', 0)
#1 /var/www/html/system/vendor/codeigniter4/framework/system/Database/BaseConnection.php(392): CodeIgniter\Database\MySQLi\Connection->connect(false)
#2 /var/www/html/system/vendor/codeigniter4/framework/system/Database/BaseConnection.php(575): CodeIgniter\Database\BaseConnection->initialize()
#3 /var/www/html/system/vendor/codeigniter4/framework/system/Database/BaseBuilder.php(1615): CodeIgniter\Database\BaseConnection->query('SELECT *\nFROM `...', Array, false)
#4 /var/www/html/system/vendor/codeigniter4/framework/system/Model.php(237): CodeIgniter\Database\BaseBuilder->get()
#5 /var/www/html/system/vendor/codeigniter4/framework/system/BaseModel.php(624): CodeIgniter\Model->doFindAll(0, 0)
#6 /var/www/html/system/app/Controllers/Auth.php(17): CodeIgniter\BaseModel->findAll()
#7 /var/www/html/system/vendor/codeigniter4/framework/system/CodeIgniter.php(942): App\Controllers\Auth->index()
#8 /var/www/html/system/vendor/codeigniter4/framework/system/CodeIgniter.php(502): CodeIgniter\CodeIgniter->runController(Object(App\Controllers\Auth))
#9 /var/www/html/system/vendor/codeigniter4/framework/system/CodeIgniter.php(361): CodeIgniter\CodeIgniter->handleRequest(NULL, Object(Config\Cache), false)
#10 /var/www/html/html/index.php(79): CodeIgniter\CodeIgniter->run()
#11 {main}

Next CodeIgniter\Database\Exceptions\DatabaseException: php_network_getaddresses: getaddrinfo for mysql failed: Name or service not known in /var/www/html/system/vendor/codeigniter4/framework/system/Database/MySQLi/Connection.php:229
Stack trace:
#0 /var/www/html/system/vendor/codeigniter4/framework/system/Database/BaseConnection.php(392): CodeIgniter\Database\MySQLi\Connection->connect(false)
#1 /var/www/html/system/vendor/codeigniter4/framework/system/Database/BaseConnection.php(575): CodeIgniter\Database\BaseConnection->initialize()
#2 /var/www/html/system/vendor/codeigniter4/framework/system/Database/BaseBuilder.php(1615): CodeIgniter\Database\BaseConnection->query('SELECT *\nFROM `...', Array, false)
#3 /var/www/html/system/vendor/codeigniter4/framework/system/Model.php(237): CodeIgniter\Database\BaseBuilder->get()
#4 /var/www/html/system/vendor/codeigniter4/framework/system/BaseModel.php(624): CodeIgniter\Model->doFindAll(0, 0)
#5 /var/www/html/system/app/Controllers/Auth.php(17): CodeIgniter\BaseModel->findAll()
#6 /var/www/html/system/vendor/codeigniter4/framework/system/CodeIgniter.php(942): App\Controllers\Auth->index()
#7 /var/www/html/system/vendor/codeigniter4/framework/system/CodeIgniter.php(502): CodeIgniter\CodeIgniter->runController(Object(App\Controllers\Auth))
#8 /var/www/html/system/vendor/codeigniter4/framework/system/CodeIgniter.php(361): CodeIgniter\CodeIgniter->handleRequest(NULL, Object(Config\Cache), false)
#9 /var/www/html/html/index.php(79): CodeIgniter\CodeIgniter->run()
#10 {main}
CRITICAL - 2024-07-10 15:08:09 --> Unable to connect to the database.
Main connection [MySQLi]: php_network_getaddresses: getaddrinfo for mysql failed: Name or service not known
in SYSTEMPATH/Database/BaseConnection.php on line 428.
 1 SYSTEMPATH/Database/BaseConnection.php(575): CodeIgniter\Database\BaseConnection->initialize()
 2 SYSTEMPATH/Database/BaseBuilder.php(1615): CodeIgniter\Database\BaseConnection->query('SELECT *
FROM `user`
ORDER BY `username` ASC', [], false)
 3 SYSTEMPATH/Model.php(237): CodeIgniter\Database\BaseBuilder->get()
 4 SYSTEMPATH/BaseModel.php(624): CodeIgniter\Model->doFindAll(0, 0)
 5 APPPATH/Controllers/Auth.php(17): CodeIgniter\BaseModel->findAll()
 6 SYSTEMPATH/CodeIgniter.php(942): App\Controllers\Auth->index()
 7 SYSTEMPATH/CodeIgniter.php(502): CodeIgniter\CodeIgniter->runController(Object(App\Controllers\Auth))
 8 SYSTEMPATH/CodeIgniter.php(361): CodeIgniter\CodeIgniter->handleRequest(null, Object(Config\Cache), false)
 9 FCPATH/index.php(79): CodeIgniter\CodeIgniter->run()
