INFO - 2023-12-11 10:46:27 --> Session: Class initialized using 'CodeIgniter\Session\Handlers\FileHandler' driver.
INFO - 2023-12-11 10:46:38 --> Session: Class initialized using 'CodeIgniter\Session\Handlers\FileHandler' driver.
INFO - 2023-12-11 10:46:38 --> Session: Class initialized using 'CodeIgniter\Session\Handlers\FileHandler' driver.
INFO - 2023-12-11 10:47:11 --> Session: Class initialized using 'CodeIgniter\Session\Handlers\FileHandler' driver.
INFO - 2023-12-11 10:47:14 --> Session: Class initialized using 'CodeIgniter\Session\Handlers\FileHandler' driver.
INFO - 2023-12-11 10:47:16 --> Session: Class initialized using 'CodeIgniter\Session\Handlers\FileHandler' driver.
WARNING - 2023-12-11 10:47:16 --> [DEPRECATED] Function strftime() is deprecated in APPPATH\Controllers\AlumniAdmin.php on line 183.
 1 SYSTEMPATH\CodeIgniter.php(942): App\Controllers\AlumniAdmin->ajax()
 2 SYSTEMPATH\CodeIgniter.php(502): CodeIgniter\CodeIgniter->runController(Object(App\Controllers\AlumniAdmin))
 3 SYSTEMPATH\CodeIgniter.php(361): CodeIgniter\CodeIgniter->handleRequest(null, Object(Config\Cache), false)
 4 FCPATH\index.php(79): CodeIgniter\CodeIgniter->run()
WARNING - 2023-12-11 10:47:16 --> [DEPRECATED] Function strftime() is deprecated in APPPATH\Controllers\AlumniAdmin.php on line 215.
 1 SYSTEMPATH\CodeIgniter.php(942): App\Controllers\AlumniAdmin->ajax()
 2 SYSTEMPATH\CodeIgniter.php(502): CodeIgniter\CodeIgniter->runController(Object(App\Controllers\AlumniAdmin))
 3 SYSTEMPATH\CodeIgniter.php(361): CodeIgniter\CodeIgniter->handleRequest(null, Object(Config\Cache), false)
 4 FCPATH\index.php(79): CodeIgniter\CodeIgniter->run()
WARNING - 2023-12-11 10:47:16 --> [DEPRECATED] Function strftime() is deprecated in APPPATH\Controllers\AlumniAdmin.php on line 183.
 1 SYSTEMPATH\CodeIgniter.php(942): App\Controllers\AlumniAdmin->ajax()
 2 SYSTEMPATH\CodeIgniter.php(502): CodeIgniter\CodeIgniter->runController(Object(App\Controllers\AlumniAdmin))
 3 SYSTEMPATH\CodeIgniter.php(361): CodeIgniter\CodeIgniter->handleRequest(null, Object(Config\Cache), false)
 4 FCPATH\index.php(79): CodeIgniter\CodeIgniter->run()
WARNING - 2023-12-11 10:47:16 --> [DEPRECATED] Function strftime() is deprecated in APPPATH\Controllers\AlumniAdmin.php on line 215.
 1 SYSTEMPATH\CodeIgniter.php(942): App\Controllers\AlumniAdmin->ajax()
 2 SYSTEMPATH\CodeIgniter.php(502): CodeIgniter\CodeIgniter->runController(Object(App\Controllers\AlumniAdmin))
 3 SYSTEMPATH\CodeIgniter.php(361): CodeIgniter\CodeIgniter->handleRequest(null, Object(Config\Cache), false)
 4 FCPATH\index.php(79): CodeIgniter\CodeIgniter->run()
WARNING - 2023-12-11 10:47:16 --> [DEPRECATED] Function strftime() is deprecated in APPPATH\Controllers\AlumniAdmin.php on line 183.
 1 SYSTEMPATH\CodeIgniter.php(942): App\Controllers\AlumniAdmin->ajax()
 2 SYSTEMPATH\CodeIgniter.php(502): CodeIgniter\CodeIgniter->runController(Object(App\Controllers\AlumniAdmin))
 3 SYSTEMPATH\CodeIgniter.php(361): CodeIgniter\CodeIgniter->handleRequest(null, Object(Config\Cache), false)
 4 FCPATH\index.php(79): CodeIgniter\CodeIgniter->run()
WARNING - 2023-12-11 10:47:16 --> [DEPRECATED] Function strftime() is deprecated in APPPATH\Controllers\AlumniAdmin.php on line 183.
 1 SYSTEMPATH\CodeIgniter.php(942): App\Controllers\AlumniAdmin->ajax()
 2 SYSTEMPATH\CodeIgniter.php(502): CodeIgniter\CodeIgniter->runController(Object(App\Controllers\AlumniAdmin))
 3 SYSTEMPATH\CodeIgniter.php(361): CodeIgniter\CodeIgniter->handleRequest(null, Object(Config\Cache), false)
 4 FCPATH\index.php(79): CodeIgniter\CodeIgniter->run()
WARNING - 2023-12-11 10:47:16 --> [DEPRECATED] Function strftime() is deprecated in APPPATH\Controllers\AlumniAdmin.php on line 215.
 1 SYSTEMPATH\CodeIgniter.php(942): App\Controllers\AlumniAdmin->ajax()
 2 SYSTEMPATH\CodeIgniter.php(502): CodeIgniter\CodeIgniter->runController(Object(App\Controllers\AlumniAdmin))
 3 SYSTEMPATH\CodeIgniter.php(361): CodeIgniter\CodeIgniter->handleRequest(null, Object(Config\Cache), false)
 4 FCPATH\index.php(79): CodeIgniter\CodeIgniter->run()
WARNING - 2023-12-11 10:47:16 --> [DEPRECATED] Function strftime() is deprecated in APPPATH\Controllers\AlumniAdmin.php on line 183.
 1 SYSTEMPATH\CodeIgniter.php(942): App\Controllers\AlumniAdmin->ajax()
 2 SYSTEMPATH\CodeIgniter.php(502): CodeIgniter\CodeIgniter->runController(Object(App\Controllers\AlumniAdmin))
 3 SYSTEMPATH\CodeIgniter.php(361): CodeIgniter\CodeIgniter->handleRequest(null, Object(Config\Cache), false)
 4 FCPATH\index.php(79): CodeIgniter\CodeIgniter->run()
WARNING - 2023-12-11 10:47:16 --> [DEPRECATED] Function strftime() is deprecated in APPPATH\Controllers\AlumniAdmin.php on line 215.
 1 SYSTEMPATH\CodeIgniter.php(942): App\Controllers\AlumniAdmin->ajax()
 2 SYSTEMPATH\CodeIgniter.php(502): CodeIgniter\CodeIgniter->runController(Object(App\Controllers\AlumniAdmin))
 3 SYSTEMPATH\CodeIgniter.php(361): CodeIgniter\CodeIgniter->handleRequest(null, Object(Config\Cache), false)
 4 FCPATH\index.php(79): CodeIgniter\CodeIgniter->run()
WARNING - 2023-12-11 10:47:16 --> [DEPRECATED] Function strftime() is deprecated in APPPATH\Controllers\AlumniAdmin.php on line 183.
 1 SYSTEMPATH\CodeIgniter.php(942): App\Controllers\AlumniAdmin->ajax()
 2 SYSTEMPATH\CodeIgniter.php(502): CodeIgniter\CodeIgniter->runController(Object(App\Controllers\AlumniAdmin))
 3 SYSTEMPATH\CodeIgniter.php(361): CodeIgniter\CodeIgniter->handleRequest(null, Object(Config\Cache), false)
 4 FCPATH\index.php(79): CodeIgniter\CodeIgniter->run()
WARNING - 2023-12-11 10:47:16 --> [DEPRECATED] Function strftime() is deprecated in APPPATH\Controllers\AlumniAdmin.php on line 215.
 1 SYSTEMPATH\CodeIgniter.php(942): App\Controllers\AlumniAdmin->ajax()
 2 SYSTEMPATH\CodeIgniter.php(502): CodeIgniter\CodeIgniter->runController(Object(App\Controllers\AlumniAdmin))
 3 SYSTEMPATH\CodeIgniter.php(361): CodeIgniter\CodeIgniter->handleRequest(null, Object(Config\Cache), false)
 4 FCPATH\index.php(79): CodeIgniter\CodeIgniter->run()
WARNING - 2023-12-11 10:47:16 --> [DEPRECATED] Function strftime() is deprecated in APPPATH\Controllers\AlumniAdmin.php on line 183.
 1 SYSTEMPATH\CodeIgniter.php(942): App\Controllers\AlumniAdmin->ajax()
 2 SYSTEMPATH\CodeIgniter.php(502): CodeIgniter\CodeIgniter->runController(Object(App\Controllers\AlumniAdmin))
 3 SYSTEMPATH\CodeIgniter.php(361): CodeIgniter\CodeIgniter->handleRequest(null, Object(Config\Cache), false)
 4 FCPATH\index.php(79): CodeIgniter\CodeIgniter->run()
WARNING - 2023-12-11 10:47:16 --> [DEPRECATED] Function strftime() is deprecated in APPPATH\Controllers\AlumniAdmin.php on line 215.
 1 SYSTEMPATH\CodeIgniter.php(942): App\Controllers\AlumniAdmin->ajax()
 2 SYSTEMPATH\CodeIgniter.php(502): CodeIgniter\CodeIgniter->runController(Object(App\Controllers\AlumniAdmin))
 3 SYSTEMPATH\CodeIgniter.php(361): CodeIgniter\CodeIgniter->handleRequest(null, Object(Config\Cache), false)
 4 FCPATH\index.php(79): CodeIgniter\CodeIgniter->run()
INFO - 2023-12-11 10:47:20 --> Session: Class initialized using 'CodeIgniter\Session\Handlers\FileHandler' driver.
WARNING - 2023-12-11 10:47:20 --> [DEPRECATED] Function strftime() is deprecated in APPPATH\Views\dashboard-admin\alumni\details.php on line 61.
 1 SYSTEMPATH\View\View.php(228): include('C:\\Users\\wanad\\xampp8\\htdocs\\traceralumnisi-ci4\\admin-ci4\\app\\Views\\dashboard-admin\\alumni\\details.php')
 2 SYSTEMPATH\View\View.php(231): CodeIgniter\View\View->CodeIgniter\View\{closure}()
 3 SYSTEMPATH\Common.php(1190): CodeIgniter\View\View->render('dashboard-admin/alumni/details', [], true)
 4 APPPATH\Controllers\AlumniAdmin.php(248): view('dashboard-admin/alumni/details', [...])
 5 SYSTEMPATH\CodeIgniter.php(942): App\Controllers\AlumniAdmin->details('1')
 6 SYSTEMPATH\CodeIgniter.php(502): CodeIgniter\CodeIgniter->runController(Object(App\Controllers\AlumniAdmin))
 7 SYSTEMPATH\CodeIgniter.php(361): CodeIgniter\CodeIgniter->handleRequest(null, Object(Config\Cache), false)
 8 FCPATH\index.php(79): CodeIgniter\CodeIgniter->run()
WARNING - 2023-12-11 10:47:20 --> [DEPRECATED] Function strftime() is deprecated in APPPATH\Views\dashboard-admin\alumni\details.php on line 139.
 1 SYSTEMPATH\View\View.php(228): include('C:\\Users\\wanad\\xampp8\\htdocs\\traceralumnisi-ci4\\admin-ci4\\app\\Views\\dashboard-admin\\alumni\\details.php')
 2 SYSTEMPATH\View\View.php(231): CodeIgniter\View\View->CodeIgniter\View\{closure}()
 3 SYSTEMPATH\Common.php(1190): CodeIgniter\View\View->render('dashboard-admin/alumni/details', [], true)
 4 APPPATH\Controllers\AlumniAdmin.php(248): view('dashboard-admin/alumni/details', [...])
 5 SYSTEMPATH\CodeIgniter.php(942): App\Controllers\AlumniAdmin->details('1')
 6 SYSTEMPATH\CodeIgniter.php(502): CodeIgniter\CodeIgniter->runController(Object(App\Controllers\AlumniAdmin))
 7 SYSTEMPATH\CodeIgniter.php(361): CodeIgniter\CodeIgniter->handleRequest(null, Object(Config\Cache), false)
 8 FCPATH\index.php(79): CodeIgniter\CodeIgniter->run()
INFO - 2023-12-11 10:47:26 --> Session: Class initialized using 'CodeIgniter\Session\Handlers\FileHandler' driver.
INFO - 2023-12-11 10:47:28 --> Session: Class initialized using 'CodeIgniter\Session\Handlers\FileHandler' driver.
WARNING - 2023-12-11 10:47:28 --> [DEPRECATED] Function strftime() is deprecated in APPPATH\Controllers\AlumniAdmin.php on line 183.
 1 SYSTEMPATH\CodeIgniter.php(942): App\Controllers\AlumniAdmin->ajax()
 2 SYSTEMPATH\CodeIgniter.php(502): CodeIgniter\CodeIgniter->runController(Object(App\Controllers\AlumniAdmin))
 3 SYSTEMPATH\CodeIgniter.php(361): CodeIgniter\CodeIgniter->handleRequest(null, Object(Config\Cache), false)
 4 FCPATH\index.php(79): CodeIgniter\CodeIgniter->run()
WARNING - 2023-12-11 10:47:28 --> [DEPRECATED] Function strftime() is deprecated in APPPATH\Controllers\AlumniAdmin.php on line 215.
 1 SYSTEMPATH\CodeIgniter.php(942): App\Controllers\AlumniAdmin->ajax()
 2 SYSTEMPATH\CodeIgniter.php(502): CodeIgniter\CodeIgniter->runController(Object(App\Controllers\AlumniAdmin))
 3 SYSTEMPATH\CodeIgniter.php(361): CodeIgniter\CodeIgniter->handleRequest(null, Object(Config\Cache), false)
 4 FCPATH\index.php(79): CodeIgniter\CodeIgniter->run()
WARNING - 2023-12-11 10:47:28 --> [DEPRECATED] Function strftime() is deprecated in APPPATH\Controllers\AlumniAdmin.php on line 183.
 1 SYSTEMPATH\CodeIgniter.php(942): App\Controllers\AlumniAdmin->ajax()
 2 SYSTEMPATH\CodeIgniter.php(502): CodeIgniter\CodeIgniter->runController(Object(App\Controllers\AlumniAdmin))
 3 SYSTEMPATH\CodeIgniter.php(361): CodeIgniter\CodeIgniter->handleRequest(null, Object(Config\Cache), false)
 4 FCPATH\index.php(79): CodeIgniter\CodeIgniter->run()
WARNING - 2023-12-11 10:47:28 --> [DEPRECATED] Function strftime() is deprecated in APPPATH\Controllers\AlumniAdmin.php on line 215.
 1 SYSTEMPATH\CodeIgniter.php(942): App\Controllers\AlumniAdmin->ajax()
 2 SYSTEMPATH\CodeIgniter.php(502): CodeIgniter\CodeIgniter->runController(Object(App\Controllers\AlumniAdmin))
 3 SYSTEMPATH\CodeIgniter.php(361): CodeIgniter\CodeIgniter->handleRequest(null, Object(Config\Cache), false)
 4 FCPATH\index.php(79): CodeIgniter\CodeIgniter->run()
WARNING - 2023-12-11 10:47:28 --> [DEPRECATED] Function strftime() is deprecated in APPPATH\Controllers\AlumniAdmin.php on line 183.
 1 SYSTEMPATH\CodeIgniter.php(942): App\Controllers\AlumniAdmin->ajax()
 2 SYSTEMPATH\CodeIgniter.php(502): CodeIgniter\CodeIgniter->runController(Object(App\Controllers\AlumniAdmin))
 3 SYSTEMPATH\CodeIgniter.php(361): CodeIgniter\CodeIgniter->handleRequest(null, Object(Config\Cache), false)
 4 FCPATH\index.php(79): CodeIgniter\CodeIgniter->run()
WARNING - 2023-12-11 10:47:28 --> [DEPRECATED] Function strftime() is deprecated in APPPATH\Controllers\AlumniAdmin.php on line 183.
 1 SYSTEMPATH\CodeIgniter.php(942): App\Controllers\AlumniAdmin->ajax()
 2 SYSTEMPATH\CodeIgniter.php(502): CodeIgniter\CodeIgniter->runController(Object(App\Controllers\AlumniAdmin))
 3 SYSTEMPATH\CodeIgniter.php(361): CodeIgniter\CodeIgniter->handleRequest(null, Object(Config\Cache), false)
 4 FCPATH\index.php(79): CodeIgniter\CodeIgniter->run()
WARNING - 2023-12-11 10:47:28 --> [DEPRECATED] Function strftime() is deprecated in APPPATH\Controllers\AlumniAdmin.php on line 215.
 1 SYSTEMPATH\CodeIgniter.php(942): App\Controllers\AlumniAdmin->ajax()
 2 SYSTEMPATH\CodeIgniter.php(502): CodeIgniter\CodeIgniter->runController(Object(App\Controllers\AlumniAdmin))
 3 SYSTEMPATH\CodeIgniter.php(361): CodeIgniter\CodeIgniter->handleRequest(null, Object(Config\Cache), false)
 4 FCPATH\index.php(79): CodeIgniter\CodeIgniter->run()
WARNING - 2023-12-11 10:47:28 --> [DEPRECATED] Function strftime() is deprecated in APPPATH\Controllers\AlumniAdmin.php on line 183.
 1 SYSTEMPATH\CodeIgniter.php(942): App\Controllers\AlumniAdmin->ajax()
 2 SYSTEMPATH\CodeIgniter.php(502): CodeIgniter\CodeIgniter->runController(Object(App\Controllers\AlumniAdmin))
 3 SYSTEMPATH\CodeIgniter.php(361): CodeIgniter\CodeIgniter->handleRequest(null, Object(Config\Cache), false)
 4 FCPATH\index.php(79): CodeIgniter\CodeIgniter->run()
WARNING - 2023-12-11 10:47:28 --> [DEPRECATED] Function strftime() is deprecated in APPPATH\Controllers\AlumniAdmin.php on line 215.
 1 SYSTEMPATH\CodeIgniter.php(942): App\Controllers\AlumniAdmin->ajax()
 2 SYSTEMPATH\CodeIgniter.php(502): CodeIgniter\CodeIgniter->runController(Object(App\Controllers\AlumniAdmin))
 3 SYSTEMPATH\CodeIgniter.php(361): CodeIgniter\CodeIgniter->handleRequest(null, Object(Config\Cache), false)
 4 FCPATH\index.php(79): CodeIgniter\CodeIgniter->run()
WARNING - 2023-12-11 10:47:28 --> [DEPRECATED] Function strftime() is deprecated in APPPATH\Controllers\AlumniAdmin.php on line 183.
 1 SYSTEMPATH\CodeIgniter.php(942): App\Controllers\AlumniAdmin->ajax()
 2 SYSTEMPATH\CodeIgniter.php(502): CodeIgniter\CodeIgniter->runController(Object(App\Controllers\AlumniAdmin))
 3 SYSTEMPATH\CodeIgniter.php(361): CodeIgniter\CodeIgniter->handleRequest(null, Object(Config\Cache), false)
 4 FCPATH\index.php(79): CodeIgniter\CodeIgniter->run()
WARNING - 2023-12-11 10:47:28 --> [DEPRECATED] Function strftime() is deprecated in APPPATH\Controllers\AlumniAdmin.php on line 215.
 1 SYSTEMPATH\CodeIgniter.php(942): App\Controllers\AlumniAdmin->ajax()
 2 SYSTEMPATH\CodeIgniter.php(502): CodeIgniter\CodeIgniter->runController(Object(App\Controllers\AlumniAdmin))
 3 SYSTEMPATH\CodeIgniter.php(361): CodeIgniter\CodeIgniter->handleRequest(null, Object(Config\Cache), false)
 4 FCPATH\index.php(79): CodeIgniter\CodeIgniter->run()
WARNING - 2023-12-11 10:47:28 --> [DEPRECATED] Function strftime() is deprecated in APPPATH\Controllers\AlumniAdmin.php on line 183.
 1 SYSTEMPATH\CodeIgniter.php(942): App\Controllers\AlumniAdmin->ajax()
 2 SYSTEMPATH\CodeIgniter.php(502): CodeIgniter\CodeIgniter->runController(Object(App\Controllers\AlumniAdmin))
 3 SYSTEMPATH\CodeIgniter.php(361): CodeIgniter\CodeIgniter->handleRequest(null, Object(Config\Cache), false)
 4 FCPATH\index.php(79): CodeIgniter\CodeIgniter->run()
WARNING - 2023-12-11 10:47:28 --> [DEPRECATED] Function strftime() is deprecated in APPPATH\Controllers\AlumniAdmin.php on line 215.
 1 SYSTEMPATH\CodeIgniter.php(942): App\Controllers\AlumniAdmin->ajax()
 2 SYSTEMPATH\CodeIgniter.php(502): CodeIgniter\CodeIgniter->runController(Object(App\Controllers\AlumniAdmin))
 3 SYSTEMPATH\CodeIgniter.php(361): CodeIgniter\CodeIgniter->handleRequest(null, Object(Config\Cache), false)
 4 FCPATH\index.php(79): CodeIgniter\CodeIgniter->run()
INFO - 2023-12-11 10:47:30 --> Session: Class initialized using 'CodeIgniter\Session\Handlers\FileHandler' driver.
INFO - 2023-12-11 10:47:32 --> Session: Class initialized using 'CodeIgniter\Session\Handlers\FileHandler' driver.
WARNING - 2023-12-11 10:47:32 --> [DEPRECATED] Function strftime() is deprecated in APPPATH\Controllers\KuesionerAdmin.php on line 79.
 1 SYSTEMPATH\CodeIgniter.php(942): App\Controllers\KuesionerAdmin->ajax()
 2 SYSTEMPATH\CodeIgniter.php(502): CodeIgniter\CodeIgniter->runController(Object(App\Controllers\KuesionerAdmin))
 3 SYSTEMPATH\CodeIgniter.php(361): CodeIgniter\CodeIgniter->handleRequest(null, Object(Config\Cache), false)
 4 FCPATH\index.php(79): CodeIgniter\CodeIgniter->run()
WARNING - 2023-12-11 10:47:32 --> [DEPRECATED] Function strftime() is deprecated in APPPATH\Controllers\KuesionerAdmin.php on line 80.
 1 SYSTEMPATH\CodeIgniter.php(942): App\Controllers\KuesionerAdmin->ajax()
 2 SYSTEMPATH\CodeIgniter.php(502): CodeIgniter\CodeIgniter->runController(Object(App\Controllers\KuesionerAdmin))
 3 SYSTEMPATH\CodeIgniter.php(361): CodeIgniter\CodeIgniter->handleRequest(null, Object(Config\Cache), false)
 4 FCPATH\index.php(79): CodeIgniter\CodeIgniter->run()
WARNING - 2023-12-11 10:47:32 --> [DEPRECATED] Function strftime() is deprecated in APPPATH\Controllers\KuesionerAdmin.php on line 79.
 1 SYSTEMPATH\CodeIgniter.php(942): App\Controllers\KuesionerAdmin->ajax()
 2 SYSTEMPATH\CodeIgniter.php(502): CodeIgniter\CodeIgniter->runController(Object(App\Controllers\KuesionerAdmin))
 3 SYSTEMPATH\CodeIgniter.php(361): CodeIgniter\CodeIgniter->handleRequest(null, Object(Config\Cache), false)
 4 FCPATH\index.php(79): CodeIgniter\CodeIgniter->run()
WARNING - 2023-12-11 10:47:32 --> [DEPRECATED] Function strftime() is deprecated in APPPATH\Controllers\KuesionerAdmin.php on line 80.
 1 SYSTEMPATH\CodeIgniter.php(942): App\Controllers\KuesionerAdmin->ajax()
 2 SYSTEMPATH\CodeIgniter.php(502): CodeIgniter\CodeIgniter->runController(Object(App\Controllers\KuesionerAdmin))
 3 SYSTEMPATH\CodeIgniter.php(361): CodeIgniter\CodeIgniter->handleRequest(null, Object(Config\Cache), false)
 4 FCPATH\index.php(79): CodeIgniter\CodeIgniter->run()
INFO - 2023-12-11 10:47:37 --> Session: Class initialized using 'CodeIgniter\Session\Handlers\FileHandler' driver.
INFO - 2023-12-11 10:47:37 --> Session: Class initialized using 'CodeIgniter\Session\Handlers\FileHandler' driver.
INFO - 2023-12-11 10:48:34 --> Session: Class initialized using 'CodeIgniter\Session\Handlers\FileHandler' driver.
INFO - 2023-12-11 10:48:41 --> Session: Class initialized using 'CodeIgniter\Session\Handlers\FileHandler' driver.
INFO - 2023-12-11 10:48:41 --> Session: Class initialized using 'CodeIgniter\Session\Handlers\FileHandler' driver.
INFO - 2023-12-11 10:48:44 --> Session: Class initialized using 'CodeIgniter\Session\Handlers\FileHandler' driver.
INFO - 2023-12-11 10:49:11 --> Session: Class initialized using 'CodeIgniter\Session\Handlers\FileHandler' driver.
INFO - 2023-12-11 10:49:15 --> Session: Class initialized using 'CodeIgniter\Session\Handlers\FileHandler' driver.
INFO - 2023-12-11 10:49:17 --> Session: Class initialized using 'CodeIgniter\Session\Handlers\FileHandler' driver.
WARNING - 2023-12-11 10:49:17 --> [DEPRECATED] Function strftime() is deprecated in APPPATH\Controllers\KuesionerAdmin.php on line 79.
 1 SYSTEMPATH\CodeIgniter.php(942): App\Controllers\KuesionerAdmin->ajax()
 2 SYSTEMPATH\CodeIgniter.php(502): CodeIgniter\CodeIgniter->runController(Object(App\Controllers\KuesionerAdmin))
 3 SYSTEMPATH\CodeIgniter.php(361): CodeIgniter\CodeIgniter->handleRequest(null, Object(Config\Cache), false)
 4 FCPATH\index.php(79): CodeIgniter\CodeIgniter->run()
WARNING - 2023-12-11 10:49:17 --> [DEPRECATED] Function strftime() is deprecated in APPPATH\Controllers\KuesionerAdmin.php on line 80.
 1 SYSTEMPATH\CodeIgniter.php(942): App\Controllers\KuesionerAdmin->ajax()
 2 SYSTEMPATH\CodeIgniter.php(502): CodeIgniter\CodeIgniter->runController(Object(App\Controllers\KuesionerAdmin))
 3 SYSTEMPATH\CodeIgniter.php(361): CodeIgniter\CodeIgniter->handleRequest(null, Object(Config\Cache), false)
 4 FCPATH\index.php(79): CodeIgniter\CodeIgniter->run()
WARNING - 2023-12-11 10:49:17 --> [DEPRECATED] Function strftime() is deprecated in APPPATH\Controllers\KuesionerAdmin.php on line 79.
 1 SYSTEMPATH\CodeIgniter.php(942): App\Controllers\KuesionerAdmin->ajax()
 2 SYSTEMPATH\CodeIgniter.php(502): CodeIgniter\CodeIgniter->runController(Object(App\Controllers\KuesionerAdmin))
 3 SYSTEMPATH\CodeIgniter.php(361): CodeIgniter\CodeIgniter->handleRequest(null, Object(Config\Cache), false)
 4 FCPATH\index.php(79): CodeIgniter\CodeIgniter->run()
WARNING - 2023-12-11 10:49:17 --> [DEPRECATED] Function strftime() is deprecated in APPPATH\Controllers\KuesionerAdmin.php on line 80.
 1 SYSTEMPATH\CodeIgniter.php(942): App\Controllers\KuesionerAdmin->ajax()
 2 SYSTEMPATH\CodeIgniter.php(502): CodeIgniter\CodeIgniter->runController(Object(App\Controllers\KuesionerAdmin))
 3 SYSTEMPATH\CodeIgniter.php(361): CodeIgniter\CodeIgniter->handleRequest(null, Object(Config\Cache), false)
 4 FCPATH\index.php(79): CodeIgniter\CodeIgniter->run()
INFO - 2023-12-11 10:49:19 --> Session: Class initialized using 'CodeIgniter\Session\Handlers\FileHandler' driver.
WARNING - 2023-12-11 10:49:19 --> [DEPRECATED] Function strftime() is deprecated in APPPATH\Views\dashboard-admin\kuesioner\details.php on line 64.
 1 SYSTEMPATH\View\View.php(228): include('C:\\Users\\wanad\\xampp8\\htdocs\\traceralumnisi-ci4\\admin-ci4\\app\\Views\\dashboard-admin\\kuesioner\\details.php')
 2 SYSTEMPATH\View\View.php(231): CodeIgniter\View\View->CodeIgniter\View\{closure}()
 3 SYSTEMPATH\Common.php(1190): CodeIgniter\View\View->render('dashboard-admin/kuesioner/details', [], true)
 4 APPPATH\Controllers\KuesionerAdmin.php(196): view('dashboard-admin/kuesioner/details', [...])
 5 SYSTEMPATH\CodeIgniter.php(942): App\Controllers\KuesionerAdmin->details('4')
 6 SYSTEMPATH\CodeIgniter.php(502): CodeIgniter\CodeIgniter->runController(Object(App\Controllers\KuesionerAdmin))
 7 SYSTEMPATH\CodeIgniter.php(361): CodeIgniter\CodeIgniter->handleRequest(null, Object(Config\Cache), false)
 8 FCPATH\index.php(79): CodeIgniter\CodeIgniter->run()
WARNING - 2023-12-11 10:49:19 --> [DEPRECATED] Function strftime() is deprecated in APPPATH\Views\dashboard-admin\kuesioner\details.php on line 94.
 1 SYSTEMPATH\View\View.php(228): include('C:\\Users\\wanad\\xampp8\\htdocs\\traceralumnisi-ci4\\admin-ci4\\app\\Views\\dashboard-admin\\kuesioner\\details.php')
 2 SYSTEMPATH\View\View.php(231): CodeIgniter\View\View->CodeIgniter\View\{closure}()
 3 SYSTEMPATH\Common.php(1190): CodeIgniter\View\View->render('dashboard-admin/kuesioner/details', [], true)
 4 APPPATH\Controllers\KuesionerAdmin.php(196): view('dashboard-admin/kuesioner/details', [...])
 5 SYSTEMPATH\CodeIgniter.php(942): App\Controllers\KuesionerAdmin->details('4')
 6 SYSTEMPATH\CodeIgniter.php(502): CodeIgniter\CodeIgniter->runController(Object(App\Controllers\KuesionerAdmin))
 7 SYSTEMPATH\CodeIgniter.php(361): CodeIgniter\CodeIgniter->handleRequest(null, Object(Config\Cache), false)
 8 FCPATH\index.php(79): CodeIgniter\CodeIgniter->run()
WARNING - 2023-12-11 10:49:20 --> [DEPRECATED] Function strftime() is deprecated in APPPATH\Views\dashboard-admin\kuesioner\details.php on line 100.
 1 SYSTEMPATH\View\View.php(228): include('C:\\Users\\wanad\\xampp8\\htdocs\\traceralumnisi-ci4\\admin-ci4\\app\\Views\\dashboard-admin\\kuesioner\\details.php')
 2 SYSTEMPATH\View\View.php(231): CodeIgniter\View\View->CodeIgniter\View\{closure}()
 3 SYSTEMPATH\Common.php(1190): CodeIgniter\View\View->render('dashboard-admin/kuesioner/details', [], true)
 4 APPPATH\Controllers\KuesionerAdmin.php(196): view('dashboard-admin/kuesioner/details', [...])
 5 SYSTEMPATH\CodeIgniter.php(942): App\Controllers\KuesionerAdmin->details('4')
 6 SYSTEMPATH\CodeIgniter.php(502): CodeIgniter\CodeIgniter->runController(Object(App\Controllers\KuesionerAdmin))
 7 SYSTEMPATH\CodeIgniter.php(361): CodeIgniter\CodeIgniter->handleRequest(null, Object(Config\Cache), false)
 8 FCPATH\index.php(79): CodeIgniter\CodeIgniter->run()
INFO - 2023-12-11 10:49:27 --> Session: Class initialized using 'CodeIgniter\Session\Handlers\FileHandler' driver.
INFO - 2023-12-11 10:49:28 --> Session: Class initialized using 'CodeIgniter\Session\Handlers\FileHandler' driver.
WARNING - 2023-12-11 10:49:29 --> [DEPRECATED] Function strftime() is deprecated in APPPATH\Controllers\KuesionerAdmin.php on line 79.
 1 SYSTEMPATH\CodeIgniter.php(942): App\Controllers\KuesionerAdmin->ajax()
 2 SYSTEMPATH\CodeIgniter.php(502): CodeIgniter\CodeIgniter->runController(Object(App\Controllers\KuesionerAdmin))
 3 SYSTEMPATH\CodeIgniter.php(361): CodeIgniter\CodeIgniter->handleRequest(null, Object(Config\Cache), false)
 4 FCPATH\index.php(79): CodeIgniter\CodeIgniter->run()
WARNING - 2023-12-11 10:49:29 --> [DEPRECATED] Function strftime() is deprecated in APPPATH\Controllers\KuesionerAdmin.php on line 80.
 1 SYSTEMPATH\CodeIgniter.php(942): App\Controllers\KuesionerAdmin->ajax()
 2 SYSTEMPATH\CodeIgniter.php(502): CodeIgniter\CodeIgniter->runController(Object(App\Controllers\KuesionerAdmin))
 3 SYSTEMPATH\CodeIgniter.php(361): CodeIgniter\CodeIgniter->handleRequest(null, Object(Config\Cache), false)
 4 FCPATH\index.php(79): CodeIgniter\CodeIgniter->run()
WARNING - 2023-12-11 10:49:29 --> [DEPRECATED] Function strftime() is deprecated in APPPATH\Controllers\KuesionerAdmin.php on line 79.
 1 SYSTEMPATH\CodeIgniter.php(942): App\Controllers\KuesionerAdmin->ajax()
 2 SYSTEMPATH\CodeIgniter.php(502): CodeIgniter\CodeIgniter->runController(Object(App\Controllers\KuesionerAdmin))
 3 SYSTEMPATH\CodeIgniter.php(361): CodeIgniter\CodeIgniter->handleRequest(null, Object(Config\Cache), false)
 4 FCPATH\index.php(79): CodeIgniter\CodeIgniter->run()
WARNING - 2023-12-11 10:49:29 --> [DEPRECATED] Function strftime() is deprecated in APPPATH\Controllers\KuesionerAdmin.php on line 80.
 1 SYSTEMPATH\CodeIgniter.php(942): App\Controllers\KuesionerAdmin->ajax()
 2 SYSTEMPATH\CodeIgniter.php(502): CodeIgniter\CodeIgniter->runController(Object(App\Controllers\KuesionerAdmin))
 3 SYSTEMPATH\CodeIgniter.php(361): CodeIgniter\CodeIgniter->handleRequest(null, Object(Config\Cache), false)
 4 FCPATH\index.php(79): CodeIgniter\CodeIgniter->run()
INFO - 2023-12-11 10:49:38 --> Session: Class initialized using 'CodeIgniter\Session\Handlers\FileHandler' driver.
INFO - 2023-12-11 10:49:39 --> Session: Class initialized using 'CodeIgniter\Session\Handlers\FileHandler' driver.
INFO - 2023-12-11 10:49:42 --> Session: Class initialized using 'CodeIgniter\Session\Handlers\FileHandler' driver.
INFO - 2023-12-11 10:49:44 --> Session: Class initialized using 'CodeIgniter\Session\Handlers\FileHandler' driver.
WARNING - 2023-12-11 10:49:44 --> [DEPRECATED] Function strftime() is deprecated in APPPATH\Controllers\KuesionerAdmin.php on line 79.
 1 SYSTEMPATH\CodeIgniter.php(942): App\Controllers\KuesionerAdmin->ajax()
 2 SYSTEMPATH\CodeIgniter.php(502): CodeIgniter\CodeIgniter->runController(Object(App\Controllers\KuesionerAdmin))
 3 SYSTEMPATH\CodeIgniter.php(361): CodeIgniter\CodeIgniter->handleRequest(null, Object(Config\Cache), false)
 4 FCPATH\index.php(79): CodeIgniter\CodeIgniter->run()
WARNING - 2023-12-11 10:49:44 --> [DEPRECATED] Function strftime() is deprecated in APPPATH\Controllers\KuesionerAdmin.php on line 80.
 1 SYSTEMPATH\CodeIgniter.php(942): App\Controllers\KuesionerAdmin->ajax()
 2 SYSTEMPATH\CodeIgniter.php(502): CodeIgniter\CodeIgniter->runController(Object(App\Controllers\KuesionerAdmin))
 3 SYSTEMPATH\CodeIgniter.php(361): CodeIgniter\CodeIgniter->handleRequest(null, Object(Config\Cache), false)
 4 FCPATH\index.php(79): CodeIgniter\CodeIgniter->run()
WARNING - 2023-12-11 10:49:44 --> [DEPRECATED] Function strftime() is deprecated in APPPATH\Controllers\KuesionerAdmin.php on line 79.
 1 SYSTEMPATH\CodeIgniter.php(942): App\Controllers\KuesionerAdmin->ajax()
 2 SYSTEMPATH\CodeIgniter.php(502): CodeIgniter\CodeIgniter->runController(Object(App\Controllers\KuesionerAdmin))
 3 SYSTEMPATH\CodeIgniter.php(361): CodeIgniter\CodeIgniter->handleRequest(null, Object(Config\Cache), false)
 4 FCPATH\index.php(79): CodeIgniter\CodeIgniter->run()
WARNING - 2023-12-11 10:49:44 --> [DEPRECATED] Function strftime() is deprecated in APPPATH\Controllers\KuesionerAdmin.php on line 80.
 1 SYSTEMPATH\CodeIgniter.php(942): App\Controllers\KuesionerAdmin->ajax()
 2 SYSTEMPATH\CodeIgniter.php(502): CodeIgniter\CodeIgniter->runController(Object(App\Controllers\KuesionerAdmin))
 3 SYSTEMPATH\CodeIgniter.php(361): CodeIgniter\CodeIgniter->handleRequest(null, Object(Config\Cache), false)
 4 FCPATH\index.php(79): CodeIgniter\CodeIgniter->run()
INFO - 2023-12-11 10:49:47 --> Session: Class initialized using 'CodeIgniter\Session\Handlers\FileHandler' driver.
INFO - 2023-12-11 10:58:50 --> Session: Class initialized using 'CodeIgniter\Session\Handlers\FileHandler' driver.
INFO - 2023-12-11 10:58:57 --> Session: Class initialized using 'CodeIgniter\Session\Handlers\FileHandler' driver.
WARNING - 2023-12-11 10:58:57 --> [DEPRECATED] Function strftime() is deprecated in APPPATH\Controllers\AlumniAdmin.php on line 183.
 1 SYSTEMPATH\CodeIgniter.php(942): App\Controllers\AlumniAdmin->ajax()
 2 SYSTEMPATH\CodeIgniter.php(502): CodeIgniter\CodeIgniter->runController(Object(App\Controllers\AlumniAdmin))
 3 SYSTEMPATH\CodeIgniter.php(361): CodeIgniter\CodeIgniter->handleRequest(null, Object(Config\Cache), false)
 4 FCPATH\index.php(79): CodeIgniter\CodeIgniter->run()
WARNING - 2023-12-11 10:58:57 --> [DEPRECATED] Function strftime() is deprecated in APPPATH\Controllers\AlumniAdmin.php on line 215.
 1 SYSTEMPATH\CodeIgniter.php(942): App\Controllers\AlumniAdmin->ajax()
 2 SYSTEMPATH\CodeIgniter.php(502): CodeIgniter\CodeIgniter->runController(Object(App\Controllers\AlumniAdmin))
 3 SYSTEMPATH\CodeIgniter.php(361): CodeIgniter\CodeIgniter->handleRequest(null, Object(Config\Cache), false)
 4 FCPATH\index.php(79): CodeIgniter\CodeIgniter->run()
WARNING - 2023-12-11 10:58:57 --> [DEPRECATED] Function strftime() is deprecated in APPPATH\Controllers\AlumniAdmin.php on line 183.
 1 SYSTEMPATH\CodeIgniter.php(942): App\Controllers\AlumniAdmin->ajax()
 2 SYSTEMPATH\CodeIgniter.php(502): CodeIgniter\CodeIgniter->runController(Object(App\Controllers\AlumniAdmin))
 3 SYSTEMPATH\CodeIgniter.php(361): CodeIgniter\CodeIgniter->handleRequest(null, Object(Config\Cache), false)
 4 FCPATH\index.php(79): CodeIgniter\CodeIgniter->run()
WARNING - 2023-12-11 10:58:57 --> [DEPRECATED] Function strftime() is deprecated in APPPATH\Controllers\AlumniAdmin.php on line 215.
 1 SYSTEMPATH\CodeIgniter.php(942): App\Controllers\AlumniAdmin->ajax()
 2 SYSTEMPATH\CodeIgniter.php(502): CodeIgniter\CodeIgniter->runController(Object(App\Controllers\AlumniAdmin))
 3 SYSTEMPATH\CodeIgniter.php(361): CodeIgniter\CodeIgniter->handleRequest(null, Object(Config\Cache), false)
 4 FCPATH\index.php(79): CodeIgniter\CodeIgniter->run()
WARNING - 2023-12-11 10:58:57 --> [DEPRECATED] Function strftime() is deprecated in APPPATH\Controllers\AlumniAdmin.php on line 183.
 1 SYSTEMPATH\CodeIgniter.php(942): App\Controllers\AlumniAdmin->ajax()
 2 SYSTEMPATH\CodeIgniter.php(502): CodeIgniter\CodeIgniter->runController(Object(App\Controllers\AlumniAdmin))
 3 SYSTEMPATH\CodeIgniter.php(361): CodeIgniter\CodeIgniter->handleRequest(null, Object(Config\Cache), false)
 4 FCPATH\index.php(79): CodeIgniter\CodeIgniter->run()
WARNING - 2023-12-11 10:58:57 --> [DEPRECATED] Function strftime() is deprecated in APPPATH\Controllers\AlumniAdmin.php on line 183.
 1 SYSTEMPATH\CodeIgniter.php(942): App\Controllers\AlumniAdmin->ajax()
 2 SYSTEMPATH\CodeIgniter.php(502): CodeIgniter\CodeIgniter->runController(Object(App\Controllers\AlumniAdmin))
 3 SYSTEMPATH\CodeIgniter.php(361): CodeIgniter\CodeIgniter->handleRequest(null, Object(Config\Cache), false)
 4 FCPATH\index.php(79): CodeIgniter\CodeIgniter->run()
WARNING - 2023-12-11 10:58:57 --> [DEPRECATED] Function strftime() is deprecated in APPPATH\Controllers\AlumniAdmin.php on line 215.
 1 SYSTEMPATH\CodeIgniter.php(942): App\Controllers\AlumniAdmin->ajax()
 2 SYSTEMPATH\CodeIgniter.php(502): CodeIgniter\CodeIgniter->runController(Object(App\Controllers\AlumniAdmin))
 3 SYSTEMPATH\CodeIgniter.php(361): CodeIgniter\CodeIgniter->handleRequest(null, Object(Config\Cache), false)
 4 FCPATH\index.php(79): CodeIgniter\CodeIgniter->run()
WARNING - 2023-12-11 10:58:57 --> [DEPRECATED] Function strftime() is deprecated in APPPATH\Controllers\AlumniAdmin.php on line 183.
 1 SYSTEMPATH\CodeIgniter.php(942): App\Controllers\AlumniAdmin->ajax()
 2 SYSTEMPATH\CodeIgniter.php(502): CodeIgniter\CodeIgniter->runController(Object(App\Controllers\AlumniAdmin))
 3 SYSTEMPATH\CodeIgniter.php(361): CodeIgniter\CodeIgniter->handleRequest(null, Object(Config\Cache), false)
 4 FCPATH\index.php(79): CodeIgniter\CodeIgniter->run()
WARNING - 2023-12-11 10:58:57 --> [DEPRECATED] Function strftime() is deprecated in APPPATH\Controllers\AlumniAdmin.php on line 215.
 1 SYSTEMPATH\CodeIgniter.php(942): App\Controllers\AlumniAdmin->ajax()
 2 SYSTEMPATH\CodeIgniter.php(502): CodeIgniter\CodeIgniter->runController(Object(App\Controllers\AlumniAdmin))
 3 SYSTEMPATH\CodeIgniter.php(361): CodeIgniter\CodeIgniter->handleRequest(null, Object(Config\Cache), false)
 4 FCPATH\index.php(79): CodeIgniter\CodeIgniter->run()
WARNING - 2023-12-11 10:58:57 --> [DEPRECATED] Function strftime() is deprecated in APPPATH\Controllers\AlumniAdmin.php on line 183.
 1 SYSTEMPATH\CodeIgniter.php(942): App\Controllers\AlumniAdmin->ajax()
 2 SYSTEMPATH\CodeIgniter.php(502): CodeIgniter\CodeIgniter->runController(Object(App\Controllers\AlumniAdmin))
 3 SYSTEMPATH\CodeIgniter.php(361): CodeIgniter\CodeIgniter->handleRequest(null, Object(Config\Cache), false)
 4 FCPATH\index.php(79): CodeIgniter\CodeIgniter->run()
WARNING - 2023-12-11 10:58:57 --> [DEPRECATED] Function strftime() is deprecated in APPPATH\Controllers\AlumniAdmin.php on line 215.
 1 SYSTEMPATH\CodeIgniter.php(942): App\Controllers\AlumniAdmin->ajax()
 2 SYSTEMPATH\CodeIgniter.php(502): CodeIgniter\CodeIgniter->runController(Object(App\Controllers\AlumniAdmin))
 3 SYSTEMPATH\CodeIgniter.php(361): CodeIgniter\CodeIgniter->handleRequest(null, Object(Config\Cache), false)
 4 FCPATH\index.php(79): CodeIgniter\CodeIgniter->run()
WARNING - 2023-12-11 10:58:57 --> [DEPRECATED] Function strftime() is deprecated in APPPATH\Controllers\AlumniAdmin.php on line 183.
 1 SYSTEMPATH\CodeIgniter.php(942): App\Controllers\AlumniAdmin->ajax()
 2 SYSTEMPATH\CodeIgniter.php(502): CodeIgniter\CodeIgniter->runController(Object(App\Controllers\AlumniAdmin))
 3 SYSTEMPATH\CodeIgniter.php(361): CodeIgniter\CodeIgniter->handleRequest(null, Object(Config\Cache), false)
 4 FCPATH\index.php(79): CodeIgniter\CodeIgniter->run()
WARNING - 2023-12-11 10:58:57 --> [DEPRECATED] Function strftime() is deprecated in APPPATH\Controllers\AlumniAdmin.php on line 215.
 1 SYSTEMPATH\CodeIgniter.php(942): App\Controllers\AlumniAdmin->ajax()
 2 SYSTEMPATH\CodeIgniter.php(502): CodeIgniter\CodeIgniter->runController(Object(App\Controllers\AlumniAdmin))
 3 SYSTEMPATH\CodeIgniter.php(361): CodeIgniter\CodeIgniter->handleRequest(null, Object(Config\Cache), false)
 4 FCPATH\index.php(79): CodeIgniter\CodeIgniter->run()
INFO - 2023-12-11 11:03:31 --> Session: Class initialized using 'CodeIgniter\Session\Handlers\FileHandler' driver.
INFO - 2023-12-11 11:05:06 --> Session: Class initialized using 'CodeIgniter\Session\Handlers\FileHandler' driver.
INFO - 2023-12-11 11:05:08 --> Session: Class initialized using 'CodeIgniter\Session\Handlers\FileHandler' driver.
WARNING - 2023-12-11 11:05:08 --> [DEPRECATED] Function strftime() is deprecated in APPPATH\Controllers\AlumniAdmin.php on line 183.
 1 SYSTEMPATH\CodeIgniter.php(942): App\Controllers\AlumniAdmin->ajax()
 2 SYSTEMPATH\CodeIgniter.php(502): CodeIgniter\CodeIgniter->runController(Object(App\Controllers\AlumniAdmin))
 3 SYSTEMPATH\CodeIgniter.php(361): CodeIgniter\CodeIgniter->handleRequest(null, Object(Config\Cache), false)
 4 FCPATH\index.php(79): CodeIgniter\CodeIgniter->run()
WARNING - 2023-12-11 11:05:08 --> [DEPRECATED] Function strftime() is deprecated in APPPATH\Controllers\AlumniAdmin.php on line 215.
 1 SYSTEMPATH\CodeIgniter.php(942): App\Controllers\AlumniAdmin->ajax()
 2 SYSTEMPATH\CodeIgniter.php(502): CodeIgniter\CodeIgniter->runController(Object(App\Controllers\AlumniAdmin))
 3 SYSTEMPATH\CodeIgniter.php(361): CodeIgniter\CodeIgniter->handleRequest(null, Object(Config\Cache), false)
 4 FCPATH\index.php(79): CodeIgniter\CodeIgniter->run()
WARNING - 2023-12-11 11:05:08 --> [DEPRECATED] Function strftime() is deprecated in APPPATH\Controllers\AlumniAdmin.php on line 183.
 1 SYSTEMPATH\CodeIgniter.php(942): App\Controllers\AlumniAdmin->ajax()
 2 SYSTEMPATH\CodeIgniter.php(502): CodeIgniter\CodeIgniter->runController(Object(App\Controllers\AlumniAdmin))
 3 SYSTEMPATH\CodeIgniter.php(361): CodeIgniter\CodeIgniter->handleRequest(null, Object(Config\Cache), false)
 4 FCPATH\index.php(79): CodeIgniter\CodeIgniter->run()
WARNING - 2023-12-11 11:05:08 --> [DEPRECATED] Function strftime() is deprecated in APPPATH\Controllers\AlumniAdmin.php on line 215.
 1 SYSTEMPATH\CodeIgniter.php(942): App\Controllers\AlumniAdmin->ajax()
 2 SYSTEMPATH\CodeIgniter.php(502): CodeIgniter\CodeIgniter->runController(Object(App\Controllers\AlumniAdmin))
 3 SYSTEMPATH\CodeIgniter.php(361): CodeIgniter\CodeIgniter->handleRequest(null, Object(Config\Cache), false)
 4 FCPATH\index.php(79): CodeIgniter\CodeIgniter->run()
WARNING - 2023-12-11 11:05:08 --> [DEPRECATED] Function strftime() is deprecated in APPPATH\Controllers\AlumniAdmin.php on line 183.
 1 SYSTEMPATH\CodeIgniter.php(942): App\Controllers\AlumniAdmin->ajax()
 2 SYSTEMPATH\CodeIgniter.php(502): CodeIgniter\CodeIgniter->runController(Object(App\Controllers\AlumniAdmin))
 3 SYSTEMPATH\CodeIgniter.php(361): CodeIgniter\CodeIgniter->handleRequest(null, Object(Config\Cache), false)
 4 FCPATH\index.php(79): CodeIgniter\CodeIgniter->run()
WARNING - 2023-12-11 11:05:08 --> [DEPRECATED] Function strftime() is deprecated in APPPATH\Controllers\AlumniAdmin.php on line 183.
 1 SYSTEMPATH\CodeIgniter.php(942): App\Controllers\AlumniAdmin->ajax()
 2 SYSTEMPATH\CodeIgniter.php(502): CodeIgniter\CodeIgniter->runController(Object(App\Controllers\AlumniAdmin))
 3 SYSTEMPATH\CodeIgniter.php(361): CodeIgniter\CodeIgniter->handleRequest(null, Object(Config\Cache), false)
 4 FCPATH\index.php(79): CodeIgniter\CodeIgniter->run()
WARNING - 2023-12-11 11:05:08 --> [DEPRECATED] Function strftime() is deprecated in APPPATH\Controllers\AlumniAdmin.php on line 215.
 1 SYSTEMPATH\CodeIgniter.php(942): App\Controllers\AlumniAdmin->ajax()
 2 SYSTEMPATH\CodeIgniter.php(502): CodeIgniter\CodeIgniter->runController(Object(App\Controllers\AlumniAdmin))
 3 SYSTEMPATH\CodeIgniter.php(361): CodeIgniter\CodeIgniter->handleRequest(null, Object(Config\Cache), false)
 4 FCPATH\index.php(79): CodeIgniter\CodeIgniter->run()
WARNING - 2023-12-11 11:05:08 --> [DEPRECATED] Function strftime() is deprecated in APPPATH\Controllers\AlumniAdmin.php on line 183.
 1 SYSTEMPATH\CodeIgniter.php(942): App\Controllers\AlumniAdmin->ajax()
 2 SYSTEMPATH\CodeIgniter.php(502): CodeIgniter\CodeIgniter->runController(Object(App\Controllers\AlumniAdmin))
 3 SYSTEMPATH\CodeIgniter.php(361): CodeIgniter\CodeIgniter->handleRequest(null, Object(Config\Cache), false)
 4 FCPATH\index.php(79): CodeIgniter\CodeIgniter->run()
WARNING - 2023-12-11 11:05:08 --> [DEPRECATED] Function strftime() is deprecated in APPPATH\Controllers\AlumniAdmin.php on line 215.
 1 SYSTEMPATH\CodeIgniter.php(942): App\Controllers\AlumniAdmin->ajax()
 2 SYSTEMPATH\CodeIgniter.php(502): CodeIgniter\CodeIgniter->runController(Object(App\Controllers\AlumniAdmin))
 3 SYSTEMPATH\CodeIgniter.php(361): CodeIgniter\CodeIgniter->handleRequest(null, Object(Config\Cache), false)
 4 FCPATH\index.php(79): CodeIgniter\CodeIgniter->run()
WARNING - 2023-12-11 11:05:08 --> [DEPRECATED] Function strftime() is deprecated in APPPATH\Controllers\AlumniAdmin.php on line 183.
 1 SYSTEMPATH\CodeIgniter.php(942): App\Controllers\AlumniAdmin->ajax()
 2 SYSTEMPATH\CodeIgniter.php(502): CodeIgniter\CodeIgniter->runController(Object(App\Controllers\AlumniAdmin))
 3 SYSTEMPATH\CodeIgniter.php(361): CodeIgniter\CodeIgniter->handleRequest(null, Object(Config\Cache), false)
 4 FCPATH\index.php(79): CodeIgniter\CodeIgniter->run()
WARNING - 2023-12-11 11:05:08 --> [DEPRECATED] Function strftime() is deprecated in APPPATH\Controllers\AlumniAdmin.php on line 215.
 1 SYSTEMPATH\CodeIgniter.php(942): App\Controllers\AlumniAdmin->ajax()
 2 SYSTEMPATH\CodeIgniter.php(502): CodeIgniter\CodeIgniter->runController(Object(App\Controllers\AlumniAdmin))
 3 SYSTEMPATH\CodeIgniter.php(361): CodeIgniter\CodeIgniter->handleRequest(null, Object(Config\Cache), false)
 4 FCPATH\index.php(79): CodeIgniter\CodeIgniter->run()
WARNING - 2023-12-11 11:05:08 --> [DEPRECATED] Function strftime() is deprecated in APPPATH\Controllers\AlumniAdmin.php on line 183.
 1 SYSTEMPATH\CodeIgniter.php(942): App\Controllers\AlumniAdmin->ajax()
 2 SYSTEMPATH\CodeIgniter.php(502): CodeIgniter\CodeIgniter->runController(Object(App\Controllers\AlumniAdmin))
 3 SYSTEMPATH\CodeIgniter.php(361): CodeIgniter\CodeIgniter->handleRequest(null, Object(Config\Cache), false)
 4 FCPATH\index.php(79): CodeIgniter\CodeIgniter->run()
WARNING - 2023-12-11 11:05:08 --> [DEPRECATED] Function strftime() is deprecated in APPPATH\Controllers\AlumniAdmin.php on line 215.
 1 SYSTEMPATH\CodeIgniter.php(942): App\Controllers\AlumniAdmin->ajax()
 2 SYSTEMPATH\CodeIgniter.php(502): CodeIgniter\CodeIgniter->runController(Object(App\Controllers\AlumniAdmin))
 3 SYSTEMPATH\CodeIgniter.php(361): CodeIgniter\CodeIgniter->handleRequest(null, Object(Config\Cache), false)
 4 FCPATH\index.php(79): CodeIgniter\CodeIgniter->run()
INFO - 2023-12-11 11:05:11 --> Session: Class initialized using 'CodeIgniter\Session\Handlers\FileHandler' driver.
WARNING - 2023-12-11 11:05:11 --> [DEPRECATED] Function strftime() is deprecated in APPPATH\Views\dashboard-admin\alumni\activation.php on line 49.
 1 SYSTEMPATH\View\View.php(228): include('C:\\Users\\wanad\\xampp8\\htdocs\\traceralumnisi-ci4\\admin-ci4\\app\\Views\\dashboard-admin\\alumni\\activation.php')
 2 SYSTEMPATH\View\View.php(231): CodeIgniter\View\View->CodeIgniter\View\{closure}()
 3 SYSTEMPATH\Common.php(1190): CodeIgniter\View\View->render('dashboard-admin/alumni/activation', [], true)
 4 APPPATH\Controllers\AlumniAdmin.php(555): view('dashboard-admin/alumni/activation', [...])
 5 SYSTEMPATH\CodeIgniter.php(942): App\Controllers\AlumniAdmin->activation()
 6 SYSTEMPATH\CodeIgniter.php(502): CodeIgniter\CodeIgniter->runController(Object(App\Controllers\AlumniAdmin))
 7 SYSTEMPATH\CodeIgniter.php(361): CodeIgniter\CodeIgniter->handleRequest(null, Object(Config\Cache), false)
 8 FCPATH\index.php(79): CodeIgniter\CodeIgniter->run()
WARNING - 2023-12-11 11:05:11 --> [DEPRECATED] Function strftime() is deprecated in APPPATH\Views\dashboard-admin\alumni\activation.php on line 52.
 1 SYSTEMPATH\View\View.php(228): include('C:\\Users\\wanad\\xampp8\\htdocs\\traceralumnisi-ci4\\admin-ci4\\app\\Views\\dashboard-admin\\alumni\\activation.php')
 2 SYSTEMPATH\View\View.php(231): CodeIgniter\View\View->CodeIgniter\View\{closure}()
 3 SYSTEMPATH\Common.php(1190): CodeIgniter\View\View->render('dashboard-admin/alumni/activation', [], true)
 4 APPPATH\Controllers\AlumniAdmin.php(555): view('dashboard-admin/alumni/activation', [...])
 5 SYSTEMPATH\CodeIgniter.php(942): App\Controllers\AlumniAdmin->activation()
 6 SYSTEMPATH\CodeIgniter.php(502): CodeIgniter\CodeIgniter->runController(Object(App\Controllers\AlumniAdmin))
 7 SYSTEMPATH\CodeIgniter.php(361): CodeIgniter\CodeIgniter->handleRequest(null, Object(Config\Cache), false)
 8 FCPATH\index.php(79): CodeIgniter\CodeIgniter->run()
INFO - 2023-12-11 11:05:29 --> Session: Class initialized using 'CodeIgniter\Session\Handlers\FileHandler' driver.
INFO - 2023-12-11 11:05:29 --> Session: Class initialized using 'CodeIgniter\Session\Handlers\FileHandler' driver.
INFO - 2023-12-11 11:05:34 --> Session: Class initialized using 'CodeIgniter\Session\Handlers\FileHandler' driver.
INFO - 2023-12-11 11:05:34 --> Session: Class initialized using 'CodeIgniter\Session\Handlers\FileHandler' driver.
INFO - 2023-12-11 11:05:38 --> Session: Class initialized using 'CodeIgniter\Session\Handlers\FileHandler' driver.
INFO - 2023-12-11 11:05:38 --> Session: Class initialized using 'CodeIgniter\Session\Handlers\FileHandler' driver.
INFO - 2023-12-11 11:07:05 --> Session: Class initialized using 'CodeIgniter\Session\Handlers\FileHandler' driver.
INFO - 2023-12-11 11:07:10 --> Session: Class initialized using 'CodeIgniter\Session\Handlers\FileHandler' driver.
INFO - 2023-12-11 11:07:10 --> Session: Class initialized using 'CodeIgniter\Session\Handlers\FileHandler' driver.
INFO - 2023-12-11 11:07:13 --> Session: Class initialized using 'CodeIgniter\Session\Handlers\FileHandler' driver.
INFO - 2023-12-11 11:07:14 --> Session: Class initialized using 'CodeIgniter\Session\Handlers\FileHandler' driver.
WARNING - 2023-12-11 11:07:14 --> [DEPRECATED] Function strftime() is deprecated in APPPATH\Controllers\AlumniAdmin.php on line 183.
 1 SYSTEMPATH\CodeIgniter.php(942): App\Controllers\AlumniAdmin->ajax()
 2 SYSTEMPATH\CodeIgniter.php(502): CodeIgniter\CodeIgniter->runController(Object(App\Controllers\AlumniAdmin))
 3 SYSTEMPATH\CodeIgniter.php(361): CodeIgniter\CodeIgniter->handleRequest(null, Object(Config\Cache), false)
 4 FCPATH\index.php(79): CodeIgniter\CodeIgniter->run()
WARNING - 2023-12-11 11:07:14 --> [DEPRECATED] Function strftime() is deprecated in APPPATH\Controllers\AlumniAdmin.php on line 215.
 1 SYSTEMPATH\CodeIgniter.php(942): App\Controllers\AlumniAdmin->ajax()
 2 SYSTEMPATH\CodeIgniter.php(502): CodeIgniter\CodeIgniter->runController(Object(App\Controllers\AlumniAdmin))
 3 SYSTEMPATH\CodeIgniter.php(361): CodeIgniter\CodeIgniter->handleRequest(null, Object(Config\Cache), false)
 4 FCPATH\index.php(79): CodeIgniter\CodeIgniter->run()
WARNING - 2023-12-11 11:07:14 --> [DEPRECATED] Function strftime() is deprecated in APPPATH\Controllers\AlumniAdmin.php on line 183.
 1 SYSTEMPATH\CodeIgniter.php(942): App\Controllers\AlumniAdmin->ajax()
 2 SYSTEMPATH\CodeIgniter.php(502): CodeIgniter\CodeIgniter->runController(Object(App\Controllers\AlumniAdmin))
 3 SYSTEMPATH\CodeIgniter.php(361): CodeIgniter\CodeIgniter->handleRequest(null, Object(Config\Cache), false)
 4 FCPATH\index.php(79): CodeIgniter\CodeIgniter->run()
WARNING - 2023-12-11 11:07:14 --> [DEPRECATED] Function strftime() is deprecated in APPPATH\Controllers\AlumniAdmin.php on line 183.
 1 SYSTEMPATH\CodeIgniter.php(942): App\Controllers\AlumniAdmin->ajax()
 2 SYSTEMPATH\CodeIgniter.php(502): CodeIgniter\CodeIgniter->runController(Object(App\Controllers\AlumniAdmin))
 3 SYSTEMPATH\CodeIgniter.php(361): CodeIgniter\CodeIgniter->handleRequest(null, Object(Config\Cache), false)
 4 FCPATH\index.php(79): CodeIgniter\CodeIgniter->run()
WARNING - 2023-12-11 11:07:14 --> [DEPRECATED] Function strftime() is deprecated in APPPATH\Controllers\AlumniAdmin.php on line 183.
 1 SYSTEMPATH\CodeIgniter.php(942): App\Controllers\AlumniAdmin->ajax()
 2 SYSTEMPATH\CodeIgniter.php(502): CodeIgniter\CodeIgniter->runController(Object(App\Controllers\AlumniAdmin))
 3 SYSTEMPATH\CodeIgniter.php(361): CodeIgniter\CodeIgniter->handleRequest(null, Object(Config\Cache), false)
 4 FCPATH\index.php(79): CodeIgniter\CodeIgniter->run()
WARNING - 2023-12-11 11:07:14 --> [DEPRECATED] Function strftime() is deprecated in APPPATH\Controllers\AlumniAdmin.php on line 215.
 1 SYSTEMPATH\CodeIgniter.php(942): App\Controllers\AlumniAdmin->ajax()
 2 SYSTEMPATH\CodeIgniter.php(502): CodeIgniter\CodeIgniter->runController(Object(App\Controllers\AlumniAdmin))
 3 SYSTEMPATH\CodeIgniter.php(361): CodeIgniter\CodeIgniter->handleRequest(null, Object(Config\Cache), false)
 4 FCPATH\index.php(79): CodeIgniter\CodeIgniter->run()
WARNING - 2023-12-11 11:07:14 --> [DEPRECATED] Function strftime() is deprecated in APPPATH\Controllers\AlumniAdmin.php on line 183.
 1 SYSTEMPATH\CodeIgniter.php(942): App\Controllers\AlumniAdmin->ajax()
 2 SYSTEMPATH\CodeIgniter.php(502): CodeIgniter\CodeIgniter->runController(Object(App\Controllers\AlumniAdmin))
 3 SYSTEMPATH\CodeIgniter.php(361): CodeIgniter\CodeIgniter->handleRequest(null, Object(Config\Cache), false)
 4 FCPATH\index.php(79): CodeIgniter\CodeIgniter->run()
WARNING - 2023-12-11 11:07:14 --> [DEPRECATED] Function strftime() is deprecated in APPPATH\Controllers\AlumniAdmin.php on line 215.
 1 SYSTEMPATH\CodeIgniter.php(942): App\Controllers\AlumniAdmin->ajax()
 2 SYSTEMPATH\CodeIgniter.php(502): CodeIgniter\CodeIgniter->runController(Object(App\Controllers\AlumniAdmin))
 3 SYSTEMPATH\CodeIgniter.php(361): CodeIgniter\CodeIgniter->handleRequest(null, Object(Config\Cache), false)
 4 FCPATH\index.php(79): CodeIgniter\CodeIgniter->run()
WARNING - 2023-12-11 11:07:14 --> [DEPRECATED] Function strftime() is deprecated in APPPATH\Controllers\AlumniAdmin.php on line 183.
 1 SYSTEMPATH\CodeIgniter.php(942): App\Controllers\AlumniAdmin->ajax()
 2 SYSTEMPATH\CodeIgniter.php(502): CodeIgniter\CodeIgniter->runController(Object(App\Controllers\AlumniAdmin))
 3 SYSTEMPATH\CodeIgniter.php(361): CodeIgniter\CodeIgniter->handleRequest(null, Object(Config\Cache), false)
 4 FCPATH\index.php(79): CodeIgniter\CodeIgniter->run()
WARNING - 2023-12-11 11:07:14 --> [DEPRECATED] Function strftime() is deprecated in APPPATH\Controllers\AlumniAdmin.php on line 215.
 1 SYSTEMPATH\CodeIgniter.php(942): App\Controllers\AlumniAdmin->ajax()
 2 SYSTEMPATH\CodeIgniter.php(502): CodeIgniter\CodeIgniter->runController(Object(App\Controllers\AlumniAdmin))
 3 SYSTEMPATH\CodeIgniter.php(361): CodeIgniter\CodeIgniter->handleRequest(null, Object(Config\Cache), false)
 4 FCPATH\index.php(79): CodeIgniter\CodeIgniter->run()
WARNING - 2023-12-11 11:07:14 --> [DEPRECATED] Function strftime() is deprecated in APPPATH\Controllers\AlumniAdmin.php on line 183.
 1 SYSTEMPATH\CodeIgniter.php(942): App\Controllers\AlumniAdmin->ajax()
 2 SYSTEMPATH\CodeIgniter.php(502): CodeIgniter\CodeIgniter->runController(Object(App\Controllers\AlumniAdmin))
 3 SYSTEMPATH\CodeIgniter.php(361): CodeIgniter\CodeIgniter->handleRequest(null, Object(Config\Cache), false)
 4 FCPATH\index.php(79): CodeIgniter\CodeIgniter->run()
WARNING - 2023-12-11 11:07:14 --> [DEPRECATED] Function strftime() is deprecated in APPPATH\Controllers\AlumniAdmin.php on line 215.
 1 SYSTEMPATH\CodeIgniter.php(942): App\Controllers\AlumniAdmin->ajax()
 2 SYSTEMPATH\CodeIgniter.php(502): CodeIgniter\CodeIgniter->runController(Object(App\Controllers\AlumniAdmin))
 3 SYSTEMPATH\CodeIgniter.php(361): CodeIgniter\CodeIgniter->handleRequest(null, Object(Config\Cache), false)
 4 FCPATH\index.php(79): CodeIgniter\CodeIgniter->run()
INFO - 2023-12-11 11:07:46 --> Session: Class initialized using 'CodeIgniter\Session\Handlers\FileHandler' driver.
INFO - 2023-12-11 11:07:51 --> Session: Class initialized using 'CodeIgniter\Session\Handlers\FileHandler' driver.
INFO - 2023-12-11 11:07:53 --> Session: Class initialized using 'CodeIgniter\Session\Handlers\FileHandler' driver.
WARNING - 2023-12-11 11:07:53 --> [DEPRECATED] Function strftime() is deprecated in APPPATH\Controllers\AlumniAdmin.php on line 183.
 1 SYSTEMPATH\CodeIgniter.php(942): App\Controllers\AlumniAdmin->ajax()
 2 SYSTEMPATH\CodeIgniter.php(502): CodeIgniter\CodeIgniter->runController(Object(App\Controllers\AlumniAdmin))
 3 SYSTEMPATH\CodeIgniter.php(361): CodeIgniter\CodeIgniter->handleRequest(null, Object(Config\Cache), false)
 4 FCPATH\index.php(79): CodeIgniter\CodeIgniter->run()
WARNING - 2023-12-11 11:07:53 --> [DEPRECATED] Function strftime() is deprecated in APPPATH\Controllers\AlumniAdmin.php on line 215.
 1 SYSTEMPATH\CodeIgniter.php(942): App\Controllers\AlumniAdmin->ajax()
 2 SYSTEMPATH\CodeIgniter.php(502): CodeIgniter\CodeIgniter->runController(Object(App\Controllers\AlumniAdmin))
 3 SYSTEMPATH\CodeIgniter.php(361): CodeIgniter\CodeIgniter->handleRequest(null, Object(Config\Cache), false)
 4 FCPATH\index.php(79): CodeIgniter\CodeIgniter->run()
WARNING - 2023-12-11 11:07:53 --> [DEPRECATED] Function strftime() is deprecated in APPPATH\Controllers\AlumniAdmin.php on line 183.
 1 SYSTEMPATH\CodeIgniter.php(942): App\Controllers\AlumniAdmin->ajax()
 2 SYSTEMPATH\CodeIgniter.php(502): CodeIgniter\CodeIgniter->runController(Object(App\Controllers\AlumniAdmin))
 3 SYSTEMPATH\CodeIgniter.php(361): CodeIgniter\CodeIgniter->handleRequest(null, Object(Config\Cache), false)
 4 FCPATH\index.php(79): CodeIgniter\CodeIgniter->run()
WARNING - 2023-12-11 11:07:53 --> [DEPRECATED] Function strftime() is deprecated in APPPATH\Controllers\AlumniAdmin.php on line 183.
 1 SYSTEMPATH\CodeIgniter.php(942): App\Controllers\AlumniAdmin->ajax()
 2 SYSTEMPATH\CodeIgniter.php(502): CodeIgniter\CodeIgniter->runController(Object(App\Controllers\AlumniAdmin))
 3 SYSTEMPATH\CodeIgniter.php(361): CodeIgniter\CodeIgniter->handleRequest(null, Object(Config\Cache), false)
 4 FCPATH\index.php(79): CodeIgniter\CodeIgniter->run()
WARNING - 2023-12-11 11:07:53 --> [DEPRECATED] Function strftime() is deprecated in APPPATH\Controllers\AlumniAdmin.php on line 183.
 1 SYSTEMPATH\CodeIgniter.php(942): App\Controllers\AlumniAdmin->ajax()
 2 SYSTEMPATH\CodeIgniter.php(502): CodeIgniter\CodeIgniter->runController(Object(App\Controllers\AlumniAdmin))
 3 SYSTEMPATH\CodeIgniter.php(361): CodeIgniter\CodeIgniter->handleRequest(null, Object(Config\Cache), false)
 4 FCPATH\index.php(79): CodeIgniter\CodeIgniter->run()
WARNING - 2023-12-11 11:07:53 --> [DEPRECATED] Function strftime() is deprecated in APPPATH\Controllers\AlumniAdmin.php on line 215.
 1 SYSTEMPATH\CodeIgniter.php(942): App\Controllers\AlumniAdmin->ajax()
 2 SYSTEMPATH\CodeIgniter.php(502): CodeIgniter\CodeIgniter->runController(Object(App\Controllers\AlumniAdmin))
 3 SYSTEMPATH\CodeIgniter.php(361): CodeIgniter\CodeIgniter->handleRequest(null, Object(Config\Cache), false)
 4 FCPATH\index.php(79): CodeIgniter\CodeIgniter->run()
WARNING - 2023-12-11 11:07:53 --> [DEPRECATED] Function strftime() is deprecated in APPPATH\Controllers\AlumniAdmin.php on line 183.
 1 SYSTEMPATH\CodeIgniter.php(942): App\Controllers\AlumniAdmin->ajax()
 2 SYSTEMPATH\CodeIgniter.php(502): CodeIgniter\CodeIgniter->runController(Object(App\Controllers\AlumniAdmin))
 3 SYSTEMPATH\CodeIgniter.php(361): CodeIgniter\CodeIgniter->handleRequest(null, Object(Config\Cache), false)
 4 FCPATH\index.php(79): CodeIgniter\CodeIgniter->run()
WARNING - 2023-12-11 11:07:53 --> [DEPRECATED] Function strftime() is deprecated in APPPATH\Controllers\AlumniAdmin.php on line 215.
 1 SYSTEMPATH\CodeIgniter.php(942): App\Controllers\AlumniAdmin->ajax()
 2 SYSTEMPATH\CodeIgniter.php(502): CodeIgniter\CodeIgniter->runController(Object(App\Controllers\AlumniAdmin))
 3 SYSTEMPATH\CodeIgniter.php(361): CodeIgniter\CodeIgniter->handleRequest(null, Object(Config\Cache), false)
 4 FCPATH\index.php(79): CodeIgniter\CodeIgniter->run()
WARNING - 2023-12-11 11:07:53 --> [DEPRECATED] Function strftime() is deprecated in APPPATH\Controllers\AlumniAdmin.php on line 183.
 1 SYSTEMPATH\CodeIgniter.php(942): App\Controllers\AlumniAdmin->ajax()
 2 SYSTEMPATH\CodeIgniter.php(502): CodeIgniter\CodeIgniter->runController(Object(App\Controllers\AlumniAdmin))
 3 SYSTEMPATH\CodeIgniter.php(361): CodeIgniter\CodeIgniter->handleRequest(null, Object(Config\Cache), false)
 4 FCPATH\index.php(79): CodeIgniter\CodeIgniter->run()
WARNING - 2023-12-11 11:07:53 --> [DEPRECATED] Function strftime() is deprecated in APPPATH\Controllers\AlumniAdmin.php on line 215.
 1 SYSTEMPATH\CodeIgniter.php(942): App\Controllers\AlumniAdmin->ajax()
 2 SYSTEMPATH\CodeIgniter.php(502): CodeIgniter\CodeIgniter->runController(Object(App\Controllers\AlumniAdmin))
 3 SYSTEMPATH\CodeIgniter.php(361): CodeIgniter\CodeIgniter->handleRequest(null, Object(Config\Cache), false)
 4 FCPATH\index.php(79): CodeIgniter\CodeIgniter->run()
WARNING - 2023-12-11 11:07:53 --> [DEPRECATED] Function strftime() is deprecated in APPPATH\Controllers\AlumniAdmin.php on line 183.
 1 SYSTEMPATH\CodeIgniter.php(942): App\Controllers\AlumniAdmin->ajax()
 2 SYSTEMPATH\CodeIgniter.php(502): CodeIgniter\CodeIgniter->runController(Object(App\Controllers\AlumniAdmin))
 3 SYSTEMPATH\CodeIgniter.php(361): CodeIgniter\CodeIgniter->handleRequest(null, Object(Config\Cache), false)
 4 FCPATH\index.php(79): CodeIgniter\CodeIgniter->run()
WARNING - 2023-12-11 11:07:53 --> [DEPRECATED] Function strftime() is deprecated in APPPATH\Controllers\AlumniAdmin.php on line 215.
 1 SYSTEMPATH\CodeIgniter.php(942): App\Controllers\AlumniAdmin->ajax()
 2 SYSTEMPATH\CodeIgniter.php(502): CodeIgniter\CodeIgniter->runController(Object(App\Controllers\AlumniAdmin))
 3 SYSTEMPATH\CodeIgniter.php(361): CodeIgniter\CodeIgniter->handleRequest(null, Object(Config\Cache), false)
 4 FCPATH\index.php(79): CodeIgniter\CodeIgniter->run()
INFO - 2023-12-11 11:07:58 --> Session: Class initialized using 'CodeIgniter\Session\Handlers\FileHandler' driver.
