INFO - 2023-11-24 10:16:34 --> Session: Class initialized using 'CodeIgniter\Session\Handlers\FileHandler' driver.
INFO - 2023-11-24 10:16:40 --> Session: Class initialized using 'CodeIgniter\Session\Handlers\FileHandler' driver.
INFO - 2023-11-24 10:16:40 --> Session: Class initialized using 'CodeIgniter\Session\Handlers\FileHandler' driver.
INFO - 2023-11-24 10:16:48 --> Session: Class initialized using 'CodeIgniter\Session\Handlers\FileHandler' driver.
INFO - 2023-11-24 10:16:51 --> Session: Class initialized using 'CodeIgniter\Session\Handlers\FileHandler' driver.
WARNING - 2023-11-24 10:16:51 --> [DEPRECATED] Function strftime() is deprecated in APPPATH\Controllers\AlumniAdmin.php on line 89.
 1 SYSTEMPATH\CodeIgniter.php(942): App\Controllers\AlumniAdmin->ajax()
 2 SYSTEMPATH\CodeIgniter.php(502): CodeIgniter\CodeIgniter->runController(Object(App\Controllers\AlumniAdmin))
 3 SYSTEMPATH\CodeIgniter.php(361): CodeIgniter\CodeIgniter->handleRequest(null, Object(Config\Cache), false)
 4 FCPATH\index.php(79): CodeIgniter\CodeIgniter->run()
WARNING - 2023-11-24 10:16:51 --> [DEPRECATED] Function strftime() is deprecated in APPPATH\Controllers\AlumniAdmin.php on line 89.
 1 SYSTEMPATH\CodeIgniter.php(942): App\Controllers\AlumniAdmin->ajax()
 2 SYSTEMPATH\CodeIgniter.php(502): CodeIgniter\CodeIgniter->runController(Object(App\Controllers\AlumniAdmin))
 3 SYSTEMPATH\CodeIgniter.php(361): CodeIgniter\CodeIgniter->handleRequest(null, Object(Config\Cache), false)
 4 FCPATH\index.php(79): CodeIgniter\CodeIgniter->run()
WARNING - 2023-11-24 10:16:51 --> [DEPRECATED] Function strftime() is deprecated in APPPATH\Controllers\AlumniAdmin.php on line 89.
 1 SYSTEMPATH\CodeIgniter.php(942): App\Controllers\AlumniAdmin->ajax()
 2 SYSTEMPATH\CodeIgniter.php(502): CodeIgniter\CodeIgniter->runController(Object(App\Controllers\AlumniAdmin))
 3 SYSTEMPATH\CodeIgniter.php(361): CodeIgniter\CodeIgniter->handleRequest(null, Object(Config\Cache), false)
 4 FCPATH\index.php(79): CodeIgniter\CodeIgniter->run()
WARNING - 2023-11-24 10:16:51 --> [DEPRECATED] Function strftime() is deprecated in APPPATH\Controllers\AlumniAdmin.php on line 106.
 1 SYSTEMPATH\CodeIgniter.php(942): App\Controllers\AlumniAdmin->ajax()
 2 SYSTEMPATH\CodeIgniter.php(502): CodeIgniter\CodeIgniter->runController(Object(App\Controllers\AlumniAdmin))
 3 SYSTEMPATH\CodeIgniter.php(361): CodeIgniter\CodeIgniter->handleRequest(null, Object(Config\Cache), false)
 4 FCPATH\index.php(79): CodeIgniter\CodeIgniter->run()
WARNING - 2023-11-24 10:16:51 --> [DEPRECATED] Function strftime() is deprecated in APPPATH\Controllers\AlumniAdmin.php on line 89.
 1 SYSTEMPATH\CodeIgniter.php(942): App\Controllers\AlumniAdmin->ajax()
 2 SYSTEMPATH\CodeIgniter.php(502): CodeIgniter\CodeIgniter->runController(Object(App\Controllers\AlumniAdmin))
 3 SYSTEMPATH\CodeIgniter.php(361): CodeIgniter\CodeIgniter->handleRequest(null, Object(Config\Cache), false)
 4 FCPATH\index.php(79): CodeIgniter\CodeIgniter->run()
WARNING - 2023-11-24 10:16:51 --> [DEPRECATED] Function strftime() is deprecated in APPPATH\Controllers\AlumniAdmin.php on line 106.
 1 SYSTEMPATH\CodeIgniter.php(942): App\Controllers\AlumniAdmin->ajax()
 2 SYSTEMPATH\CodeIgniter.php(502): CodeIgniter\CodeIgniter->runController(Object(App\Controllers\AlumniAdmin))
 3 SYSTEMPATH\CodeIgniter.php(361): CodeIgniter\CodeIgniter->handleRequest(null, Object(Config\Cache), false)
 4 FCPATH\index.php(79): CodeIgniter\CodeIgniter->run()
INFO - 2023-11-24 10:16:53 --> Session: Class initialized using 'CodeIgniter\Session\Handlers\FileHandler' driver.
INFO - 2023-11-24 10:16:54 --> Session: Class initialized using 'CodeIgniter\Session\Handlers\FileHandler' driver.
WARNING - 2023-11-24 10:16:54 --> [DEPRECATED] Function strftime() is deprecated in APPPATH\Controllers\KuesionerAdmin.php on line 78.
 1 SYSTEMPATH\CodeIgniter.php(942): App\Controllers\KuesionerAdmin->ajax()
 2 SYSTEMPATH\CodeIgniter.php(502): CodeIgniter\CodeIgniter->runController(Object(App\Controllers\KuesionerAdmin))
 3 SYSTEMPATH\CodeIgniter.php(361): CodeIgniter\CodeIgniter->handleRequest(null, Object(Config\Cache), false)
 4 FCPATH\index.php(79): CodeIgniter\CodeIgniter->run()
WARNING - 2023-11-24 10:16:54 --> [DEPRECATED] Function strftime() is deprecated in APPPATH\Controllers\KuesionerAdmin.php on line 79.
 1 SYSTEMPATH\CodeIgniter.php(942): App\Controllers\KuesionerAdmin->ajax()
 2 SYSTEMPATH\CodeIgniter.php(502): CodeIgniter\CodeIgniter->runController(Object(App\Controllers\KuesionerAdmin))
 3 SYSTEMPATH\CodeIgniter.php(361): CodeIgniter\CodeIgniter->handleRequest(null, Object(Config\Cache), false)
 4 FCPATH\index.php(79): CodeIgniter\CodeIgniter->run()
INFO - 2023-11-24 10:16:56 --> Session: Class initialized using 'CodeIgniter\Session\Handlers\FileHandler' driver.
INFO - 2023-11-24 10:16:58 --> Session: Class initialized using 'CodeIgniter\Session\Handlers\FileHandler' driver.
INFO - 2023-11-24 10:17:03 --> Session: Class initialized using 'CodeIgniter\Session\Handlers\FileHandler' driver.
INFO - 2023-11-24 10:17:04 --> Session: Class initialized using 'CodeIgniter\Session\Handlers\FileHandler' driver.
WARNING - 2023-11-24 10:17:04 --> [DEPRECATED] Function strftime() is deprecated in APPPATH\Controllers\AlumniAdmin.php on line 89.
 1 SYSTEMPATH\CodeIgniter.php(942): App\Controllers\AlumniAdmin->ajax()
 2 SYSTEMPATH\CodeIgniter.php(502): CodeIgniter\CodeIgniter->runController(Object(App\Controllers\AlumniAdmin))
 3 SYSTEMPATH\CodeIgniter.php(361): CodeIgniter\CodeIgniter->handleRequest(null, Object(Config\Cache), false)
 4 FCPATH\index.php(79): CodeIgniter\CodeIgniter->run()
WARNING - 2023-11-24 10:17:04 --> [DEPRECATED] Function strftime() is deprecated in APPPATH\Controllers\AlumniAdmin.php on line 89.
 1 SYSTEMPATH\CodeIgniter.php(942): App\Controllers\AlumniAdmin->ajax()
 2 SYSTEMPATH\CodeIgniter.php(502): CodeIgniter\CodeIgniter->runController(Object(App\Controllers\AlumniAdmin))
 3 SYSTEMPATH\CodeIgniter.php(361): CodeIgniter\CodeIgniter->handleRequest(null, Object(Config\Cache), false)
 4 FCPATH\index.php(79): CodeIgniter\CodeIgniter->run()
WARNING - 2023-11-24 10:17:04 --> [DEPRECATED] Function strftime() is deprecated in APPPATH\Controllers\AlumniAdmin.php on line 89.
 1 SYSTEMPATH\CodeIgniter.php(942): App\Controllers\AlumniAdmin->ajax()
 2 SYSTEMPATH\CodeIgniter.php(502): CodeIgniter\CodeIgniter->runController(Object(App\Controllers\AlumniAdmin))
 3 SYSTEMPATH\CodeIgniter.php(361): CodeIgniter\CodeIgniter->handleRequest(null, Object(Config\Cache), false)
 4 FCPATH\index.php(79): CodeIgniter\CodeIgniter->run()
WARNING - 2023-11-24 10:17:04 --> [DEPRECATED] Function strftime() is deprecated in APPPATH\Controllers\AlumniAdmin.php on line 106.
 1 SYSTEMPATH\CodeIgniter.php(942): App\Controllers\AlumniAdmin->ajax()
 2 SYSTEMPATH\CodeIgniter.php(502): CodeIgniter\CodeIgniter->runController(Object(App\Controllers\AlumniAdmin))
 3 SYSTEMPATH\CodeIgniter.php(361): CodeIgniter\CodeIgniter->handleRequest(null, Object(Config\Cache), false)
 4 FCPATH\index.php(79): CodeIgniter\CodeIgniter->run()
WARNING - 2023-11-24 10:17:04 --> [DEPRECATED] Function strftime() is deprecated in APPPATH\Controllers\AlumniAdmin.php on line 89.
 1 SYSTEMPATH\CodeIgniter.php(942): App\Controllers\AlumniAdmin->ajax()
 2 SYSTEMPATH\CodeIgniter.php(502): CodeIgniter\CodeIgniter->runController(Object(App\Controllers\AlumniAdmin))
 3 SYSTEMPATH\CodeIgniter.php(361): CodeIgniter\CodeIgniter->handleRequest(null, Object(Config\Cache), false)
 4 FCPATH\index.php(79): CodeIgniter\CodeIgniter->run()
WARNING - 2023-11-24 10:17:04 --> [DEPRECATED] Function strftime() is deprecated in APPPATH\Controllers\AlumniAdmin.php on line 106.
 1 SYSTEMPATH\CodeIgniter.php(942): App\Controllers\AlumniAdmin->ajax()
 2 SYSTEMPATH\CodeIgniter.php(502): CodeIgniter\CodeIgniter->runController(Object(App\Controllers\AlumniAdmin))
 3 SYSTEMPATH\CodeIgniter.php(361): CodeIgniter\CodeIgniter->handleRequest(null, Object(Config\Cache), false)
 4 FCPATH\index.php(79): CodeIgniter\CodeIgniter->run()
INFO - 2023-11-24 10:17:11 --> Session: Class initialized using 'CodeIgniter\Session\Handlers\FileHandler' driver.
INFO - 2023-11-24 11:05:50 --> Session: Class initialized using 'CodeIgniter\Session\Handlers\FileHandler' driver.
INFO - 2023-11-24 11:07:21 --> Session: Class initialized using 'CodeIgniter\Session\Handlers\FileHandler' driver.
INFO - 2023-11-24 11:09:10 --> Session: Class initialized using 'CodeIgniter\Session\Handlers\FileHandler' driver.
INFO - 2023-11-24 11:12:18 --> Session: Class initialized using 'CodeIgniter\Session\Handlers\FileHandler' driver.
INFO - 2023-11-24 11:12:46 --> Session: Class initialized using 'CodeIgniter\Session\Handlers\FileHandler' driver.
INFO - 2023-11-24 11:19:57 --> Session: Class initialized using 'CodeIgniter\Session\Handlers\FileHandler' driver.
INFO - 2023-11-24 11:20:50 --> Session: Class initialized using 'CodeIgniter\Session\Handlers\FileHandler' driver.
INFO - 2023-11-24 11:21:04 --> Session: Class initialized using 'CodeIgniter\Session\Handlers\FileHandler' driver.
INFO - 2023-11-24 11:33:04 --> Session: Class initialized using 'CodeIgniter\Session\Handlers\FileHandler' driver.
INFO - 2023-11-24 11:33:43 --> Session: Class initialized using 'CodeIgniter\Session\Handlers\FileHandler' driver.
INFO - 2023-11-24 11:34:24 --> Session: Class initialized using 'CodeIgniter\Session\Handlers\FileHandler' driver.
INFO - 2023-11-24 11:34:42 --> Session: Class initialized using 'CodeIgniter\Session\Handlers\FileHandler' driver.
INFO - 2023-11-24 11:35:14 --> Session: Class initialized using 'CodeIgniter\Session\Handlers\FileHandler' driver.
INFO - 2023-11-24 11:39:29 --> Session: Class initialized using 'CodeIgniter\Session\Handlers\FileHandler' driver.
INFO - 2023-11-24 11:39:47 --> Session: Class initialized using 'CodeIgniter\Session\Handlers\FileHandler' driver.
INFO - 2023-11-24 11:39:50 --> Session: Class initialized using 'CodeIgniter\Session\Handlers\FileHandler' driver.
INFO - 2023-11-24 11:40:57 --> Session: Class initialized using 'CodeIgniter\Session\Handlers\FileHandler' driver.
INFO - 2023-11-24 11:43:17 --> Session: Class initialized using 'CodeIgniter\Session\Handlers\FileHandler' driver.
INFO - 2023-11-24 11:44:37 --> Session: Class initialized using 'CodeIgniter\Session\Handlers\FileHandler' driver.
INFO - 2023-11-24 11:46:05 --> Session: Class initialized using 'CodeIgniter\Session\Handlers\FileHandler' driver.
INFO - 2023-11-24 12:47:26 --> Session: Class initialized using 'CodeIgniter\Session\Handlers\FileHandler' driver.
INFO - 2023-11-24 12:47:32 --> Session: Class initialized using 'CodeIgniter\Session\Handlers\FileHandler' driver.
INFO - 2023-11-24 12:47:48 --> Session: Class initialized using 'CodeIgniter\Session\Handlers\FileHandler' driver.
INFO - 2023-11-24 12:48:10 --> Session: Class initialized using 'CodeIgniter\Session\Handlers\FileHandler' driver.
INFO - 2023-11-24 12:50:12 --> Session: Class initialized using 'CodeIgniter\Session\Handlers\FileHandler' driver.
INFO - 2023-11-24 12:51:19 --> Session: Class initialized using 'CodeIgniter\Session\Handlers\FileHandler' driver.
INFO - 2023-11-24 12:52:44 --> Session: Class initialized using 'CodeIgniter\Session\Handlers\FileHandler' driver.
INFO - 2023-11-24 12:53:07 --> Session: Class initialized using 'CodeIgniter\Session\Handlers\FileHandler' driver.
INFO - 2023-11-24 12:53:21 --> Session: Class initialized using 'CodeIgniter\Session\Handlers\FileHandler' driver.
INFO - 2023-11-24 12:56:02 --> Session: Class initialized using 'CodeIgniter\Session\Handlers\FileHandler' driver.
INFO - 2023-11-24 12:56:47 --> Session: Class initialized using 'CodeIgniter\Session\Handlers\FileHandler' driver.
INFO - 2023-11-24 12:57:16 --> Session: Class initialized using 'CodeIgniter\Session\Handlers\FileHandler' driver.
INFO - 2023-11-24 12:57:49 --> Session: Class initialized using 'CodeIgniter\Session\Handlers\FileHandler' driver.
INFO - 2023-11-24 12:58:10 --> Session: Class initialized using 'CodeIgniter\Session\Handlers\FileHandler' driver.
INFO - 2023-11-24 12:58:39 --> Session: Class initialized using 'CodeIgniter\Session\Handlers\FileHandler' driver.
INFO - 2023-11-24 13:04:59 --> Session: Class initialized using 'CodeIgniter\Session\Handlers\FileHandler' driver.
CRITICAL - 2023-11-24 13:04:59 --> Undefined variable $0
in APPPATH\Views\dashboard-admin\home\index.php on line 80.
 1 APPPATH\Views\dashboard-admin\home\index.php(80): CodeIgniter\Debug\Exceptions->errorHandler(2, 'Undefined variable $0', 'C:\\Users\\wanad\\xampp8\\htdocs\\traceralumnisi-ci4\\admin-ci4\\app\\Views\\dashboard-admin\\home\\index.php', 80)
 2 SYSTEMPATH\View\View.php(228): include('C:\\Users\\wanad\\xampp8\\htdocs\\traceralumnisi-ci4\\admin-ci4\\app\\Views\\dashboard-admin\\home\\index.php')
 3 SYSTEMPATH\View\View.php(231): CodeIgniter\View\View->CodeIgniter\View\{closure}()
 4 SYSTEMPATH\Common.php(1190): CodeIgniter\View\View->render('dashboard-admin/home/index', [], true)
 5 APPPATH\Controllers\HomeAdmin.php(28): view('dashboard-admin/home/index', [...])
 6 SYSTEMPATH\CodeIgniter.php(942): App\Controllers\HomeAdmin->index()
 7 SYSTEMPATH\CodeIgniter.php(502): CodeIgniter\CodeIgniter->runController(Object(App\Controllers\HomeAdmin))
 8 SYSTEMPATH\CodeIgniter.php(361): CodeIgniter\CodeIgniter->handleRequest(null, Object(Config\Cache), false)
 9 FCPATH\index.php(79): CodeIgniter\CodeIgniter->run()
INFO - 2023-11-24 13:05:35 --> Session: Class initialized using 'CodeIgniter\Session\Handlers\FileHandler' driver.
CRITICAL - 2023-11-24 13:05:35 --> Undefined variable $0
in APPPATH\Views\dashboard-admin\home\index.php on line 80.
 1 APPPATH\Views\dashboard-admin\home\index.php(80): CodeIgniter\Debug\Exceptions->errorHandler(2, 'Undefined variable $0', 'C:\\Users\\wanad\\xampp8\\htdocs\\traceralumnisi-ci4\\admin-ci4\\app\\Views\\dashboard-admin\\home\\index.php', 80)
 2 SYSTEMPATH\View\View.php(228): include('C:\\Users\\wanad\\xampp8\\htdocs\\traceralumnisi-ci4\\admin-ci4\\app\\Views\\dashboard-admin\\home\\index.php')
 3 SYSTEMPATH\View\View.php(231): CodeIgniter\View\View->CodeIgniter\View\{closure}()
 4 SYSTEMPATH\Common.php(1190): CodeIgniter\View\View->render('dashboard-admin/home/index', [], true)
 5 APPPATH\Controllers\HomeAdmin.php(28): view('dashboard-admin/home/index', [...])
 6 SYSTEMPATH\CodeIgniter.php(942): App\Controllers\HomeAdmin->index()
 7 SYSTEMPATH\CodeIgniter.php(502): CodeIgniter\CodeIgniter->runController(Object(App\Controllers\HomeAdmin))
 8 SYSTEMPATH\CodeIgniter.php(361): CodeIgniter\CodeIgniter->handleRequest(null, Object(Config\Cache), false)
 9 FCPATH\index.php(79): CodeIgniter\CodeIgniter->run()
INFO - 2023-11-24 13:06:53 --> Session: Class initialized using 'CodeIgniter\Session\Handlers\FileHandler' driver.
INFO - 2023-11-24 13:07:15 --> Session: Class initialized using 'CodeIgniter\Session\Handlers\FileHandler' driver.
INFO - 2023-11-24 13:07:39 --> Session: Class initialized using 'CodeIgniter\Session\Handlers\FileHandler' driver.
INFO - 2023-11-24 13:07:53 --> Session: Class initialized using 'CodeIgniter\Session\Handlers\FileHandler' driver.
INFO - 2023-11-24 13:08:06 --> Session: Class initialized using 'CodeIgniter\Session\Handlers\FileHandler' driver.
INFO - 2023-11-24 13:09:39 --> Session: Class initialized using 'CodeIgniter\Session\Handlers\FileHandler' driver.
INFO - 2023-11-24 13:14:27 --> Session: Class initialized using 'CodeIgniter\Session\Handlers\FileHandler' driver.
INFO - 2023-11-24 13:14:49 --> Session: Class initialized using 'CodeIgniter\Session\Handlers\FileHandler' driver.
INFO - 2023-11-24 13:15:13 --> Session: Class initialized using 'CodeIgniter\Session\Handlers\FileHandler' driver.
INFO - 2023-11-24 13:15:15 --> Session: Class initialized using 'CodeIgniter\Session\Handlers\FileHandler' driver.
WARNING - 2023-11-24 13:15:15 --> [DEPRECATED] Function strftime() is deprecated in APPPATH\Controllers\KuesionerAdmin.php on line 78.
 1 SYSTEMPATH\CodeIgniter.php(942): App\Controllers\KuesionerAdmin->ajax()
 2 SYSTEMPATH\CodeIgniter.php(502): CodeIgniter\CodeIgniter->runController(Object(App\Controllers\KuesionerAdmin))
 3 SYSTEMPATH\CodeIgniter.php(361): CodeIgniter\CodeIgniter->handleRequest(null, Object(Config\Cache), false)
 4 FCPATH\index.php(79): CodeIgniter\CodeIgniter->run()
WARNING - 2023-11-24 13:15:15 --> [DEPRECATED] Function strftime() is deprecated in APPPATH\Controllers\KuesionerAdmin.php on line 79.
 1 SYSTEMPATH\CodeIgniter.php(942): App\Controllers\KuesionerAdmin->ajax()
 2 SYSTEMPATH\CodeIgniter.php(502): CodeIgniter\CodeIgniter->runController(Object(App\Controllers\KuesionerAdmin))
 3 SYSTEMPATH\CodeIgniter.php(361): CodeIgniter\CodeIgniter->handleRequest(null, Object(Config\Cache), false)
 4 FCPATH\index.php(79): CodeIgniter\CodeIgniter->run()
INFO - 2023-11-24 13:15:53 --> Session: Class initialized using 'CodeIgniter\Session\Handlers\FileHandler' driver.
WARNING - 2023-11-24 13:15:53 --> [DEPRECATED] Function strftime() is deprecated in APPPATH\Views\dashboard-admin\kuesioner\details.php on line 88.
 1 SYSTEMPATH\View\View.php(228): include('C:\\Users\\wanad\\xampp8\\htdocs\\traceralumnisi-ci4\\admin-ci4\\app\\Views\\dashboard-admin\\kuesioner\\details.php')
 2 SYSTEMPATH\View\View.php(231): CodeIgniter\View\View->CodeIgniter\View\{closure}()
 3 SYSTEMPATH\Common.php(1190): CodeIgniter\View\View->render('dashboard-admin/kuesioner/details', [], true)
 4 APPPATH\Controllers\KuesionerAdmin.php(104): view('dashboard-admin/kuesioner/details', [...])
 5 SYSTEMPATH\CodeIgniter.php(942): App\Controllers\KuesionerAdmin->details('3')
 6 SYSTEMPATH\CodeIgniter.php(502): CodeIgniter\CodeIgniter->runController(Object(App\Controllers\KuesionerAdmin))
 7 SYSTEMPATH\CodeIgniter.php(361): CodeIgniter\CodeIgniter->handleRequest(null, Object(Config\Cache), false)
 8 FCPATH\index.php(79): CodeIgniter\CodeIgniter->run()
WARNING - 2023-11-24 13:15:53 --> [DEPRECATED] Function strftime() is deprecated in APPPATH\Views\dashboard-admin\kuesioner\details.php on line 94.
 1 SYSTEMPATH\View\View.php(228): include('C:\\Users\\wanad\\xampp8\\htdocs\\traceralumnisi-ci4\\admin-ci4\\app\\Views\\dashboard-admin\\kuesioner\\details.php')
 2 SYSTEMPATH\View\View.php(231): CodeIgniter\View\View->CodeIgniter\View\{closure}()
 3 SYSTEMPATH\Common.php(1190): CodeIgniter\View\View->render('dashboard-admin/kuesioner/details', [], true)
 4 APPPATH\Controllers\KuesionerAdmin.php(104): view('dashboard-admin/kuesioner/details', [...])
 5 SYSTEMPATH\CodeIgniter.php(942): App\Controllers\KuesionerAdmin->details('3')
 6 SYSTEMPATH\CodeIgniter.php(502): CodeIgniter\CodeIgniter->runController(Object(App\Controllers\KuesionerAdmin))
 7 SYSTEMPATH\CodeIgniter.php(361): CodeIgniter\CodeIgniter->handleRequest(null, Object(Config\Cache), false)
 8 FCPATH\index.php(79): CodeIgniter\CodeIgniter->run()
INFO - 2023-11-24 13:16:11 --> Session: Class initialized using 'CodeIgniter\Session\Handlers\FileHandler' driver.
INFO - 2023-11-24 13:16:45 --> Session: Class initialized using 'CodeIgniter\Session\Handlers\FileHandler' driver.
INFO - 2023-11-24 13:16:47 --> Session: Class initialized using 'CodeIgniter\Session\Handlers\FileHandler' driver.
WARNING - 2023-11-24 13:16:47 --> [DEPRECATED] Function strftime() is deprecated in APPPATH\Controllers\KuesionerAdmin.php on line 78.
 1 SYSTEMPATH\CodeIgniter.php(942): App\Controllers\KuesionerAdmin->ajax()
 2 SYSTEMPATH\CodeIgniter.php(502): CodeIgniter\CodeIgniter->runController(Object(App\Controllers\KuesionerAdmin))
 3 SYSTEMPATH\CodeIgniter.php(361): CodeIgniter\CodeIgniter->handleRequest(null, Object(Config\Cache), false)
 4 FCPATH\index.php(79): CodeIgniter\CodeIgniter->run()
WARNING - 2023-11-24 13:16:47 --> [DEPRECATED] Function strftime() is deprecated in APPPATH\Controllers\KuesionerAdmin.php on line 79.
 1 SYSTEMPATH\CodeIgniter.php(942): App\Controllers\KuesionerAdmin->ajax()
 2 SYSTEMPATH\CodeIgniter.php(502): CodeIgniter\CodeIgniter->runController(Object(App\Controllers\KuesionerAdmin))
 3 SYSTEMPATH\CodeIgniter.php(361): CodeIgniter\CodeIgniter->handleRequest(null, Object(Config\Cache), false)
 4 FCPATH\index.php(79): CodeIgniter\CodeIgniter->run()
INFO - 2023-11-24 13:16:48 --> Session: Class initialized using 'CodeIgniter\Session\Handlers\FileHandler' driver.
WARNING - 2023-11-24 13:16:49 --> [DEPRECATED] Function strftime() is deprecated in APPPATH\Views\dashboard-admin\kuesioner\details.php on line 88.
 1 SYSTEMPATH\View\View.php(228): include('C:\\Users\\wanad\\xampp8\\htdocs\\traceralumnisi-ci4\\admin-ci4\\app\\Views\\dashboard-admin\\kuesioner\\details.php')
 2 SYSTEMPATH\View\View.php(231): CodeIgniter\View\View->CodeIgniter\View\{closure}()
 3 SYSTEMPATH\Common.php(1190): CodeIgniter\View\View->render('dashboard-admin/kuesioner/details', [], true)
 4 APPPATH\Controllers\KuesionerAdmin.php(104): view('dashboard-admin/kuesioner/details', [...])
 5 SYSTEMPATH\CodeIgniter.php(942): App\Controllers\KuesionerAdmin->details('3')
 6 SYSTEMPATH\CodeIgniter.php(502): CodeIgniter\CodeIgniter->runController(Object(App\Controllers\KuesionerAdmin))
 7 SYSTEMPATH\CodeIgniter.php(361): CodeIgniter\CodeIgniter->handleRequest(null, Object(Config\Cache), false)
 8 FCPATH\index.php(79): CodeIgniter\CodeIgniter->run()
WARNING - 2023-11-24 13:16:49 --> [DEPRECATED] Function strftime() is deprecated in APPPATH\Views\dashboard-admin\kuesioner\details.php on line 94.
 1 SYSTEMPATH\View\View.php(228): include('C:\\Users\\wanad\\xampp8\\htdocs\\traceralumnisi-ci4\\admin-ci4\\app\\Views\\dashboard-admin\\kuesioner\\details.php')
 2 SYSTEMPATH\View\View.php(231): CodeIgniter\View\View->CodeIgniter\View\{closure}()
 3 SYSTEMPATH\Common.php(1190): CodeIgniter\View\View->render('dashboard-admin/kuesioner/details', [], true)
 4 APPPATH\Controllers\KuesionerAdmin.php(104): view('dashboard-admin/kuesioner/details', [...])
 5 SYSTEMPATH\CodeIgniter.php(942): App\Controllers\KuesionerAdmin->details('3')
 6 SYSTEMPATH\CodeIgniter.php(502): CodeIgniter\CodeIgniter->runController(Object(App\Controllers\KuesionerAdmin))
 7 SYSTEMPATH\CodeIgniter.php(361): CodeIgniter\CodeIgniter->handleRequest(null, Object(Config\Cache), false)
 8 FCPATH\index.php(79): CodeIgniter\CodeIgniter->run()
INFO - 2023-11-24 13:18:51 --> Session: Class initialized using 'CodeIgniter\Session\Handlers\FileHandler' driver.
INFO - 2023-11-24 13:20:51 --> Session: Class initialized using 'CodeIgniter\Session\Handlers\FileHandler' driver.
INFO - 2023-11-24 13:21:47 --> Session: Class initialized using 'CodeIgniter\Session\Handlers\FileHandler' driver.
