INFO - 2023-12-13 08:25:05 --> Session: Class initialized using 'CodeIgniter\Session\Handlers\FileHandler' driver.
INFO - 2023-12-13 08:25:15 --> Session: Class initialized using 'CodeIgniter\Session\Handlers\FileHandler' driver.
INFO - 2023-12-13 08:25:15 --> Session: Class initialized using 'CodeIgniter\Session\Handlers\FileHandler' driver.
INFO - 2023-12-13 08:25:24 --> Session: Class initialized using 'CodeIgniter\Session\Handlers\FileHandler' driver.
INFO - 2023-12-13 08:25:27 --> Session: Class initialized using 'CodeIgniter\Session\Handlers\FileHandler' driver.
WARNING - 2023-12-13 08:25:27 --> [DEPRECATED] Function strftime() is deprecated in APPPATH\Controllers\AlumniAdmin.php on line 183.
 1 SYSTEMPATH\CodeIgniter.php(942): App\Controllers\AlumniAdmin->ajax()
 2 SYSTEMPATH\CodeIgniter.php(502): CodeIgniter\CodeIgniter->runController(Object(App\Controllers\AlumniAdmin))
 3 SYSTEMPATH\CodeIgniter.php(361): CodeIgniter\CodeIgniter->handleRequest(null, Object(Config\Cache), false)
 4 FCPATH\index.php(79): CodeIgniter\CodeIgniter->run()
WARNING - 2023-12-13 08:25:27 --> [DEPRECATED] Function strftime() is deprecated in APPPATH\Controllers\AlumniAdmin.php on line 183.
 1 SYSTEMPATH\CodeIgniter.php(942): App\Controllers\AlumniAdmin->ajax()
 2 SYSTEMPATH\CodeIgniter.php(502): CodeIgniter\CodeIgniter->runController(Object(App\Controllers\AlumniAdmin))
 3 SYSTEMPATH\CodeIgniter.php(361): CodeIgniter\CodeIgniter->handleRequest(null, Object(Config\Cache), false)
 4 FCPATH\index.php(79): CodeIgniter\CodeIgniter->run()
WARNING - 2023-12-13 08:25:27 --> [DEPRECATED] Function strftime() is deprecated in APPPATH\Controllers\AlumniAdmin.php on line 183.
 1 SYSTEMPATH\CodeIgniter.php(942): App\Controllers\AlumniAdmin->ajax()
 2 SYSTEMPATH\CodeIgniter.php(502): CodeIgniter\CodeIgniter->runController(Object(App\Controllers\AlumniAdmin))
 3 SYSTEMPATH\CodeIgniter.php(361): CodeIgniter\CodeIgniter->handleRequest(null, Object(Config\Cache), false)
 4 FCPATH\index.php(79): CodeIgniter\CodeIgniter->run()
WARNING - 2023-12-13 08:25:27 --> [DEPRECATED] Function strftime() is deprecated in APPPATH\Controllers\AlumniAdmin.php on line 183.
 1 SYSTEMPATH\CodeIgniter.php(942): App\Controllers\AlumniAdmin->ajax()
 2 SYSTEMPATH\CodeIgniter.php(502): CodeIgniter\CodeIgniter->runController(Object(App\Controllers\AlumniAdmin))
 3 SYSTEMPATH\CodeIgniter.php(361): CodeIgniter\CodeIgniter->handleRequest(null, Object(Config\Cache), false)
 4 FCPATH\index.php(79): CodeIgniter\CodeIgniter->run()
WARNING - 2023-12-13 08:25:27 --> [DEPRECATED] Function strftime() is deprecated in APPPATH\Controllers\AlumniAdmin.php on line 183.
 1 SYSTEMPATH\CodeIgniter.php(942): App\Controllers\AlumniAdmin->ajax()
 2 SYSTEMPATH\CodeIgniter.php(502): CodeIgniter\CodeIgniter->runController(Object(App\Controllers\AlumniAdmin))
 3 SYSTEMPATH\CodeIgniter.php(361): CodeIgniter\CodeIgniter->handleRequest(null, Object(Config\Cache), false)
 4 FCPATH\index.php(79): CodeIgniter\CodeIgniter->run()
WARNING - 2023-12-13 08:25:27 --> [DEPRECATED] Function strftime() is deprecated in APPPATH\Controllers\AlumniAdmin.php on line 183.
 1 SYSTEMPATH\CodeIgniter.php(942): App\Controllers\AlumniAdmin->ajax()
 2 SYSTEMPATH\CodeIgniter.php(502): CodeIgniter\CodeIgniter->runController(Object(App\Controllers\AlumniAdmin))
 3 SYSTEMPATH\CodeIgniter.php(361): CodeIgniter\CodeIgniter->handleRequest(null, Object(Config\Cache), false)
 4 FCPATH\index.php(79): CodeIgniter\CodeIgniter->run()
WARNING - 2023-12-13 08:25:27 --> [DEPRECATED] Function strftime() is deprecated in APPPATH\Controllers\AlumniAdmin.php on line 183.
 1 SYSTEMPATH\CodeIgniter.php(942): App\Controllers\AlumniAdmin->ajax()
 2 SYSTEMPATH\CodeIgniter.php(502): CodeIgniter\CodeIgniter->runController(Object(App\Controllers\AlumniAdmin))
 3 SYSTEMPATH\CodeIgniter.php(361): CodeIgniter\CodeIgniter->handleRequest(null, Object(Config\Cache), false)
 4 FCPATH\index.php(79): CodeIgniter\CodeIgniter->run()
WARNING - 2023-12-13 08:25:27 --> [DEPRECATED] Function strftime() is deprecated in APPPATH\Controllers\AlumniAdmin.php on line 183.
 1 SYSTEMPATH\CodeIgniter.php(942): App\Controllers\AlumniAdmin->ajax()
 2 SYSTEMPATH\CodeIgniter.php(502): CodeIgniter\CodeIgniter->runController(Object(App\Controllers\AlumniAdmin))
 3 SYSTEMPATH\CodeIgniter.php(361): CodeIgniter\CodeIgniter->handleRequest(null, Object(Config\Cache), false)
 4 FCPATH\index.php(79): CodeIgniter\CodeIgniter->run()
WARNING - 2023-12-13 08:25:27 --> [DEPRECATED] Function strftime() is deprecated in APPPATH\Controllers\AlumniAdmin.php on line 183.
 1 SYSTEMPATH\CodeIgniter.php(942): App\Controllers\AlumniAdmin->ajax()
 2 SYSTEMPATH\CodeIgniter.php(502): CodeIgniter\CodeIgniter->runController(Object(App\Controllers\AlumniAdmin))
 3 SYSTEMPATH\CodeIgniter.php(361): CodeIgniter\CodeIgniter->handleRequest(null, Object(Config\Cache), false)
 4 FCPATH\index.php(79): CodeIgniter\CodeIgniter->run()
WARNING - 2023-12-13 08:25:27 --> [DEPRECATED] Function strftime() is deprecated in APPPATH\Controllers\AlumniAdmin.php on line 183.
 1 SYSTEMPATH\CodeIgniter.php(942): App\Controllers\AlumniAdmin->ajax()
 2 SYSTEMPATH\CodeIgniter.php(502): CodeIgniter\CodeIgniter->runController(Object(App\Controllers\AlumniAdmin))
 3 SYSTEMPATH\CodeIgniter.php(361): CodeIgniter\CodeIgniter->handleRequest(null, Object(Config\Cache), false)
 4 FCPATH\index.php(79): CodeIgniter\CodeIgniter->run()
WARNING - 2023-12-13 08:25:27 --> [DEPRECATED] Function strftime() is deprecated in APPPATH\Controllers\AlumniAdmin.php on line 183.
 1 SYSTEMPATH\CodeIgniter.php(942): App\Controllers\AlumniAdmin->ajax()
 2 SYSTEMPATH\CodeIgniter.php(502): CodeIgniter\CodeIgniter->runController(Object(App\Controllers\AlumniAdmin))
 3 SYSTEMPATH\CodeIgniter.php(361): CodeIgniter\CodeIgniter->handleRequest(null, Object(Config\Cache), false)
 4 FCPATH\index.php(79): CodeIgniter\CodeIgniter->run()
WARNING - 2023-12-13 08:25:27 --> [DEPRECATED] Function strftime() is deprecated in APPPATH\Controllers\AlumniAdmin.php on line 183.
 1 SYSTEMPATH\CodeIgniter.php(942): App\Controllers\AlumniAdmin->ajax()
 2 SYSTEMPATH\CodeIgniter.php(502): CodeIgniter\CodeIgniter->runController(Object(App\Controllers\AlumniAdmin))
 3 SYSTEMPATH\CodeIgniter.php(361): CodeIgniter\CodeIgniter->handleRequest(null, Object(Config\Cache), false)
 4 FCPATH\index.php(79): CodeIgniter\CodeIgniter->run()
WARNING - 2023-12-13 08:25:27 --> [DEPRECATED] Function strftime() is deprecated in APPPATH\Controllers\AlumniAdmin.php on line 183.
 1 SYSTEMPATH\CodeIgniter.php(942): App\Controllers\AlumniAdmin->ajax()
 2 SYSTEMPATH\CodeIgniter.php(502): CodeIgniter\CodeIgniter->runController(Object(App\Controllers\AlumniAdmin))
 3 SYSTEMPATH\CodeIgniter.php(361): CodeIgniter\CodeIgniter->handleRequest(null, Object(Config\Cache), false)
 4 FCPATH\index.php(79): CodeIgniter\CodeIgniter->run()
WARNING - 2023-12-13 08:25:27 --> [DEPRECATED] Function strftime() is deprecated in APPPATH\Controllers\AlumniAdmin.php on line 183.
 1 SYSTEMPATH\CodeIgniter.php(942): App\Controllers\AlumniAdmin->ajax()
 2 SYSTEMPATH\CodeIgniter.php(502): CodeIgniter\CodeIgniter->runController(Object(App\Controllers\AlumniAdmin))
 3 SYSTEMPATH\CodeIgniter.php(361): CodeIgniter\CodeIgniter->handleRequest(null, Object(Config\Cache), false)
 4 FCPATH\index.php(79): CodeIgniter\CodeIgniter->run()
WARNING - 2023-12-13 08:25:27 --> [DEPRECATED] Function strftime() is deprecated in APPPATH\Controllers\AlumniAdmin.php on line 183.
 1 SYSTEMPATH\CodeIgniter.php(942): App\Controllers\AlumniAdmin->ajax()
 2 SYSTEMPATH\CodeIgniter.php(502): CodeIgniter\CodeIgniter->runController(Object(App\Controllers\AlumniAdmin))
 3 SYSTEMPATH\CodeIgniter.php(361): CodeIgniter\CodeIgniter->handleRequest(null, Object(Config\Cache), false)
 4 FCPATH\index.php(79): CodeIgniter\CodeIgniter->run()
WARNING - 2023-12-13 08:25:27 --> [DEPRECATED] Function strftime() is deprecated in APPPATH\Controllers\AlumniAdmin.php on line 183.
 1 SYSTEMPATH\CodeIgniter.php(942): App\Controllers\AlumniAdmin->ajax()
 2 SYSTEMPATH\CodeIgniter.php(502): CodeIgniter\CodeIgniter->runController(Object(App\Controllers\AlumniAdmin))
 3 SYSTEMPATH\CodeIgniter.php(361): CodeIgniter\CodeIgniter->handleRequest(null, Object(Config\Cache), false)
 4 FCPATH\index.php(79): CodeIgniter\CodeIgniter->run()
WARNING - 2023-12-13 08:25:27 --> [DEPRECATED] Function strftime() is deprecated in APPPATH\Controllers\AlumniAdmin.php on line 183.
 1 SYSTEMPATH\CodeIgniter.php(942): App\Controllers\AlumniAdmin->ajax()
 2 SYSTEMPATH\CodeIgniter.php(502): CodeIgniter\CodeIgniter->runController(Object(App\Controllers\AlumniAdmin))
 3 SYSTEMPATH\CodeIgniter.php(361): CodeIgniter\CodeIgniter->handleRequest(null, Object(Config\Cache), false)
 4 FCPATH\index.php(79): CodeIgniter\CodeIgniter->run()
WARNING - 2023-12-13 08:25:27 --> [DEPRECATED] Function strftime() is deprecated in APPPATH\Controllers\AlumniAdmin.php on line 183.
 1 SYSTEMPATH\CodeIgniter.php(942): App\Controllers\AlumniAdmin->ajax()
 2 SYSTEMPATH\CodeIgniter.php(502): CodeIgniter\CodeIgniter->runController(Object(App\Controllers\AlumniAdmin))
 3 SYSTEMPATH\CodeIgniter.php(361): CodeIgniter\CodeIgniter->handleRequest(null, Object(Config\Cache), false)
 4 FCPATH\index.php(79): CodeIgniter\CodeIgniter->run()
WARNING - 2023-12-13 08:25:27 --> [DEPRECATED] Function strftime() is deprecated in APPPATH\Controllers\AlumniAdmin.php on line 183.
 1 SYSTEMPATH\CodeIgniter.php(942): App\Controllers\AlumniAdmin->ajax()
 2 SYSTEMPATH\CodeIgniter.php(502): CodeIgniter\CodeIgniter->runController(Object(App\Controllers\AlumniAdmin))
 3 SYSTEMPATH\CodeIgniter.php(361): CodeIgniter\CodeIgniter->handleRequest(null, Object(Config\Cache), false)
 4 FCPATH\index.php(79): CodeIgniter\CodeIgniter->run()
WARNING - 2023-12-13 08:25:27 --> [DEPRECATED] Function strftime() is deprecated in APPPATH\Controllers\AlumniAdmin.php on line 183.
 1 SYSTEMPATH\CodeIgniter.php(942): App\Controllers\AlumniAdmin->ajax()
 2 SYSTEMPATH\CodeIgniter.php(502): CodeIgniter\CodeIgniter->runController(Object(App\Controllers\AlumniAdmin))
 3 SYSTEMPATH\CodeIgniter.php(361): CodeIgniter\CodeIgniter->handleRequest(null, Object(Config\Cache), false)
 4 FCPATH\index.php(79): CodeIgniter\CodeIgniter->run()
INFO - 2023-12-13 08:25:32 --> Session: Class initialized using 'CodeIgniter\Session\Handlers\FileHandler' driver.
WARNING - 2023-12-13 08:25:32 --> [DEPRECATED] Function strftime() is deprecated in APPPATH\Controllers\AlumniAdmin.php on line 183.
 1 SYSTEMPATH\CodeIgniter.php(942): App\Controllers\AlumniAdmin->ajax()
 2 SYSTEMPATH\CodeIgniter.php(502): CodeIgniter\CodeIgniter->runController(Object(App\Controllers\AlumniAdmin))
 3 SYSTEMPATH\CodeIgniter.php(361): CodeIgniter\CodeIgniter->handleRequest(null, Object(Config\Cache), false)
 4 FCPATH\index.php(79): CodeIgniter\CodeIgniter->run()
WARNING - 2023-12-13 08:25:32 --> [DEPRECATED] Function strftime() is deprecated in APPPATH\Controllers\AlumniAdmin.php on line 183.
 1 SYSTEMPATH\CodeIgniter.php(942): App\Controllers\AlumniAdmin->ajax()
 2 SYSTEMPATH\CodeIgniter.php(502): CodeIgniter\CodeIgniter->runController(Object(App\Controllers\AlumniAdmin))
 3 SYSTEMPATH\CodeIgniter.php(361): CodeIgniter\CodeIgniter->handleRequest(null, Object(Config\Cache), false)
 4 FCPATH\index.php(79): CodeIgniter\CodeIgniter->run()
WARNING - 2023-12-13 08:25:32 --> [DEPRECATED] Function strftime() is deprecated in APPPATH\Controllers\AlumniAdmin.php on line 183.
 1 SYSTEMPATH\CodeIgniter.php(942): App\Controllers\AlumniAdmin->ajax()
 2 SYSTEMPATH\CodeIgniter.php(502): CodeIgniter\CodeIgniter->runController(Object(App\Controllers\AlumniAdmin))
 3 SYSTEMPATH\CodeIgniter.php(361): CodeIgniter\CodeIgniter->handleRequest(null, Object(Config\Cache), false)
 4 FCPATH\index.php(79): CodeIgniter\CodeIgniter->run()
WARNING - 2023-12-13 08:25:32 --> [DEPRECATED] Function strftime() is deprecated in APPPATH\Controllers\AlumniAdmin.php on line 183.
 1 SYSTEMPATH\CodeIgniter.php(942): App\Controllers\AlumniAdmin->ajax()
 2 SYSTEMPATH\CodeIgniter.php(502): CodeIgniter\CodeIgniter->runController(Object(App\Controllers\AlumniAdmin))
 3 SYSTEMPATH\CodeIgniter.php(361): CodeIgniter\CodeIgniter->handleRequest(null, Object(Config\Cache), false)
 4 FCPATH\index.php(79): CodeIgniter\CodeIgniter->run()
WARNING - 2023-12-13 08:25:32 --> [DEPRECATED] Function strftime() is deprecated in APPPATH\Controllers\AlumniAdmin.php on line 183.
 1 SYSTEMPATH\CodeIgniter.php(942): App\Controllers\AlumniAdmin->ajax()
 2 SYSTEMPATH\CodeIgniter.php(502): CodeIgniter\CodeIgniter->runController(Object(App\Controllers\AlumniAdmin))
 3 SYSTEMPATH\CodeIgniter.php(361): CodeIgniter\CodeIgniter->handleRequest(null, Object(Config\Cache), false)
 4 FCPATH\index.php(79): CodeIgniter\CodeIgniter->run()
WARNING - 2023-12-13 08:25:32 --> [DEPRECATED] Function strftime() is deprecated in APPPATH\Controllers\AlumniAdmin.php on line 183.
 1 SYSTEMPATH\CodeIgniter.php(942): App\Controllers\AlumniAdmin->ajax()
 2 SYSTEMPATH\CodeIgniter.php(502): CodeIgniter\CodeIgniter->runController(Object(App\Controllers\AlumniAdmin))
 3 SYSTEMPATH\CodeIgniter.php(361): CodeIgniter\CodeIgniter->handleRequest(null, Object(Config\Cache), false)
 4 FCPATH\index.php(79): CodeIgniter\CodeIgniter->run()
WARNING - 2023-12-13 08:25:32 --> [DEPRECATED] Function strftime() is deprecated in APPPATH\Controllers\AlumniAdmin.php on line 183.
 1 SYSTEMPATH\CodeIgniter.php(942): App\Controllers\AlumniAdmin->ajax()
 2 SYSTEMPATH\CodeIgniter.php(502): CodeIgniter\CodeIgniter->runController(Object(App\Controllers\AlumniAdmin))
 3 SYSTEMPATH\CodeIgniter.php(361): CodeIgniter\CodeIgniter->handleRequest(null, Object(Config\Cache), false)
 4 FCPATH\index.php(79): CodeIgniter\CodeIgniter->run()
WARNING - 2023-12-13 08:25:32 --> [DEPRECATED] Function strftime() is deprecated in APPPATH\Controllers\AlumniAdmin.php on line 183.
 1 SYSTEMPATH\CodeIgniter.php(942): App\Controllers\AlumniAdmin->ajax()
 2 SYSTEMPATH\CodeIgniter.php(502): CodeIgniter\CodeIgniter->runController(Object(App\Controllers\AlumniAdmin))
 3 SYSTEMPATH\CodeIgniter.php(361): CodeIgniter\CodeIgniter->handleRequest(null, Object(Config\Cache), false)
 4 FCPATH\index.php(79): CodeIgniter\CodeIgniter->run()
WARNING - 2023-12-13 08:25:32 --> [DEPRECATED] Function strftime() is deprecated in APPPATH\Controllers\AlumniAdmin.php on line 183.
 1 SYSTEMPATH\CodeIgniter.php(942): App\Controllers\AlumniAdmin->ajax()
 2 SYSTEMPATH\CodeIgniter.php(502): CodeIgniter\CodeIgniter->runController(Object(App\Controllers\AlumniAdmin))
 3 SYSTEMPATH\CodeIgniter.php(361): CodeIgniter\CodeIgniter->handleRequest(null, Object(Config\Cache), false)
 4 FCPATH\index.php(79): CodeIgniter\CodeIgniter->run()
WARNING - 2023-12-13 08:25:32 --> [DEPRECATED] Function strftime() is deprecated in APPPATH\Controllers\AlumniAdmin.php on line 183.
 1 SYSTEMPATH\CodeIgniter.php(942): App\Controllers\AlumniAdmin->ajax()
 2 SYSTEMPATH\CodeIgniter.php(502): CodeIgniter\CodeIgniter->runController(Object(App\Controllers\AlumniAdmin))
 3 SYSTEMPATH\CodeIgniter.php(361): CodeIgniter\CodeIgniter->handleRequest(null, Object(Config\Cache), false)
 4 FCPATH\index.php(79): CodeIgniter\CodeIgniter->run()
WARNING - 2023-12-13 08:25:32 --> [DEPRECATED] Function strftime() is deprecated in APPPATH\Controllers\AlumniAdmin.php on line 183.
 1 SYSTEMPATH\CodeIgniter.php(942): App\Controllers\AlumniAdmin->ajax()
 2 SYSTEMPATH\CodeIgniter.php(502): CodeIgniter\CodeIgniter->runController(Object(App\Controllers\AlumniAdmin))
 3 SYSTEMPATH\CodeIgniter.php(361): CodeIgniter\CodeIgniter->handleRequest(null, Object(Config\Cache), false)
 4 FCPATH\index.php(79): CodeIgniter\CodeIgniter->run()
WARNING - 2023-12-13 08:25:32 --> [DEPRECATED] Function strftime() is deprecated in APPPATH\Controllers\AlumniAdmin.php on line 183.
 1 SYSTEMPATH\CodeIgniter.php(942): App\Controllers\AlumniAdmin->ajax()
 2 SYSTEMPATH\CodeIgniter.php(502): CodeIgniter\CodeIgniter->runController(Object(App\Controllers\AlumniAdmin))
 3 SYSTEMPATH\CodeIgniter.php(361): CodeIgniter\CodeIgniter->handleRequest(null, Object(Config\Cache), false)
 4 FCPATH\index.php(79): CodeIgniter\CodeIgniter->run()
WARNING - 2023-12-13 08:25:32 --> [DEPRECATED] Function strftime() is deprecated in APPPATH\Controllers\AlumniAdmin.php on line 183.
 1 SYSTEMPATH\CodeIgniter.php(942): App\Controllers\AlumniAdmin->ajax()
 2 SYSTEMPATH\CodeIgniter.php(502): CodeIgniter\CodeIgniter->runController(Object(App\Controllers\AlumniAdmin))
 3 SYSTEMPATH\CodeIgniter.php(361): CodeIgniter\CodeIgniter->handleRequest(null, Object(Config\Cache), false)
 4 FCPATH\index.php(79): CodeIgniter\CodeIgniter->run()
WARNING - 2023-12-13 08:25:32 --> [DEPRECATED] Function strftime() is deprecated in APPPATH\Controllers\AlumniAdmin.php on line 183.
 1 SYSTEMPATH\CodeIgniter.php(942): App\Controllers\AlumniAdmin->ajax()
 2 SYSTEMPATH\CodeIgniter.php(502): CodeIgniter\CodeIgniter->runController(Object(App\Controllers\AlumniAdmin))
 3 SYSTEMPATH\CodeIgniter.php(361): CodeIgniter\CodeIgniter->handleRequest(null, Object(Config\Cache), false)
 4 FCPATH\index.php(79): CodeIgniter\CodeIgniter->run()
WARNING - 2023-12-13 08:25:32 --> [DEPRECATED] Function strftime() is deprecated in APPPATH\Controllers\AlumniAdmin.php on line 183.
 1 SYSTEMPATH\CodeIgniter.php(942): App\Controllers\AlumniAdmin->ajax()
 2 SYSTEMPATH\CodeIgniter.php(502): CodeIgniter\CodeIgniter->runController(Object(App\Controllers\AlumniAdmin))
 3 SYSTEMPATH\CodeIgniter.php(361): CodeIgniter\CodeIgniter->handleRequest(null, Object(Config\Cache), false)
 4 FCPATH\index.php(79): CodeIgniter\CodeIgniter->run()
WARNING - 2023-12-13 08:25:32 --> [DEPRECATED] Function strftime() is deprecated in APPPATH\Controllers\AlumniAdmin.php on line 183.
 1 SYSTEMPATH\CodeIgniter.php(942): App\Controllers\AlumniAdmin->ajax()
 2 SYSTEMPATH\CodeIgniter.php(502): CodeIgniter\CodeIgniter->runController(Object(App\Controllers\AlumniAdmin))
 3 SYSTEMPATH\CodeIgniter.php(361): CodeIgniter\CodeIgniter->handleRequest(null, Object(Config\Cache), false)
 4 FCPATH\index.php(79): CodeIgniter\CodeIgniter->run()
WARNING - 2023-12-13 08:25:32 --> [DEPRECATED] Function strftime() is deprecated in APPPATH\Controllers\AlumniAdmin.php on line 183.
 1 SYSTEMPATH\CodeIgniter.php(942): App\Controllers\AlumniAdmin->ajax()
 2 SYSTEMPATH\CodeIgniter.php(502): CodeIgniter\CodeIgniter->runController(Object(App\Controllers\AlumniAdmin))
 3 SYSTEMPATH\CodeIgniter.php(361): CodeIgniter\CodeIgniter->handleRequest(null, Object(Config\Cache), false)
 4 FCPATH\index.php(79): CodeIgniter\CodeIgniter->run()
WARNING - 2023-12-13 08:25:32 --> [DEPRECATED] Function strftime() is deprecated in APPPATH\Controllers\AlumniAdmin.php on line 183.
 1 SYSTEMPATH\CodeIgniter.php(942): App\Controllers\AlumniAdmin->ajax()
 2 SYSTEMPATH\CodeIgniter.php(502): CodeIgniter\CodeIgniter->runController(Object(App\Controllers\AlumniAdmin))
 3 SYSTEMPATH\CodeIgniter.php(361): CodeIgniter\CodeIgniter->handleRequest(null, Object(Config\Cache), false)
 4 FCPATH\index.php(79): CodeIgniter\CodeIgniter->run()
WARNING - 2023-12-13 08:25:32 --> [DEPRECATED] Function strftime() is deprecated in APPPATH\Controllers\AlumniAdmin.php on line 183.
 1 SYSTEMPATH\CodeIgniter.php(942): App\Controllers\AlumniAdmin->ajax()
 2 SYSTEMPATH\CodeIgniter.php(502): CodeIgniter\CodeIgniter->runController(Object(App\Controllers\AlumniAdmin))
 3 SYSTEMPATH\CodeIgniter.php(361): CodeIgniter\CodeIgniter->handleRequest(null, Object(Config\Cache), false)
 4 FCPATH\index.php(79): CodeIgniter\CodeIgniter->run()
WARNING - 2023-12-13 08:25:32 --> [DEPRECATED] Function strftime() is deprecated in APPPATH\Controllers\AlumniAdmin.php on line 183.
 1 SYSTEMPATH\CodeIgniter.php(942): App\Controllers\AlumniAdmin->ajax()
 2 SYSTEMPATH\CodeIgniter.php(502): CodeIgniter\CodeIgniter->runController(Object(App\Controllers\AlumniAdmin))
 3 SYSTEMPATH\CodeIgniter.php(361): CodeIgniter\CodeIgniter->handleRequest(null, Object(Config\Cache), false)
 4 FCPATH\index.php(79): CodeIgniter\CodeIgniter->run()
INFO - 2023-12-13 08:25:33 --> Session: Class initialized using 'CodeIgniter\Session\Handlers\FileHandler' driver.
WARNING - 2023-12-13 08:25:33 --> [DEPRECATED] Function strftime() is deprecated in APPPATH\Controllers\AlumniAdmin.php on line 183.
 1 SYSTEMPATH\CodeIgniter.php(942): App\Controllers\AlumniAdmin->ajax()
 2 SYSTEMPATH\CodeIgniter.php(502): CodeIgniter\CodeIgniter->runController(Object(App\Controllers\AlumniAdmin))
 3 SYSTEMPATH\CodeIgniter.php(361): CodeIgniter\CodeIgniter->handleRequest(null, Object(Config\Cache), false)
 4 FCPATH\index.php(79): CodeIgniter\CodeIgniter->run()
WARNING - 2023-12-13 08:25:33 --> [DEPRECATED] Function strftime() is deprecated in APPPATH\Controllers\AlumniAdmin.php on line 183.
 1 SYSTEMPATH\CodeIgniter.php(942): App\Controllers\AlumniAdmin->ajax()
 2 SYSTEMPATH\CodeIgniter.php(502): CodeIgniter\CodeIgniter->runController(Object(App\Controllers\AlumniAdmin))
 3 SYSTEMPATH\CodeIgniter.php(361): CodeIgniter\CodeIgniter->handleRequest(null, Object(Config\Cache), false)
 4 FCPATH\index.php(79): CodeIgniter\CodeIgniter->run()
WARNING - 2023-12-13 08:25:33 --> [DEPRECATED] Function strftime() is deprecated in APPPATH\Controllers\AlumniAdmin.php on line 183.
 1 SYSTEMPATH\CodeIgniter.php(942): App\Controllers\AlumniAdmin->ajax()
 2 SYSTEMPATH\CodeIgniter.php(502): CodeIgniter\CodeIgniter->runController(Object(App\Controllers\AlumniAdmin))
 3 SYSTEMPATH\CodeIgniter.php(361): CodeIgniter\CodeIgniter->handleRequest(null, Object(Config\Cache), false)
 4 FCPATH\index.php(79): CodeIgniter\CodeIgniter->run()
WARNING - 2023-12-13 08:25:33 --> [DEPRECATED] Function strftime() is deprecated in APPPATH\Controllers\AlumniAdmin.php on line 183.
 1 SYSTEMPATH\CodeIgniter.php(942): App\Controllers\AlumniAdmin->ajax()
 2 SYSTEMPATH\CodeIgniter.php(502): CodeIgniter\CodeIgniter->runController(Object(App\Controllers\AlumniAdmin))
 3 SYSTEMPATH\CodeIgniter.php(361): CodeIgniter\CodeIgniter->handleRequest(null, Object(Config\Cache), false)
 4 FCPATH\index.php(79): CodeIgniter\CodeIgniter->run()
WARNING - 2023-12-13 08:25:33 --> [DEPRECATED] Function strftime() is deprecated in APPPATH\Controllers\AlumniAdmin.php on line 183.
 1 SYSTEMPATH\CodeIgniter.php(942): App\Controllers\AlumniAdmin->ajax()
 2 SYSTEMPATH\CodeIgniter.php(502): CodeIgniter\CodeIgniter->runController(Object(App\Controllers\AlumniAdmin))
 3 SYSTEMPATH\CodeIgniter.php(361): CodeIgniter\CodeIgniter->handleRequest(null, Object(Config\Cache), false)
 4 FCPATH\index.php(79): CodeIgniter\CodeIgniter->run()
WARNING - 2023-12-13 08:25:33 --> [DEPRECATED] Function strftime() is deprecated in APPPATH\Controllers\AlumniAdmin.php on line 183.
 1 SYSTEMPATH\CodeIgniter.php(942): App\Controllers\AlumniAdmin->ajax()
 2 SYSTEMPATH\CodeIgniter.php(502): CodeIgniter\CodeIgniter->runController(Object(App\Controllers\AlumniAdmin))
 3 SYSTEMPATH\CodeIgniter.php(361): CodeIgniter\CodeIgniter->handleRequest(null, Object(Config\Cache), false)
 4 FCPATH\index.php(79): CodeIgniter\CodeIgniter->run()
INFO - 2023-12-13 08:25:41 --> Session: Class initialized using 'CodeIgniter\Session\Handlers\FileHandler' driver.
WARNING - 2023-12-13 08:25:41 --> [DEPRECATED] Function strftime() is deprecated in APPPATH\Views\dashboard-admin\alumni\details.php on line 61.
 1 SYSTEMPATH\View\View.php(228): include('C:\\Users\\wanad\\xampp8\\htdocs\\traceralumnisi-ci4\\admin-ci4\\app\\Views\\dashboard-admin\\alumni\\details.php')
 2 SYSTEMPATH\View\View.php(231): CodeIgniter\View\View->CodeIgniter\View\{closure}()
 3 SYSTEMPATH\Common.php(1190): CodeIgniter\View\View->render('dashboard-admin/alumni/details', [], true)
 4 APPPATH\Controllers\AlumniAdmin.php(248): view('dashboard-admin/alumni/details', [...])
 5 SYSTEMPATH\CodeIgniter.php(942): App\Controllers\AlumniAdmin->details('1716')
 6 SYSTEMPATH\CodeIgniter.php(502): CodeIgniter\CodeIgniter->runController(Object(App\Controllers\AlumniAdmin))
 7 SYSTEMPATH\CodeIgniter.php(361): CodeIgniter\CodeIgniter->handleRequest(null, Object(Config\Cache), false)
 8 FCPATH\index.php(79): CodeIgniter\CodeIgniter->run()
INFO - 2023-12-13 08:25:44 --> Session: Class initialized using 'CodeIgniter\Session\Handlers\FileHandler' driver.
INFO - 2023-12-13 08:25:45 --> Session: Class initialized using 'CodeIgniter\Session\Handlers\FileHandler' driver.
WARNING - 2023-12-13 08:25:45 --> [DEPRECATED] Function strftime() is deprecated in APPPATH\Controllers\AlumniAdmin.php on line 183.
 1 SYSTEMPATH\CodeIgniter.php(942): App\Controllers\AlumniAdmin->ajax()
 2 SYSTEMPATH\CodeIgniter.php(502): CodeIgniter\CodeIgniter->runController(Object(App\Controllers\AlumniAdmin))
 3 SYSTEMPATH\CodeIgniter.php(361): CodeIgniter\CodeIgniter->handleRequest(null, Object(Config\Cache), false)
 4 FCPATH\index.php(79): CodeIgniter\CodeIgniter->run()
WARNING - 2023-12-13 08:25:45 --> [DEPRECATED] Function strftime() is deprecated in APPPATH\Controllers\AlumniAdmin.php on line 183.
 1 SYSTEMPATH\CodeIgniter.php(942): App\Controllers\AlumniAdmin->ajax()
 2 SYSTEMPATH\CodeIgniter.php(502): CodeIgniter\CodeIgniter->runController(Object(App\Controllers\AlumniAdmin))
 3 SYSTEMPATH\CodeIgniter.php(361): CodeIgniter\CodeIgniter->handleRequest(null, Object(Config\Cache), false)
 4 FCPATH\index.php(79): CodeIgniter\CodeIgniter->run()
WARNING - 2023-12-13 08:25:45 --> [DEPRECATED] Function strftime() is deprecated in APPPATH\Controllers\AlumniAdmin.php on line 183.
 1 SYSTEMPATH\CodeIgniter.php(942): App\Controllers\AlumniAdmin->ajax()
 2 SYSTEMPATH\CodeIgniter.php(502): CodeIgniter\CodeIgniter->runController(Object(App\Controllers\AlumniAdmin))
 3 SYSTEMPATH\CodeIgniter.php(361): CodeIgniter\CodeIgniter->handleRequest(null, Object(Config\Cache), false)
 4 FCPATH\index.php(79): CodeIgniter\CodeIgniter->run()
WARNING - 2023-12-13 08:25:45 --> [DEPRECATED] Function strftime() is deprecated in APPPATH\Controllers\AlumniAdmin.php on line 183.
 1 SYSTEMPATH\CodeIgniter.php(942): App\Controllers\AlumniAdmin->ajax()
 2 SYSTEMPATH\CodeIgniter.php(502): CodeIgniter\CodeIgniter->runController(Object(App\Controllers\AlumniAdmin))
 3 SYSTEMPATH\CodeIgniter.php(361): CodeIgniter\CodeIgniter->handleRequest(null, Object(Config\Cache), false)
 4 FCPATH\index.php(79): CodeIgniter\CodeIgniter->run()
WARNING - 2023-12-13 08:25:45 --> [DEPRECATED] Function strftime() is deprecated in APPPATH\Controllers\AlumniAdmin.php on line 183.
 1 SYSTEMPATH\CodeIgniter.php(942): App\Controllers\AlumniAdmin->ajax()
 2 SYSTEMPATH\CodeIgniter.php(502): CodeIgniter\CodeIgniter->runController(Object(App\Controllers\AlumniAdmin))
 3 SYSTEMPATH\CodeIgniter.php(361): CodeIgniter\CodeIgniter->handleRequest(null, Object(Config\Cache), false)
 4 FCPATH\index.php(79): CodeIgniter\CodeIgniter->run()
WARNING - 2023-12-13 08:25:45 --> [DEPRECATED] Function strftime() is deprecated in APPPATH\Controllers\AlumniAdmin.php on line 183.
 1 SYSTEMPATH\CodeIgniter.php(942): App\Controllers\AlumniAdmin->ajax()
 2 SYSTEMPATH\CodeIgniter.php(502): CodeIgniter\CodeIgniter->runController(Object(App\Controllers\AlumniAdmin))
 3 SYSTEMPATH\CodeIgniter.php(361): CodeIgniter\CodeIgniter->handleRequest(null, Object(Config\Cache), false)
 4 FCPATH\index.php(79): CodeIgniter\CodeIgniter->run()
WARNING - 2023-12-13 08:25:45 --> [DEPRECATED] Function strftime() is deprecated in APPPATH\Controllers\AlumniAdmin.php on line 183.
 1 SYSTEMPATH\CodeIgniter.php(942): App\Controllers\AlumniAdmin->ajax()
 2 SYSTEMPATH\CodeIgniter.php(502): CodeIgniter\CodeIgniter->runController(Object(App\Controllers\AlumniAdmin))
 3 SYSTEMPATH\CodeIgniter.php(361): CodeIgniter\CodeIgniter->handleRequest(null, Object(Config\Cache), false)
 4 FCPATH\index.php(79): CodeIgniter\CodeIgniter->run()
WARNING - 2023-12-13 08:25:46 --> [DEPRECATED] Function strftime() is deprecated in APPPATH\Controllers\AlumniAdmin.php on line 183.
 1 SYSTEMPATH\CodeIgniter.php(942): App\Controllers\AlumniAdmin->ajax()
 2 SYSTEMPATH\CodeIgniter.php(502): CodeIgniter\CodeIgniter->runController(Object(App\Controllers\AlumniAdmin))
 3 SYSTEMPATH\CodeIgniter.php(361): CodeIgniter\CodeIgniter->handleRequest(null, Object(Config\Cache), false)
 4 FCPATH\index.php(79): CodeIgniter\CodeIgniter->run()
WARNING - 2023-12-13 08:25:46 --> [DEPRECATED] Function strftime() is deprecated in APPPATH\Controllers\AlumniAdmin.php on line 183.
 1 SYSTEMPATH\CodeIgniter.php(942): App\Controllers\AlumniAdmin->ajax()
 2 SYSTEMPATH\CodeIgniter.php(502): CodeIgniter\CodeIgniter->runController(Object(App\Controllers\AlumniAdmin))
 3 SYSTEMPATH\CodeIgniter.php(361): CodeIgniter\CodeIgniter->handleRequest(null, Object(Config\Cache), false)
 4 FCPATH\index.php(79): CodeIgniter\CodeIgniter->run()
WARNING - 2023-12-13 08:25:46 --> [DEPRECATED] Function strftime() is deprecated in APPPATH\Controllers\AlumniAdmin.php on line 183.
 1 SYSTEMPATH\CodeIgniter.php(942): App\Controllers\AlumniAdmin->ajax()
 2 SYSTEMPATH\CodeIgniter.php(502): CodeIgniter\CodeIgniter->runController(Object(App\Controllers\AlumniAdmin))
 3 SYSTEMPATH\CodeIgniter.php(361): CodeIgniter\CodeIgniter->handleRequest(null, Object(Config\Cache), false)
 4 FCPATH\index.php(79): CodeIgniter\CodeIgniter->run()
WARNING - 2023-12-13 08:25:46 --> [DEPRECATED] Function strftime() is deprecated in APPPATH\Controllers\AlumniAdmin.php on line 183.
 1 SYSTEMPATH\CodeIgniter.php(942): App\Controllers\AlumniAdmin->ajax()
 2 SYSTEMPATH\CodeIgniter.php(502): CodeIgniter\CodeIgniter->runController(Object(App\Controllers\AlumniAdmin))
 3 SYSTEMPATH\CodeIgniter.php(361): CodeIgniter\CodeIgniter->handleRequest(null, Object(Config\Cache), false)
 4 FCPATH\index.php(79): CodeIgniter\CodeIgniter->run()
WARNING - 2023-12-13 08:25:46 --> [DEPRECATED] Function strftime() is deprecated in APPPATH\Controllers\AlumniAdmin.php on line 183.
 1 SYSTEMPATH\CodeIgniter.php(942): App\Controllers\AlumniAdmin->ajax()
 2 SYSTEMPATH\CodeIgniter.php(502): CodeIgniter\CodeIgniter->runController(Object(App\Controllers\AlumniAdmin))
 3 SYSTEMPATH\CodeIgniter.php(361): CodeIgniter\CodeIgniter->handleRequest(null, Object(Config\Cache), false)
 4 FCPATH\index.php(79): CodeIgniter\CodeIgniter->run()
WARNING - 2023-12-13 08:25:46 --> [DEPRECATED] Function strftime() is deprecated in APPPATH\Controllers\AlumniAdmin.php on line 183.
 1 SYSTEMPATH\CodeIgniter.php(942): App\Controllers\AlumniAdmin->ajax()
 2 SYSTEMPATH\CodeIgniter.php(502): CodeIgniter\CodeIgniter->runController(Object(App\Controllers\AlumniAdmin))
 3 SYSTEMPATH\CodeIgniter.php(361): CodeIgniter\CodeIgniter->handleRequest(null, Object(Config\Cache), false)
 4 FCPATH\index.php(79): CodeIgniter\CodeIgniter->run()
WARNING - 2023-12-13 08:25:46 --> [DEPRECATED] Function strftime() is deprecated in APPPATH\Controllers\AlumniAdmin.php on line 183.
 1 SYSTEMPATH\CodeIgniter.php(942): App\Controllers\AlumniAdmin->ajax()
 2 SYSTEMPATH\CodeIgniter.php(502): CodeIgniter\CodeIgniter->runController(Object(App\Controllers\AlumniAdmin))
 3 SYSTEMPATH\CodeIgniter.php(361): CodeIgniter\CodeIgniter->handleRequest(null, Object(Config\Cache), false)
 4 FCPATH\index.php(79): CodeIgniter\CodeIgniter->run()
WARNING - 2023-12-13 08:25:46 --> [DEPRECATED] Function strftime() is deprecated in APPPATH\Controllers\AlumniAdmin.php on line 183.
 1 SYSTEMPATH\CodeIgniter.php(942): App\Controllers\AlumniAdmin->ajax()
 2 SYSTEMPATH\CodeIgniter.php(502): CodeIgniter\CodeIgniter->runController(Object(App\Controllers\AlumniAdmin))
 3 SYSTEMPATH\CodeIgniter.php(361): CodeIgniter\CodeIgniter->handleRequest(null, Object(Config\Cache), false)
 4 FCPATH\index.php(79): CodeIgniter\CodeIgniter->run()
WARNING - 2023-12-13 08:25:46 --> [DEPRECATED] Function strftime() is deprecated in APPPATH\Controllers\AlumniAdmin.php on line 183.
 1 SYSTEMPATH\CodeIgniter.php(942): App\Controllers\AlumniAdmin->ajax()
 2 SYSTEMPATH\CodeIgniter.php(502): CodeIgniter\CodeIgniter->runController(Object(App\Controllers\AlumniAdmin))
 3 SYSTEMPATH\CodeIgniter.php(361): CodeIgniter\CodeIgniter->handleRequest(null, Object(Config\Cache), false)
 4 FCPATH\index.php(79): CodeIgniter\CodeIgniter->run()
WARNING - 2023-12-13 08:25:46 --> [DEPRECATED] Function strftime() is deprecated in APPPATH\Controllers\AlumniAdmin.php on line 183.
 1 SYSTEMPATH\CodeIgniter.php(942): App\Controllers\AlumniAdmin->ajax()
 2 SYSTEMPATH\CodeIgniter.php(502): CodeIgniter\CodeIgniter->runController(Object(App\Controllers\AlumniAdmin))
 3 SYSTEMPATH\CodeIgniter.php(361): CodeIgniter\CodeIgniter->handleRequest(null, Object(Config\Cache), false)
 4 FCPATH\index.php(79): CodeIgniter\CodeIgniter->run()
WARNING - 2023-12-13 08:25:46 --> [DEPRECATED] Function strftime() is deprecated in APPPATH\Controllers\AlumniAdmin.php on line 183.
 1 SYSTEMPATH\CodeIgniter.php(942): App\Controllers\AlumniAdmin->ajax()
 2 SYSTEMPATH\CodeIgniter.php(502): CodeIgniter\CodeIgniter->runController(Object(App\Controllers\AlumniAdmin))
 3 SYSTEMPATH\CodeIgniter.php(361): CodeIgniter\CodeIgniter->handleRequest(null, Object(Config\Cache), false)
 4 FCPATH\index.php(79): CodeIgniter\CodeIgniter->run()
WARNING - 2023-12-13 08:25:46 --> [DEPRECATED] Function strftime() is deprecated in APPPATH\Controllers\AlumniAdmin.php on line 183.
 1 SYSTEMPATH\CodeIgniter.php(942): App\Controllers\AlumniAdmin->ajax()
 2 SYSTEMPATH\CodeIgniter.php(502): CodeIgniter\CodeIgniter->runController(Object(App\Controllers\AlumniAdmin))
 3 SYSTEMPATH\CodeIgniter.php(361): CodeIgniter\CodeIgniter->handleRequest(null, Object(Config\Cache), false)
 4 FCPATH\index.php(79): CodeIgniter\CodeIgniter->run()
WARNING - 2023-12-13 08:25:46 --> [DEPRECATED] Function strftime() is deprecated in APPPATH\Controllers\AlumniAdmin.php on line 183.
 1 SYSTEMPATH\CodeIgniter.php(942): App\Controllers\AlumniAdmin->ajax()
 2 SYSTEMPATH\CodeIgniter.php(502): CodeIgniter\CodeIgniter->runController(Object(App\Controllers\AlumniAdmin))
 3 SYSTEMPATH\CodeIgniter.php(361): CodeIgniter\CodeIgniter->handleRequest(null, Object(Config\Cache), false)
 4 FCPATH\index.php(79): CodeIgniter\CodeIgniter->run()
INFO - 2023-12-13 08:25:50 --> Session: Class initialized using 'CodeIgniter\Session\Handlers\FileHandler' driver.
WARNING - 2023-12-13 08:25:50 --> [DEPRECATED] Function strftime() is deprecated in APPPATH\Views\dashboard-admin\alumni\details.php on line 61.
 1 SYSTEMPATH\View\View.php(228): include('C:\\Users\\wanad\\xampp8\\htdocs\\traceralumnisi-ci4\\admin-ci4\\app\\Views\\dashboard-admin\\alumni\\details.php')
 2 SYSTEMPATH\View\View.php(231): CodeIgniter\View\View->CodeIgniter\View\{closure}()
 3 SYSTEMPATH\Common.php(1190): CodeIgniter\View\View->render('dashboard-admin/alumni/details', [], true)
 4 APPPATH\Controllers\AlumniAdmin.php(248): view('dashboard-admin/alumni/details', [...])
 5 SYSTEMPATH\CodeIgniter.php(942): App\Controllers\AlumniAdmin->details('1716')
 6 SYSTEMPATH\CodeIgniter.php(502): CodeIgniter\CodeIgniter->runController(Object(App\Controllers\AlumniAdmin))
 7 SYSTEMPATH\CodeIgniter.php(361): CodeIgniter\CodeIgniter->handleRequest(null, Object(Config\Cache), false)
 8 FCPATH\index.php(79): CodeIgniter\CodeIgniter->run()
INFO - 2023-12-13 08:25:59 --> Session: Class initialized using 'CodeIgniter\Session\Handlers\FileHandler' driver.
INFO - 2023-12-13 08:26:00 --> Session: Class initialized using 'CodeIgniter\Session\Handlers\FileHandler' driver.
INFO - 2023-12-13 08:30:15 --> Session: Class initialized using 'CodeIgniter\Session\Handlers\FileHandler' driver.
INFO - 2023-12-13 08:30:24 --> Session: Class initialized using 'CodeIgniter\Session\Handlers\FileHandler' driver.
INFO - 2023-12-13 08:30:24 --> Session: Class initialized using 'CodeIgniter\Session\Handlers\FileHandler' driver.
INFO - 2023-12-13 08:30:26 --> Session: Class initialized using 'CodeIgniter\Session\Handlers\FileHandler' driver.
INFO - 2023-12-13 08:30:28 --> Session: Class initialized using 'CodeIgniter\Session\Handlers\FileHandler' driver.
WARNING - 2023-12-13 08:30:28 --> [DEPRECATED] Function strftime() is deprecated in APPPATH\Controllers\AlumniAdmin.php on line 183.
 1 SYSTEMPATH\CodeIgniter.php(942): App\Controllers\AlumniAdmin->ajax()
 2 SYSTEMPATH\CodeIgniter.php(502): CodeIgniter\CodeIgniter->runController(Object(App\Controllers\AlumniAdmin))
 3 SYSTEMPATH\CodeIgniter.php(361): CodeIgniter\CodeIgniter->handleRequest(null, Object(Config\Cache), false)
 4 FCPATH\index.php(79): CodeIgniter\CodeIgniter->run()
WARNING - 2023-12-13 08:30:28 --> [DEPRECATED] Function strftime() is deprecated in APPPATH\Controllers\AlumniAdmin.php on line 183.
 1 SYSTEMPATH\CodeIgniter.php(942): App\Controllers\AlumniAdmin->ajax()
 2 SYSTEMPATH\CodeIgniter.php(502): CodeIgniter\CodeIgniter->runController(Object(App\Controllers\AlumniAdmin))
 3 SYSTEMPATH\CodeIgniter.php(361): CodeIgniter\CodeIgniter->handleRequest(null, Object(Config\Cache), false)
 4 FCPATH\index.php(79): CodeIgniter\CodeIgniter->run()
WARNING - 2023-12-13 08:30:28 --> [DEPRECATED] Function strftime() is deprecated in APPPATH\Controllers\AlumniAdmin.php on line 183.
 1 SYSTEMPATH\CodeIgniter.php(942): App\Controllers\AlumniAdmin->ajax()
 2 SYSTEMPATH\CodeIgniter.php(502): CodeIgniter\CodeIgniter->runController(Object(App\Controllers\AlumniAdmin))
 3 SYSTEMPATH\CodeIgniter.php(361): CodeIgniter\CodeIgniter->handleRequest(null, Object(Config\Cache), false)
 4 FCPATH\index.php(79): CodeIgniter\CodeIgniter->run()
WARNING - 2023-12-13 08:30:28 --> [DEPRECATED] Function strftime() is deprecated in APPPATH\Controllers\AlumniAdmin.php on line 183.
 1 SYSTEMPATH\CodeIgniter.php(942): App\Controllers\AlumniAdmin->ajax()
 2 SYSTEMPATH\CodeIgniter.php(502): CodeIgniter\CodeIgniter->runController(Object(App\Controllers\AlumniAdmin))
 3 SYSTEMPATH\CodeIgniter.php(361): CodeIgniter\CodeIgniter->handleRequest(null, Object(Config\Cache), false)
 4 FCPATH\index.php(79): CodeIgniter\CodeIgniter->run()
WARNING - 2023-12-13 08:30:28 --> [DEPRECATED] Function strftime() is deprecated in APPPATH\Controllers\AlumniAdmin.php on line 183.
 1 SYSTEMPATH\CodeIgniter.php(942): App\Controllers\AlumniAdmin->ajax()
 2 SYSTEMPATH\CodeIgniter.php(502): CodeIgniter\CodeIgniter->runController(Object(App\Controllers\AlumniAdmin))
 3 SYSTEMPATH\CodeIgniter.php(361): CodeIgniter\CodeIgniter->handleRequest(null, Object(Config\Cache), false)
 4 FCPATH\index.php(79): CodeIgniter\CodeIgniter->run()
WARNING - 2023-12-13 08:30:28 --> [DEPRECATED] Function strftime() is deprecated in APPPATH\Controllers\AlumniAdmin.php on line 183.
 1 SYSTEMPATH\CodeIgniter.php(942): App\Controllers\AlumniAdmin->ajax()
 2 SYSTEMPATH\CodeIgniter.php(502): CodeIgniter\CodeIgniter->runController(Object(App\Controllers\AlumniAdmin))
 3 SYSTEMPATH\CodeIgniter.php(361): CodeIgniter\CodeIgniter->handleRequest(null, Object(Config\Cache), false)
 4 FCPATH\index.php(79): CodeIgniter\CodeIgniter->run()
WARNING - 2023-12-13 08:30:28 --> [DEPRECATED] Function strftime() is deprecated in APPPATH\Controllers\AlumniAdmin.php on line 183.
 1 SYSTEMPATH\CodeIgniter.php(942): App\Controllers\AlumniAdmin->ajax()
 2 SYSTEMPATH\CodeIgniter.php(502): CodeIgniter\CodeIgniter->runController(Object(App\Controllers\AlumniAdmin))
 3 SYSTEMPATH\CodeIgniter.php(361): CodeIgniter\CodeIgniter->handleRequest(null, Object(Config\Cache), false)
 4 FCPATH\index.php(79): CodeIgniter\CodeIgniter->run()
WARNING - 2023-12-13 08:30:28 --> [DEPRECATED] Function strftime() is deprecated in APPPATH\Controllers\AlumniAdmin.php on line 183.
 1 SYSTEMPATH\CodeIgniter.php(942): App\Controllers\AlumniAdmin->ajax()
 2 SYSTEMPATH\CodeIgniter.php(502): CodeIgniter\CodeIgniter->runController(Object(App\Controllers\AlumniAdmin))
 3 SYSTEMPATH\CodeIgniter.php(361): CodeIgniter\CodeIgniter->handleRequest(null, Object(Config\Cache), false)
 4 FCPATH\index.php(79): CodeIgniter\CodeIgniter->run()
WARNING - 2023-12-13 08:30:28 --> [DEPRECATED] Function strftime() is deprecated in APPPATH\Controllers\AlumniAdmin.php on line 183.
 1 SYSTEMPATH\CodeIgniter.php(942): App\Controllers\AlumniAdmin->ajax()
 2 SYSTEMPATH\CodeIgniter.php(502): CodeIgniter\CodeIgniter->runController(Object(App\Controllers\AlumniAdmin))
 3 SYSTEMPATH\CodeIgniter.php(361): CodeIgniter\CodeIgniter->handleRequest(null, Object(Config\Cache), false)
 4 FCPATH\index.php(79): CodeIgniter\CodeIgniter->run()
WARNING - 2023-12-13 08:30:28 --> [DEPRECATED] Function strftime() is deprecated in APPPATH\Controllers\AlumniAdmin.php on line 183.
 1 SYSTEMPATH\CodeIgniter.php(942): App\Controllers\AlumniAdmin->ajax()
 2 SYSTEMPATH\CodeIgniter.php(502): CodeIgniter\CodeIgniter->runController(Object(App\Controllers\AlumniAdmin))
 3 SYSTEMPATH\CodeIgniter.php(361): CodeIgniter\CodeIgniter->handleRequest(null, Object(Config\Cache), false)
 4 FCPATH\index.php(79): CodeIgniter\CodeIgniter->run()
WARNING - 2023-12-13 08:30:28 --> [DEPRECATED] Function strftime() is deprecated in APPPATH\Controllers\AlumniAdmin.php on line 183.
 1 SYSTEMPATH\CodeIgniter.php(942): App\Controllers\AlumniAdmin->ajax()
 2 SYSTEMPATH\CodeIgniter.php(502): CodeIgniter\CodeIgniter->runController(Object(App\Controllers\AlumniAdmin))
 3 SYSTEMPATH\CodeIgniter.php(361): CodeIgniter\CodeIgniter->handleRequest(null, Object(Config\Cache), false)
 4 FCPATH\index.php(79): CodeIgniter\CodeIgniter->run()
WARNING - 2023-12-13 08:30:28 --> [DEPRECATED] Function strftime() is deprecated in APPPATH\Controllers\AlumniAdmin.php on line 183.
 1 SYSTEMPATH\CodeIgniter.php(942): App\Controllers\AlumniAdmin->ajax()
 2 SYSTEMPATH\CodeIgniter.php(502): CodeIgniter\CodeIgniter->runController(Object(App\Controllers\AlumniAdmin))
 3 SYSTEMPATH\CodeIgniter.php(361): CodeIgniter\CodeIgniter->handleRequest(null, Object(Config\Cache), false)
 4 FCPATH\index.php(79): CodeIgniter\CodeIgniter->run()
WARNING - 2023-12-13 08:30:28 --> [DEPRECATED] Function strftime() is deprecated in APPPATH\Controllers\AlumniAdmin.php on line 183.
 1 SYSTEMPATH\CodeIgniter.php(942): App\Controllers\AlumniAdmin->ajax()
 2 SYSTEMPATH\CodeIgniter.php(502): CodeIgniter\CodeIgniter->runController(Object(App\Controllers\AlumniAdmin))
 3 SYSTEMPATH\CodeIgniter.php(361): CodeIgniter\CodeIgniter->handleRequest(null, Object(Config\Cache), false)
 4 FCPATH\index.php(79): CodeIgniter\CodeIgniter->run()
WARNING - 2023-12-13 08:30:28 --> [DEPRECATED] Function strftime() is deprecated in APPPATH\Controllers\AlumniAdmin.php on line 183.
 1 SYSTEMPATH\CodeIgniter.php(942): App\Controllers\AlumniAdmin->ajax()
 2 SYSTEMPATH\CodeIgniter.php(502): CodeIgniter\CodeIgniter->runController(Object(App\Controllers\AlumniAdmin))
 3 SYSTEMPATH\CodeIgniter.php(361): CodeIgniter\CodeIgniter->handleRequest(null, Object(Config\Cache), false)
 4 FCPATH\index.php(79): CodeIgniter\CodeIgniter->run()
WARNING - 2023-12-13 08:30:28 --> [DEPRECATED] Function strftime() is deprecated in APPPATH\Controllers\AlumniAdmin.php on line 183.
 1 SYSTEMPATH\CodeIgniter.php(942): App\Controllers\AlumniAdmin->ajax()
 2 SYSTEMPATH\CodeIgniter.php(502): CodeIgniter\CodeIgniter->runController(Object(App\Controllers\AlumniAdmin))
 3 SYSTEMPATH\CodeIgniter.php(361): CodeIgniter\CodeIgniter->handleRequest(null, Object(Config\Cache), false)
 4 FCPATH\index.php(79): CodeIgniter\CodeIgniter->run()
WARNING - 2023-12-13 08:30:28 --> [DEPRECATED] Function strftime() is deprecated in APPPATH\Controllers\AlumniAdmin.php on line 183.
 1 SYSTEMPATH\CodeIgniter.php(942): App\Controllers\AlumniAdmin->ajax()
 2 SYSTEMPATH\CodeIgniter.php(502): CodeIgniter\CodeIgniter->runController(Object(App\Controllers\AlumniAdmin))
 3 SYSTEMPATH\CodeIgniter.php(361): CodeIgniter\CodeIgniter->handleRequest(null, Object(Config\Cache), false)
 4 FCPATH\index.php(79): CodeIgniter\CodeIgniter->run()
WARNING - 2023-12-13 08:30:28 --> [DEPRECATED] Function strftime() is deprecated in APPPATH\Controllers\AlumniAdmin.php on line 183.
 1 SYSTEMPATH\CodeIgniter.php(942): App\Controllers\AlumniAdmin->ajax()
 2 SYSTEMPATH\CodeIgniter.php(502): CodeIgniter\CodeIgniter->runController(Object(App\Controllers\AlumniAdmin))
 3 SYSTEMPATH\CodeIgniter.php(361): CodeIgniter\CodeIgniter->handleRequest(null, Object(Config\Cache), false)
 4 FCPATH\index.php(79): CodeIgniter\CodeIgniter->run()
WARNING - 2023-12-13 08:30:28 --> [DEPRECATED] Function strftime() is deprecated in APPPATH\Controllers\AlumniAdmin.php on line 183.
 1 SYSTEMPATH\CodeIgniter.php(942): App\Controllers\AlumniAdmin->ajax()
 2 SYSTEMPATH\CodeIgniter.php(502): CodeIgniter\CodeIgniter->runController(Object(App\Controllers\AlumniAdmin))
 3 SYSTEMPATH\CodeIgniter.php(361): CodeIgniter\CodeIgniter->handleRequest(null, Object(Config\Cache), false)
 4 FCPATH\index.php(79): CodeIgniter\CodeIgniter->run()
WARNING - 2023-12-13 08:30:28 --> [DEPRECATED] Function strftime() is deprecated in APPPATH\Controllers\AlumniAdmin.php on line 183.
 1 SYSTEMPATH\CodeIgniter.php(942): App\Controllers\AlumniAdmin->ajax()
 2 SYSTEMPATH\CodeIgniter.php(502): CodeIgniter\CodeIgniter->runController(Object(App\Controllers\AlumniAdmin))
 3 SYSTEMPATH\CodeIgniter.php(361): CodeIgniter\CodeIgniter->handleRequest(null, Object(Config\Cache), false)
 4 FCPATH\index.php(79): CodeIgniter\CodeIgniter->run()
WARNING - 2023-12-13 08:30:28 --> [DEPRECATED] Function strftime() is deprecated in APPPATH\Controllers\AlumniAdmin.php on line 183.
 1 SYSTEMPATH\CodeIgniter.php(942): App\Controllers\AlumniAdmin->ajax()
 2 SYSTEMPATH\CodeIgniter.php(502): CodeIgniter\CodeIgniter->runController(Object(App\Controllers\AlumniAdmin))
 3 SYSTEMPATH\CodeIgniter.php(361): CodeIgniter\CodeIgniter->handleRequest(null, Object(Config\Cache), false)
 4 FCPATH\index.php(79): CodeIgniter\CodeIgniter->run()
INFO - 2023-12-13 08:30:31 --> Session: Class initialized using 'CodeIgniter\Session\Handlers\FileHandler' driver.
WARNING - 2023-12-13 08:30:31 --> [DEPRECATED] Function strftime() is deprecated in APPPATH\Controllers\AlumniAdmin.php on line 183.
 1 SYSTEMPATH\CodeIgniter.php(942): App\Controllers\AlumniAdmin->ajax()
 2 SYSTEMPATH\CodeIgniter.php(502): CodeIgniter\CodeIgniter->runController(Object(App\Controllers\AlumniAdmin))
 3 SYSTEMPATH\CodeIgniter.php(361): CodeIgniter\CodeIgniter->handleRequest(null, Object(Config\Cache), false)
 4 FCPATH\index.php(79): CodeIgniter\CodeIgniter->run()
WARNING - 2023-12-13 08:30:31 --> [DEPRECATED] Function strftime() is deprecated in APPPATH\Controllers\AlumniAdmin.php on line 183.
 1 SYSTEMPATH\CodeIgniter.php(942): App\Controllers\AlumniAdmin->ajax()
 2 SYSTEMPATH\CodeIgniter.php(502): CodeIgniter\CodeIgniter->runController(Object(App\Controllers\AlumniAdmin))
 3 SYSTEMPATH\CodeIgniter.php(361): CodeIgniter\CodeIgniter->handleRequest(null, Object(Config\Cache), false)
 4 FCPATH\index.php(79): CodeIgniter\CodeIgniter->run()
WARNING - 2023-12-13 08:30:31 --> [DEPRECATED] Function strftime() is deprecated in APPPATH\Controllers\AlumniAdmin.php on line 183.
 1 SYSTEMPATH\CodeIgniter.php(942): App\Controllers\AlumniAdmin->ajax()
 2 SYSTEMPATH\CodeIgniter.php(502): CodeIgniter\CodeIgniter->runController(Object(App\Controllers\AlumniAdmin))
 3 SYSTEMPATH\CodeIgniter.php(361): CodeIgniter\CodeIgniter->handleRequest(null, Object(Config\Cache), false)
 4 FCPATH\index.php(79): CodeIgniter\CodeIgniter->run()
WARNING - 2023-12-13 08:30:31 --> [DEPRECATED] Function strftime() is deprecated in APPPATH\Controllers\AlumniAdmin.php on line 183.
 1 SYSTEMPATH\CodeIgniter.php(942): App\Controllers\AlumniAdmin->ajax()
 2 SYSTEMPATH\CodeIgniter.php(502): CodeIgniter\CodeIgniter->runController(Object(App\Controllers\AlumniAdmin))
 3 SYSTEMPATH\CodeIgniter.php(361): CodeIgniter\CodeIgniter->handleRequest(null, Object(Config\Cache), false)
 4 FCPATH\index.php(79): CodeIgniter\CodeIgniter->run()
WARNING - 2023-12-13 08:30:31 --> [DEPRECATED] Function strftime() is deprecated in APPPATH\Controllers\AlumniAdmin.php on line 183.
 1 SYSTEMPATH\CodeIgniter.php(942): App\Controllers\AlumniAdmin->ajax()
 2 SYSTEMPATH\CodeIgniter.php(502): CodeIgniter\CodeIgniter->runController(Object(App\Controllers\AlumniAdmin))
 3 SYSTEMPATH\CodeIgniter.php(361): CodeIgniter\CodeIgniter->handleRequest(null, Object(Config\Cache), false)
 4 FCPATH\index.php(79): CodeIgniter\CodeIgniter->run()
WARNING - 2023-12-13 08:30:31 --> [DEPRECATED] Function strftime() is deprecated in APPPATH\Controllers\AlumniAdmin.php on line 183.
 1 SYSTEMPATH\CodeIgniter.php(942): App\Controllers\AlumniAdmin->ajax()
 2 SYSTEMPATH\CodeIgniter.php(502): CodeIgniter\CodeIgniter->runController(Object(App\Controllers\AlumniAdmin))
 3 SYSTEMPATH\CodeIgniter.php(361): CodeIgniter\CodeIgniter->handleRequest(null, Object(Config\Cache), false)
 4 FCPATH\index.php(79): CodeIgniter\CodeIgniter->run()
WARNING - 2023-12-13 08:30:31 --> [DEPRECATED] Function strftime() is deprecated in APPPATH\Controllers\AlumniAdmin.php on line 183.
 1 SYSTEMPATH\CodeIgniter.php(942): App\Controllers\AlumniAdmin->ajax()
 2 SYSTEMPATH\CodeIgniter.php(502): CodeIgniter\CodeIgniter->runController(Object(App\Controllers\AlumniAdmin))
 3 SYSTEMPATH\CodeIgniter.php(361): CodeIgniter\CodeIgniter->handleRequest(null, Object(Config\Cache), false)
 4 FCPATH\index.php(79): CodeIgniter\CodeIgniter->run()
WARNING - 2023-12-13 08:30:31 --> [DEPRECATED] Function strftime() is deprecated in APPPATH\Controllers\AlumniAdmin.php on line 183.
 1 SYSTEMPATH\CodeIgniter.php(942): App\Controllers\AlumniAdmin->ajax()
 2 SYSTEMPATH\CodeIgniter.php(502): CodeIgniter\CodeIgniter->runController(Object(App\Controllers\AlumniAdmin))
 3 SYSTEMPATH\CodeIgniter.php(361): CodeIgniter\CodeIgniter->handleRequest(null, Object(Config\Cache), false)
 4 FCPATH\index.php(79): CodeIgniter\CodeIgniter->run()
WARNING - 2023-12-13 08:30:31 --> [DEPRECATED] Function strftime() is deprecated in APPPATH\Controllers\AlumniAdmin.php on line 183.
 1 SYSTEMPATH\CodeIgniter.php(942): App\Controllers\AlumniAdmin->ajax()
 2 SYSTEMPATH\CodeIgniter.php(502): CodeIgniter\CodeIgniter->runController(Object(App\Controllers\AlumniAdmin))
 3 SYSTEMPATH\CodeIgniter.php(361): CodeIgniter\CodeIgniter->handleRequest(null, Object(Config\Cache), false)
 4 FCPATH\index.php(79): CodeIgniter\CodeIgniter->run()
WARNING - 2023-12-13 08:30:31 --> [DEPRECATED] Function strftime() is deprecated in APPPATH\Controllers\AlumniAdmin.php on line 183.
 1 SYSTEMPATH\CodeIgniter.php(942): App\Controllers\AlumniAdmin->ajax()
 2 SYSTEMPATH\CodeIgniter.php(502): CodeIgniter\CodeIgniter->runController(Object(App\Controllers\AlumniAdmin))
 3 SYSTEMPATH\CodeIgniter.php(361): CodeIgniter\CodeIgniter->handleRequest(null, Object(Config\Cache), false)
 4 FCPATH\index.php(79): CodeIgniter\CodeIgniter->run()
WARNING - 2023-12-13 08:30:31 --> [DEPRECATED] Function strftime() is deprecated in APPPATH\Controllers\AlumniAdmin.php on line 183.
 1 SYSTEMPATH\CodeIgniter.php(942): App\Controllers\AlumniAdmin->ajax()
 2 SYSTEMPATH\CodeIgniter.php(502): CodeIgniter\CodeIgniter->runController(Object(App\Controllers\AlumniAdmin))
 3 SYSTEMPATH\CodeIgniter.php(361): CodeIgniter\CodeIgniter->handleRequest(null, Object(Config\Cache), false)
 4 FCPATH\index.php(79): CodeIgniter\CodeIgniter->run()
WARNING - 2023-12-13 08:30:31 --> [DEPRECATED] Function strftime() is deprecated in APPPATH\Controllers\AlumniAdmin.php on line 183.
 1 SYSTEMPATH\CodeIgniter.php(942): App\Controllers\AlumniAdmin->ajax()
 2 SYSTEMPATH\CodeIgniter.php(502): CodeIgniter\CodeIgniter->runController(Object(App\Controllers\AlumniAdmin))
 3 SYSTEMPATH\CodeIgniter.php(361): CodeIgniter\CodeIgniter->handleRequest(null, Object(Config\Cache), false)
 4 FCPATH\index.php(79): CodeIgniter\CodeIgniter->run()
WARNING - 2023-12-13 08:30:31 --> [DEPRECATED] Function strftime() is deprecated in APPPATH\Controllers\AlumniAdmin.php on line 183.
 1 SYSTEMPATH\CodeIgniter.php(942): App\Controllers\AlumniAdmin->ajax()
 2 SYSTEMPATH\CodeIgniter.php(502): CodeIgniter\CodeIgniter->runController(Object(App\Controllers\AlumniAdmin))
 3 SYSTEMPATH\CodeIgniter.php(361): CodeIgniter\CodeIgniter->handleRequest(null, Object(Config\Cache), false)
 4 FCPATH\index.php(79): CodeIgniter\CodeIgniter->run()
WARNING - 2023-12-13 08:30:31 --> [DEPRECATED] Function strftime() is deprecated in APPPATH\Controllers\AlumniAdmin.php on line 183.
 1 SYSTEMPATH\CodeIgniter.php(942): App\Controllers\AlumniAdmin->ajax()
 2 SYSTEMPATH\CodeIgniter.php(502): CodeIgniter\CodeIgniter->runController(Object(App\Controllers\AlumniAdmin))
 3 SYSTEMPATH\CodeIgniter.php(361): CodeIgniter\CodeIgniter->handleRequest(null, Object(Config\Cache), false)
 4 FCPATH\index.php(79): CodeIgniter\CodeIgniter->run()
WARNING - 2023-12-13 08:30:31 --> [DEPRECATED] Function strftime() is deprecated in APPPATH\Controllers\AlumniAdmin.php on line 183.
 1 SYSTEMPATH\CodeIgniter.php(942): App\Controllers\AlumniAdmin->ajax()
 2 SYSTEMPATH\CodeIgniter.php(502): CodeIgniter\CodeIgniter->runController(Object(App\Controllers\AlumniAdmin))
 3 SYSTEMPATH\CodeIgniter.php(361): CodeIgniter\CodeIgniter->handleRequest(null, Object(Config\Cache), false)
 4 FCPATH\index.php(79): CodeIgniter\CodeIgniter->run()
WARNING - 2023-12-13 08:30:31 --> [DEPRECATED] Function strftime() is deprecated in APPPATH\Controllers\AlumniAdmin.php on line 183.
 1 SYSTEMPATH\CodeIgniter.php(942): App\Controllers\AlumniAdmin->ajax()
 2 SYSTEMPATH\CodeIgniter.php(502): CodeIgniter\CodeIgniter->runController(Object(App\Controllers\AlumniAdmin))
 3 SYSTEMPATH\CodeIgniter.php(361): CodeIgniter\CodeIgniter->handleRequest(null, Object(Config\Cache), false)
 4 FCPATH\index.php(79): CodeIgniter\CodeIgniter->run()
WARNING - 2023-12-13 08:30:31 --> [DEPRECATED] Function strftime() is deprecated in APPPATH\Controllers\AlumniAdmin.php on line 183.
 1 SYSTEMPATH\CodeIgniter.php(942): App\Controllers\AlumniAdmin->ajax()
 2 SYSTEMPATH\CodeIgniter.php(502): CodeIgniter\CodeIgniter->runController(Object(App\Controllers\AlumniAdmin))
 3 SYSTEMPATH\CodeIgniter.php(361): CodeIgniter\CodeIgniter->handleRequest(null, Object(Config\Cache), false)
 4 FCPATH\index.php(79): CodeIgniter\CodeIgniter->run()
WARNING - 2023-12-13 08:30:31 --> [DEPRECATED] Function strftime() is deprecated in APPPATH\Controllers\AlumniAdmin.php on line 183.
 1 SYSTEMPATH\CodeIgniter.php(942): App\Controllers\AlumniAdmin->ajax()
 2 SYSTEMPATH\CodeIgniter.php(502): CodeIgniter\CodeIgniter->runController(Object(App\Controllers\AlumniAdmin))
 3 SYSTEMPATH\CodeIgniter.php(361): CodeIgniter\CodeIgniter->handleRequest(null, Object(Config\Cache), false)
 4 FCPATH\index.php(79): CodeIgniter\CodeIgniter->run()
WARNING - 2023-12-13 08:30:31 --> [DEPRECATED] Function strftime() is deprecated in APPPATH\Controllers\AlumniAdmin.php on line 183.
 1 SYSTEMPATH\CodeIgniter.php(942): App\Controllers\AlumniAdmin->ajax()
 2 SYSTEMPATH\CodeIgniter.php(502): CodeIgniter\CodeIgniter->runController(Object(App\Controllers\AlumniAdmin))
 3 SYSTEMPATH\CodeIgniter.php(361): CodeIgniter\CodeIgniter->handleRequest(null, Object(Config\Cache), false)
 4 FCPATH\index.php(79): CodeIgniter\CodeIgniter->run()
WARNING - 2023-12-13 08:30:31 --> [DEPRECATED] Function strftime() is deprecated in APPPATH\Controllers\AlumniAdmin.php on line 183.
 1 SYSTEMPATH\CodeIgniter.php(942): App\Controllers\AlumniAdmin->ajax()
 2 SYSTEMPATH\CodeIgniter.php(502): CodeIgniter\CodeIgniter->runController(Object(App\Controllers\AlumniAdmin))
 3 SYSTEMPATH\CodeIgniter.php(361): CodeIgniter\CodeIgniter->handleRequest(null, Object(Config\Cache), false)
 4 FCPATH\index.php(79): CodeIgniter\CodeIgniter->run()
INFO - 2023-12-13 08:30:32 --> Session: Class initialized using 'CodeIgniter\Session\Handlers\FileHandler' driver.
WARNING - 2023-12-13 08:30:32 --> [DEPRECATED] Function strftime() is deprecated in APPPATH\Controllers\AlumniAdmin.php on line 183.
 1 SYSTEMPATH\CodeIgniter.php(942): App\Controllers\AlumniAdmin->ajax()
 2 SYSTEMPATH\CodeIgniter.php(502): CodeIgniter\CodeIgniter->runController(Object(App\Controllers\AlumniAdmin))
 3 SYSTEMPATH\CodeIgniter.php(361): CodeIgniter\CodeIgniter->handleRequest(null, Object(Config\Cache), false)
 4 FCPATH\index.php(79): CodeIgniter\CodeIgniter->run()
WARNING - 2023-12-13 08:30:32 --> [DEPRECATED] Function strftime() is deprecated in APPPATH\Controllers\AlumniAdmin.php on line 183.
 1 SYSTEMPATH\CodeIgniter.php(942): App\Controllers\AlumniAdmin->ajax()
 2 SYSTEMPATH\CodeIgniter.php(502): CodeIgniter\CodeIgniter->runController(Object(App\Controllers\AlumniAdmin))
 3 SYSTEMPATH\CodeIgniter.php(361): CodeIgniter\CodeIgniter->handleRequest(null, Object(Config\Cache), false)
 4 FCPATH\index.php(79): CodeIgniter\CodeIgniter->run()
WARNING - 2023-12-13 08:30:32 --> [DEPRECATED] Function strftime() is deprecated in APPPATH\Controllers\AlumniAdmin.php on line 183.
 1 SYSTEMPATH\CodeIgniter.php(942): App\Controllers\AlumniAdmin->ajax()
 2 SYSTEMPATH\CodeIgniter.php(502): CodeIgniter\CodeIgniter->runController(Object(App\Controllers\AlumniAdmin))
 3 SYSTEMPATH\CodeIgniter.php(361): CodeIgniter\CodeIgniter->handleRequest(null, Object(Config\Cache), false)
 4 FCPATH\index.php(79): CodeIgniter\CodeIgniter->run()
WARNING - 2023-12-13 08:30:32 --> [DEPRECATED] Function strftime() is deprecated in APPPATH\Controllers\AlumniAdmin.php on line 183.
 1 SYSTEMPATH\CodeIgniter.php(942): App\Controllers\AlumniAdmin->ajax()
 2 SYSTEMPATH\CodeIgniter.php(502): CodeIgniter\CodeIgniter->runController(Object(App\Controllers\AlumniAdmin))
 3 SYSTEMPATH\CodeIgniter.php(361): CodeIgniter\CodeIgniter->handleRequest(null, Object(Config\Cache), false)
 4 FCPATH\index.php(79): CodeIgniter\CodeIgniter->run()
WARNING - 2023-12-13 08:30:32 --> [DEPRECATED] Function strftime() is deprecated in APPPATH\Controllers\AlumniAdmin.php on line 183.
 1 SYSTEMPATH\CodeIgniter.php(942): App\Controllers\AlumniAdmin->ajax()
 2 SYSTEMPATH\CodeIgniter.php(502): CodeIgniter\CodeIgniter->runController(Object(App\Controllers\AlumniAdmin))
 3 SYSTEMPATH\CodeIgniter.php(361): CodeIgniter\CodeIgniter->handleRequest(null, Object(Config\Cache), false)
 4 FCPATH\index.php(79): CodeIgniter\CodeIgniter->run()
WARNING - 2023-12-13 08:30:32 --> [DEPRECATED] Function strftime() is deprecated in APPPATH\Controllers\AlumniAdmin.php on line 183.
 1 SYSTEMPATH\CodeIgniter.php(942): App\Controllers\AlumniAdmin->ajax()
 2 SYSTEMPATH\CodeIgniter.php(502): CodeIgniter\CodeIgniter->runController(Object(App\Controllers\AlumniAdmin))
 3 SYSTEMPATH\CodeIgniter.php(361): CodeIgniter\CodeIgniter->handleRequest(null, Object(Config\Cache), false)
 4 FCPATH\index.php(79): CodeIgniter\CodeIgniter->run()
WARNING - 2023-12-13 08:30:32 --> [DEPRECATED] Function strftime() is deprecated in APPPATH\Controllers\AlumniAdmin.php on line 183.
 1 SYSTEMPATH\CodeIgniter.php(942): App\Controllers\AlumniAdmin->ajax()
 2 SYSTEMPATH\CodeIgniter.php(502): CodeIgniter\CodeIgniter->runController(Object(App\Controllers\AlumniAdmin))
 3 SYSTEMPATH\CodeIgniter.php(361): CodeIgniter\CodeIgniter->handleRequest(null, Object(Config\Cache), false)
 4 FCPATH\index.php(79): CodeIgniter\CodeIgniter->run()
WARNING - 2023-12-13 08:30:32 --> [DEPRECATED] Function strftime() is deprecated in APPPATH\Controllers\AlumniAdmin.php on line 183.
 1 SYSTEMPATH\CodeIgniter.php(942): App\Controllers\AlumniAdmin->ajax()
 2 SYSTEMPATH\CodeIgniter.php(502): CodeIgniter\CodeIgniter->runController(Object(App\Controllers\AlumniAdmin))
 3 SYSTEMPATH\CodeIgniter.php(361): CodeIgniter\CodeIgniter->handleRequest(null, Object(Config\Cache), false)
 4 FCPATH\index.php(79): CodeIgniter\CodeIgniter->run()
WARNING - 2023-12-13 08:30:32 --> [DEPRECATED] Function strftime() is deprecated in APPPATH\Controllers\AlumniAdmin.php on line 183.
 1 SYSTEMPATH\CodeIgniter.php(942): App\Controllers\AlumniAdmin->ajax()
 2 SYSTEMPATH\CodeIgniter.php(502): CodeIgniter\CodeIgniter->runController(Object(App\Controllers\AlumniAdmin))
 3 SYSTEMPATH\CodeIgniter.php(361): CodeIgniter\CodeIgniter->handleRequest(null, Object(Config\Cache), false)
 4 FCPATH\index.php(79): CodeIgniter\CodeIgniter->run()
WARNING - 2023-12-13 08:30:32 --> [DEPRECATED] Function strftime() is deprecated in APPPATH\Controllers\AlumniAdmin.php on line 183.
 1 SYSTEMPATH\CodeIgniter.php(942): App\Controllers\AlumniAdmin->ajax()
 2 SYSTEMPATH\CodeIgniter.php(502): CodeIgniter\CodeIgniter->runController(Object(App\Controllers\AlumniAdmin))
 3 SYSTEMPATH\CodeIgniter.php(361): CodeIgniter\CodeIgniter->handleRequest(null, Object(Config\Cache), false)
 4 FCPATH\index.php(79): CodeIgniter\CodeIgniter->run()
WARNING - 2023-12-13 08:30:32 --> [DEPRECATED] Function strftime() is deprecated in APPPATH\Controllers\AlumniAdmin.php on line 183.
 1 SYSTEMPATH\CodeIgniter.php(942): App\Controllers\AlumniAdmin->ajax()
 2 SYSTEMPATH\CodeIgniter.php(502): CodeIgniter\CodeIgniter->runController(Object(App\Controllers\AlumniAdmin))
 3 SYSTEMPATH\CodeIgniter.php(361): CodeIgniter\CodeIgniter->handleRequest(null, Object(Config\Cache), false)
 4 FCPATH\index.php(79): CodeIgniter\CodeIgniter->run()
WARNING - 2023-12-13 08:30:32 --> [DEPRECATED] Function strftime() is deprecated in APPPATH\Controllers\AlumniAdmin.php on line 183.
 1 SYSTEMPATH\CodeIgniter.php(942): App\Controllers\AlumniAdmin->ajax()
 2 SYSTEMPATH\CodeIgniter.php(502): CodeIgniter\CodeIgniter->runController(Object(App\Controllers\AlumniAdmin))
 3 SYSTEMPATH\CodeIgniter.php(361): CodeIgniter\CodeIgniter->handleRequest(null, Object(Config\Cache), false)
 4 FCPATH\index.php(79): CodeIgniter\CodeIgniter->run()
WARNING - 2023-12-13 08:30:32 --> [DEPRECATED] Function strftime() is deprecated in APPPATH\Controllers\AlumniAdmin.php on line 183.
 1 SYSTEMPATH\CodeIgniter.php(942): App\Controllers\AlumniAdmin->ajax()
 2 SYSTEMPATH\CodeIgniter.php(502): CodeIgniter\CodeIgniter->runController(Object(App\Controllers\AlumniAdmin))
 3 SYSTEMPATH\CodeIgniter.php(361): CodeIgniter\CodeIgniter->handleRequest(null, Object(Config\Cache), false)
 4 FCPATH\index.php(79): CodeIgniter\CodeIgniter->run()
WARNING - 2023-12-13 08:30:32 --> [DEPRECATED] Function strftime() is deprecated in APPPATH\Controllers\AlumniAdmin.php on line 183.
 1 SYSTEMPATH\CodeIgniter.php(942): App\Controllers\AlumniAdmin->ajax()
 2 SYSTEMPATH\CodeIgniter.php(502): CodeIgniter\CodeIgniter->runController(Object(App\Controllers\AlumniAdmin))
 3 SYSTEMPATH\CodeIgniter.php(361): CodeIgniter\CodeIgniter->handleRequest(null, Object(Config\Cache), false)
 4 FCPATH\index.php(79): CodeIgniter\CodeIgniter->run()
WARNING - 2023-12-13 08:30:32 --> [DEPRECATED] Function strftime() is deprecated in APPPATH\Controllers\AlumniAdmin.php on line 183.
 1 SYSTEMPATH\CodeIgniter.php(942): App\Controllers\AlumniAdmin->ajax()
 2 SYSTEMPATH\CodeIgniter.php(502): CodeIgniter\CodeIgniter->runController(Object(App\Controllers\AlumniAdmin))
 3 SYSTEMPATH\CodeIgniter.php(361): CodeIgniter\CodeIgniter->handleRequest(null, Object(Config\Cache), false)
 4 FCPATH\index.php(79): CodeIgniter\CodeIgniter->run()
WARNING - 2023-12-13 08:30:32 --> [DEPRECATED] Function strftime() is deprecated in APPPATH\Controllers\AlumniAdmin.php on line 183.
 1 SYSTEMPATH\CodeIgniter.php(942): App\Controllers\AlumniAdmin->ajax()
 2 SYSTEMPATH\CodeIgniter.php(502): CodeIgniter\CodeIgniter->runController(Object(App\Controllers\AlumniAdmin))
 3 SYSTEMPATH\CodeIgniter.php(361): CodeIgniter\CodeIgniter->handleRequest(null, Object(Config\Cache), false)
 4 FCPATH\index.php(79): CodeIgniter\CodeIgniter->run()
WARNING - 2023-12-13 08:30:32 --> [DEPRECATED] Function strftime() is deprecated in APPPATH\Controllers\AlumniAdmin.php on line 183.
 1 SYSTEMPATH\CodeIgniter.php(942): App\Controllers\AlumniAdmin->ajax()
 2 SYSTEMPATH\CodeIgniter.php(502): CodeIgniter\CodeIgniter->runController(Object(App\Controllers\AlumniAdmin))
 3 SYSTEMPATH\CodeIgniter.php(361): CodeIgniter\CodeIgniter->handleRequest(null, Object(Config\Cache), false)
 4 FCPATH\index.php(79): CodeIgniter\CodeIgniter->run()
WARNING - 2023-12-13 08:30:32 --> [DEPRECATED] Function strftime() is deprecated in APPPATH\Controllers\AlumniAdmin.php on line 183.
 1 SYSTEMPATH\CodeIgniter.php(942): App\Controllers\AlumniAdmin->ajax()
 2 SYSTEMPATH\CodeIgniter.php(502): CodeIgniter\CodeIgniter->runController(Object(App\Controllers\AlumniAdmin))
 3 SYSTEMPATH\CodeIgniter.php(361): CodeIgniter\CodeIgniter->handleRequest(null, Object(Config\Cache), false)
 4 FCPATH\index.php(79): CodeIgniter\CodeIgniter->run()
WARNING - 2023-12-13 08:30:32 --> [DEPRECATED] Function strftime() is deprecated in APPPATH\Controllers\AlumniAdmin.php on line 183.
 1 SYSTEMPATH\CodeIgniter.php(942): App\Controllers\AlumniAdmin->ajax()
 2 SYSTEMPATH\CodeIgniter.php(502): CodeIgniter\CodeIgniter->runController(Object(App\Controllers\AlumniAdmin))
 3 SYSTEMPATH\CodeIgniter.php(361): CodeIgniter\CodeIgniter->handleRequest(null, Object(Config\Cache), false)
 4 FCPATH\index.php(79): CodeIgniter\CodeIgniter->run()
WARNING - 2023-12-13 08:30:32 --> [DEPRECATED] Function strftime() is deprecated in APPPATH\Controllers\AlumniAdmin.php on line 183.
 1 SYSTEMPATH\CodeIgniter.php(942): App\Controllers\AlumniAdmin->ajax()
 2 SYSTEMPATH\CodeIgniter.php(502): CodeIgniter\CodeIgniter->runController(Object(App\Controllers\AlumniAdmin))
 3 SYSTEMPATH\CodeIgniter.php(361): CodeIgniter\CodeIgniter->handleRequest(null, Object(Config\Cache), false)
 4 FCPATH\index.php(79): CodeIgniter\CodeIgniter->run()
INFO - 2023-12-13 08:30:33 --> Session: Class initialized using 'CodeIgniter\Session\Handlers\FileHandler' driver.
WARNING - 2023-12-13 08:30:33 --> [DEPRECATED] Function strftime() is deprecated in APPPATH\Controllers\AlumniAdmin.php on line 183.
 1 SYSTEMPATH\CodeIgniter.php(942): App\Controllers\AlumniAdmin->ajax()
 2 SYSTEMPATH\CodeIgniter.php(502): CodeIgniter\CodeIgniter->runController(Object(App\Controllers\AlumniAdmin))
 3 SYSTEMPATH\CodeIgniter.php(361): CodeIgniter\CodeIgniter->handleRequest(null, Object(Config\Cache), false)
 4 FCPATH\index.php(79): CodeIgniter\CodeIgniter->run()
WARNING - 2023-12-13 08:30:33 --> [DEPRECATED] Function strftime() is deprecated in APPPATH\Controllers\AlumniAdmin.php on line 183.
 1 SYSTEMPATH\CodeIgniter.php(942): App\Controllers\AlumniAdmin->ajax()
 2 SYSTEMPATH\CodeIgniter.php(502): CodeIgniter\CodeIgniter->runController(Object(App\Controllers\AlumniAdmin))
 3 SYSTEMPATH\CodeIgniter.php(361): CodeIgniter\CodeIgniter->handleRequest(null, Object(Config\Cache), false)
 4 FCPATH\index.php(79): CodeIgniter\CodeIgniter->run()
WARNING - 2023-12-13 08:30:33 --> [DEPRECATED] Function strftime() is deprecated in APPPATH\Controllers\AlumniAdmin.php on line 183.
 1 SYSTEMPATH\CodeIgniter.php(942): App\Controllers\AlumniAdmin->ajax()
 2 SYSTEMPATH\CodeIgniter.php(502): CodeIgniter\CodeIgniter->runController(Object(App\Controllers\AlumniAdmin))
 3 SYSTEMPATH\CodeIgniter.php(361): CodeIgniter\CodeIgniter->handleRequest(null, Object(Config\Cache), false)
 4 FCPATH\index.php(79): CodeIgniter\CodeIgniter->run()
WARNING - 2023-12-13 08:30:33 --> [DEPRECATED] Function strftime() is deprecated in APPPATH\Controllers\AlumniAdmin.php on line 183.
 1 SYSTEMPATH\CodeIgniter.php(942): App\Controllers\AlumniAdmin->ajax()
 2 SYSTEMPATH\CodeIgniter.php(502): CodeIgniter\CodeIgniter->runController(Object(App\Controllers\AlumniAdmin))
 3 SYSTEMPATH\CodeIgniter.php(361): CodeIgniter\CodeIgniter->handleRequest(null, Object(Config\Cache), false)
 4 FCPATH\index.php(79): CodeIgniter\CodeIgniter->run()
WARNING - 2023-12-13 08:30:33 --> [DEPRECATED] Function strftime() is deprecated in APPPATH\Controllers\AlumniAdmin.php on line 183.
 1 SYSTEMPATH\CodeIgniter.php(942): App\Controllers\AlumniAdmin->ajax()
 2 SYSTEMPATH\CodeIgniter.php(502): CodeIgniter\CodeIgniter->runController(Object(App\Controllers\AlumniAdmin))
 3 SYSTEMPATH\CodeIgniter.php(361): CodeIgniter\CodeIgniter->handleRequest(null, Object(Config\Cache), false)
 4 FCPATH\index.php(79): CodeIgniter\CodeIgniter->run()
WARNING - 2023-12-13 08:30:33 --> [DEPRECATED] Function strftime() is deprecated in APPPATH\Controllers\AlumniAdmin.php on line 183.
 1 SYSTEMPATH\CodeIgniter.php(942): App\Controllers\AlumniAdmin->ajax()
 2 SYSTEMPATH\CodeIgniter.php(502): CodeIgniter\CodeIgniter->runController(Object(App\Controllers\AlumniAdmin))
 3 SYSTEMPATH\CodeIgniter.php(361): CodeIgniter\CodeIgniter->handleRequest(null, Object(Config\Cache), false)
 4 FCPATH\index.php(79): CodeIgniter\CodeIgniter->run()
WARNING - 2023-12-13 08:30:33 --> [DEPRECATED] Function strftime() is deprecated in APPPATH\Controllers\AlumniAdmin.php on line 183.
 1 SYSTEMPATH\CodeIgniter.php(942): App\Controllers\AlumniAdmin->ajax()
 2 SYSTEMPATH\CodeIgniter.php(502): CodeIgniter\CodeIgniter->runController(Object(App\Controllers\AlumniAdmin))
 3 SYSTEMPATH\CodeIgniter.php(361): CodeIgniter\CodeIgniter->handleRequest(null, Object(Config\Cache), false)
 4 FCPATH\index.php(79): CodeIgniter\CodeIgniter->run()
WARNING - 2023-12-13 08:30:33 --> [DEPRECATED] Function strftime() is deprecated in APPPATH\Controllers\AlumniAdmin.php on line 183.
 1 SYSTEMPATH\CodeIgniter.php(942): App\Controllers\AlumniAdmin->ajax()
 2 SYSTEMPATH\CodeIgniter.php(502): CodeIgniter\CodeIgniter->runController(Object(App\Controllers\AlumniAdmin))
 3 SYSTEMPATH\CodeIgniter.php(361): CodeIgniter\CodeIgniter->handleRequest(null, Object(Config\Cache), false)
 4 FCPATH\index.php(79): CodeIgniter\CodeIgniter->run()
WARNING - 2023-12-13 08:30:33 --> [DEPRECATED] Function strftime() is deprecated in APPPATH\Controllers\AlumniAdmin.php on line 183.
 1 SYSTEMPATH\CodeIgniter.php(942): App\Controllers\AlumniAdmin->ajax()
 2 SYSTEMPATH\CodeIgniter.php(502): CodeIgniter\CodeIgniter->runController(Object(App\Controllers\AlumniAdmin))
 3 SYSTEMPATH\CodeIgniter.php(361): CodeIgniter\CodeIgniter->handleRequest(null, Object(Config\Cache), false)
 4 FCPATH\index.php(79): CodeIgniter\CodeIgniter->run()
WARNING - 2023-12-13 08:30:33 --> [DEPRECATED] Function strftime() is deprecated in APPPATH\Controllers\AlumniAdmin.php on line 183.
 1 SYSTEMPATH\CodeIgniter.php(942): App\Controllers\AlumniAdmin->ajax()
 2 SYSTEMPATH\CodeIgniter.php(502): CodeIgniter\CodeIgniter->runController(Object(App\Controllers\AlumniAdmin))
 3 SYSTEMPATH\CodeIgniter.php(361): CodeIgniter\CodeIgniter->handleRequest(null, Object(Config\Cache), false)
 4 FCPATH\index.php(79): CodeIgniter\CodeIgniter->run()
WARNING - 2023-12-13 08:30:33 --> [DEPRECATED] Function strftime() is deprecated in APPPATH\Controllers\AlumniAdmin.php on line 183.
 1 SYSTEMPATH\CodeIgniter.php(942): App\Controllers\AlumniAdmin->ajax()
 2 SYSTEMPATH\CodeIgniter.php(502): CodeIgniter\CodeIgniter->runController(Object(App\Controllers\AlumniAdmin))
 3 SYSTEMPATH\CodeIgniter.php(361): CodeIgniter\CodeIgniter->handleRequest(null, Object(Config\Cache), false)
 4 FCPATH\index.php(79): CodeIgniter\CodeIgniter->run()
WARNING - 2023-12-13 08:30:33 --> [DEPRECATED] Function strftime() is deprecated in APPPATH\Controllers\AlumniAdmin.php on line 183.
 1 SYSTEMPATH\CodeIgniter.php(942): App\Controllers\AlumniAdmin->ajax()
 2 SYSTEMPATH\CodeIgniter.php(502): CodeIgniter\CodeIgniter->runController(Object(App\Controllers\AlumniAdmin))
 3 SYSTEMPATH\CodeIgniter.php(361): CodeIgniter\CodeIgniter->handleRequest(null, Object(Config\Cache), false)
 4 FCPATH\index.php(79): CodeIgniter\CodeIgniter->run()
WARNING - 2023-12-13 08:30:33 --> [DEPRECATED] Function strftime() is deprecated in APPPATH\Controllers\AlumniAdmin.php on line 183.
 1 SYSTEMPATH\CodeIgniter.php(942): App\Controllers\AlumniAdmin->ajax()
 2 SYSTEMPATH\CodeIgniter.php(502): CodeIgniter\CodeIgniter->runController(Object(App\Controllers\AlumniAdmin))
 3 SYSTEMPATH\CodeIgniter.php(361): CodeIgniter\CodeIgniter->handleRequest(null, Object(Config\Cache), false)
 4 FCPATH\index.php(79): CodeIgniter\CodeIgniter->run()
WARNING - 2023-12-13 08:30:33 --> [DEPRECATED] Function strftime() is deprecated in APPPATH\Controllers\AlumniAdmin.php on line 183.
 1 SYSTEMPATH\CodeIgniter.php(942): App\Controllers\AlumniAdmin->ajax()
 2 SYSTEMPATH\CodeIgniter.php(502): CodeIgniter\CodeIgniter->runController(Object(App\Controllers\AlumniAdmin))
 3 SYSTEMPATH\CodeIgniter.php(361): CodeIgniter\CodeIgniter->handleRequest(null, Object(Config\Cache), false)
 4 FCPATH\index.php(79): CodeIgniter\CodeIgniter->run()
WARNING - 2023-12-13 08:30:33 --> [DEPRECATED] Function strftime() is deprecated in APPPATH\Controllers\AlumniAdmin.php on line 183.
 1 SYSTEMPATH\CodeIgniter.php(942): App\Controllers\AlumniAdmin->ajax()
 2 SYSTEMPATH\CodeIgniter.php(502): CodeIgniter\CodeIgniter->runController(Object(App\Controllers\AlumniAdmin))
 3 SYSTEMPATH\CodeIgniter.php(361): CodeIgniter\CodeIgniter->handleRequest(null, Object(Config\Cache), false)
 4 FCPATH\index.php(79): CodeIgniter\CodeIgniter->run()
WARNING - 2023-12-13 08:30:33 --> [DEPRECATED] Function strftime() is deprecated in APPPATH\Controllers\AlumniAdmin.php on line 183.
 1 SYSTEMPATH\CodeIgniter.php(942): App\Controllers\AlumniAdmin->ajax()
 2 SYSTEMPATH\CodeIgniter.php(502): CodeIgniter\CodeIgniter->runController(Object(App\Controllers\AlumniAdmin))
 3 SYSTEMPATH\CodeIgniter.php(361): CodeIgniter\CodeIgniter->handleRequest(null, Object(Config\Cache), false)
 4 FCPATH\index.php(79): CodeIgniter\CodeIgniter->run()
WARNING - 2023-12-13 08:30:33 --> [DEPRECATED] Function strftime() is deprecated in APPPATH\Controllers\AlumniAdmin.php on line 183.
 1 SYSTEMPATH\CodeIgniter.php(942): App\Controllers\AlumniAdmin->ajax()
 2 SYSTEMPATH\CodeIgniter.php(502): CodeIgniter\CodeIgniter->runController(Object(App\Controllers\AlumniAdmin))
 3 SYSTEMPATH\CodeIgniter.php(361): CodeIgniter\CodeIgniter->handleRequest(null, Object(Config\Cache), false)
 4 FCPATH\index.php(79): CodeIgniter\CodeIgniter->run()
WARNING - 2023-12-13 08:30:33 --> [DEPRECATED] Function strftime() is deprecated in APPPATH\Controllers\AlumniAdmin.php on line 183.
 1 SYSTEMPATH\CodeIgniter.php(942): App\Controllers\AlumniAdmin->ajax()
 2 SYSTEMPATH\CodeIgniter.php(502): CodeIgniter\CodeIgniter->runController(Object(App\Controllers\AlumniAdmin))
 3 SYSTEMPATH\CodeIgniter.php(361): CodeIgniter\CodeIgniter->handleRequest(null, Object(Config\Cache), false)
 4 FCPATH\index.php(79): CodeIgniter\CodeIgniter->run()
WARNING - 2023-12-13 08:30:33 --> [DEPRECATED] Function strftime() is deprecated in APPPATH\Controllers\AlumniAdmin.php on line 183.
 1 SYSTEMPATH\CodeIgniter.php(942): App\Controllers\AlumniAdmin->ajax()
 2 SYSTEMPATH\CodeIgniter.php(502): CodeIgniter\CodeIgniter->runController(Object(App\Controllers\AlumniAdmin))
 3 SYSTEMPATH\CodeIgniter.php(361): CodeIgniter\CodeIgniter->handleRequest(null, Object(Config\Cache), false)
 4 FCPATH\index.php(79): CodeIgniter\CodeIgniter->run()
WARNING - 2023-12-13 08:30:33 --> [DEPRECATED] Function strftime() is deprecated in APPPATH\Controllers\AlumniAdmin.php on line 183.
 1 SYSTEMPATH\CodeIgniter.php(942): App\Controllers\AlumniAdmin->ajax()
 2 SYSTEMPATH\CodeIgniter.php(502): CodeIgniter\CodeIgniter->runController(Object(App\Controllers\AlumniAdmin))
 3 SYSTEMPATH\CodeIgniter.php(361): CodeIgniter\CodeIgniter->handleRequest(null, Object(Config\Cache), false)
 4 FCPATH\index.php(79): CodeIgniter\CodeIgniter->run()
INFO - 2023-12-13 08:30:33 --> Session: Class initialized using 'CodeIgniter\Session\Handlers\FileHandler' driver.
INFO - 2023-12-13 08:30:34 --> Session: Class initialized using 'CodeIgniter\Session\Handlers\FileHandler' driver.
WARNING - 2023-12-13 08:30:34 --> [DEPRECATED] Function strftime() is deprecated in APPPATH\Controllers\AlumniAdmin.php on line 183.
 1 SYSTEMPATH\CodeIgniter.php(942): App\Controllers\AlumniAdmin->ajax()
 2 SYSTEMPATH\CodeIgniter.php(502): CodeIgniter\CodeIgniter->runController(Object(App\Controllers\AlumniAdmin))
 3 SYSTEMPATH\CodeIgniter.php(361): CodeIgniter\CodeIgniter->handleRequest(null, Object(Config\Cache), false)
 4 FCPATH\index.php(79): CodeIgniter\CodeIgniter->run()
WARNING - 2023-12-13 08:30:34 --> [DEPRECATED] Function strftime() is deprecated in APPPATH\Controllers\AlumniAdmin.php on line 183.
 1 SYSTEMPATH\CodeIgniter.php(942): App\Controllers\AlumniAdmin->ajax()
 2 SYSTEMPATH\CodeIgniter.php(502): CodeIgniter\CodeIgniter->runController(Object(App\Controllers\AlumniAdmin))
 3 SYSTEMPATH\CodeIgniter.php(361): CodeIgniter\CodeIgniter->handleRequest(null, Object(Config\Cache), false)
 4 FCPATH\index.php(79): CodeIgniter\CodeIgniter->run()
WARNING - 2023-12-13 08:30:34 --> [DEPRECATED] Function strftime() is deprecated in APPPATH\Controllers\AlumniAdmin.php on line 183.
 1 SYSTEMPATH\CodeIgniter.php(942): App\Controllers\AlumniAdmin->ajax()
 2 SYSTEMPATH\CodeIgniter.php(502): CodeIgniter\CodeIgniter->runController(Object(App\Controllers\AlumniAdmin))
 3 SYSTEMPATH\CodeIgniter.php(361): CodeIgniter\CodeIgniter->handleRequest(null, Object(Config\Cache), false)
 4 FCPATH\index.php(79): CodeIgniter\CodeIgniter->run()
WARNING - 2023-12-13 08:30:34 --> [DEPRECATED] Function strftime() is deprecated in APPPATH\Controllers\AlumniAdmin.php on line 183.
 1 SYSTEMPATH\CodeIgniter.php(942): App\Controllers\AlumniAdmin->ajax()
 2 SYSTEMPATH\CodeIgniter.php(502): CodeIgniter\CodeIgniter->runController(Object(App\Controllers\AlumniAdmin))
 3 SYSTEMPATH\CodeIgniter.php(361): CodeIgniter\CodeIgniter->handleRequest(null, Object(Config\Cache), false)
 4 FCPATH\index.php(79): CodeIgniter\CodeIgniter->run()
WARNING - 2023-12-13 08:30:34 --> [DEPRECATED] Function strftime() is deprecated in APPPATH\Controllers\AlumniAdmin.php on line 183.
 1 SYSTEMPATH\CodeIgniter.php(942): App\Controllers\AlumniAdmin->ajax()
 2 SYSTEMPATH\CodeIgniter.php(502): CodeIgniter\CodeIgniter->runController(Object(App\Controllers\AlumniAdmin))
 3 SYSTEMPATH\CodeIgniter.php(361): CodeIgniter\CodeIgniter->handleRequest(null, Object(Config\Cache), false)
 4 FCPATH\index.php(79): CodeIgniter\CodeIgniter->run()
WARNING - 2023-12-13 08:30:34 --> [DEPRECATED] Function strftime() is deprecated in APPPATH\Controllers\AlumniAdmin.php on line 183.
 1 SYSTEMPATH\CodeIgniter.php(942): App\Controllers\AlumniAdmin->ajax()
 2 SYSTEMPATH\CodeIgniter.php(502): CodeIgniter\CodeIgniter->runController(Object(App\Controllers\AlumniAdmin))
 3 SYSTEMPATH\CodeIgniter.php(361): CodeIgniter\CodeIgniter->handleRequest(null, Object(Config\Cache), false)
 4 FCPATH\index.php(79): CodeIgniter\CodeIgniter->run()
WARNING - 2023-12-13 08:30:34 --> [DEPRECATED] Function strftime() is deprecated in APPPATH\Controllers\AlumniAdmin.php on line 183.
 1 SYSTEMPATH\CodeIgniter.php(942): App\Controllers\AlumniAdmin->ajax()
 2 SYSTEMPATH\CodeIgniter.php(502): CodeIgniter\CodeIgniter->runController(Object(App\Controllers\AlumniAdmin))
 3 SYSTEMPATH\CodeIgniter.php(361): CodeIgniter\CodeIgniter->handleRequest(null, Object(Config\Cache), false)
 4 FCPATH\index.php(79): CodeIgniter\CodeIgniter->run()
WARNING - 2023-12-13 08:30:34 --> [DEPRECATED] Function strftime() is deprecated in APPPATH\Controllers\AlumniAdmin.php on line 183.
 1 SYSTEMPATH\CodeIgniter.php(942): App\Controllers\AlumniAdmin->ajax()
 2 SYSTEMPATH\CodeIgniter.php(502): CodeIgniter\CodeIgniter->runController(Object(App\Controllers\AlumniAdmin))
 3 SYSTEMPATH\CodeIgniter.php(361): CodeIgniter\CodeIgniter->handleRequest(null, Object(Config\Cache), false)
 4 FCPATH\index.php(79): CodeIgniter\CodeIgniter->run()
WARNING - 2023-12-13 08:30:34 --> [DEPRECATED] Function strftime() is deprecated in APPPATH\Controllers\AlumniAdmin.php on line 183.
 1 SYSTEMPATH\CodeIgniter.php(942): App\Controllers\AlumniAdmin->ajax()
 2 SYSTEMPATH\CodeIgniter.php(502): CodeIgniter\CodeIgniter->runController(Object(App\Controllers\AlumniAdmin))
 3 SYSTEMPATH\CodeIgniter.php(361): CodeIgniter\CodeIgniter->handleRequest(null, Object(Config\Cache), false)
 4 FCPATH\index.php(79): CodeIgniter\CodeIgniter->run()
WARNING - 2023-12-13 08:30:34 --> [DEPRECATED] Function strftime() is deprecated in APPPATH\Controllers\AlumniAdmin.php on line 183.
 1 SYSTEMPATH\CodeIgniter.php(942): App\Controllers\AlumniAdmin->ajax()
 2 SYSTEMPATH\CodeIgniter.php(502): CodeIgniter\CodeIgniter->runController(Object(App\Controllers\AlumniAdmin))
 3 SYSTEMPATH\CodeIgniter.php(361): CodeIgniter\CodeIgniter->handleRequest(null, Object(Config\Cache), false)
 4 FCPATH\index.php(79): CodeIgniter\CodeIgniter->run()
WARNING - 2023-12-13 08:30:34 --> [DEPRECATED] Function strftime() is deprecated in APPPATH\Controllers\AlumniAdmin.php on line 183.
 1 SYSTEMPATH\CodeIgniter.php(942): App\Controllers\AlumniAdmin->ajax()
 2 SYSTEMPATH\CodeIgniter.php(502): CodeIgniter\CodeIgniter->runController(Object(App\Controllers\AlumniAdmin))
 3 SYSTEMPATH\CodeIgniter.php(361): CodeIgniter\CodeIgniter->handleRequest(null, Object(Config\Cache), false)
 4 FCPATH\index.php(79): CodeIgniter\CodeIgniter->run()
WARNING - 2023-12-13 08:30:34 --> [DEPRECATED] Function strftime() is deprecated in APPPATH\Controllers\AlumniAdmin.php on line 183.
 1 SYSTEMPATH\CodeIgniter.php(942): App\Controllers\AlumniAdmin->ajax()
 2 SYSTEMPATH\CodeIgniter.php(502): CodeIgniter\CodeIgniter->runController(Object(App\Controllers\AlumniAdmin))
 3 SYSTEMPATH\CodeIgniter.php(361): CodeIgniter\CodeIgniter->handleRequest(null, Object(Config\Cache), false)
 4 FCPATH\index.php(79): CodeIgniter\CodeIgniter->run()
WARNING - 2023-12-13 08:30:34 --> [DEPRECATED] Function strftime() is deprecated in APPPATH\Controllers\AlumniAdmin.php on line 183.
 1 SYSTEMPATH\CodeIgniter.php(942): App\Controllers\AlumniAdmin->ajax()
 2 SYSTEMPATH\CodeIgniter.php(502): CodeIgniter\CodeIgniter->runController(Object(App\Controllers\AlumniAdmin))
 3 SYSTEMPATH\CodeIgniter.php(361): CodeIgniter\CodeIgniter->handleRequest(null, Object(Config\Cache), false)
 4 FCPATH\index.php(79): CodeIgniter\CodeIgniter->run()
WARNING - 2023-12-13 08:30:34 --> [DEPRECATED] Function strftime() is deprecated in APPPATH\Controllers\AlumniAdmin.php on line 183.
 1 SYSTEMPATH\CodeIgniter.php(942): App\Controllers\AlumniAdmin->ajax()
 2 SYSTEMPATH\CodeIgniter.php(502): CodeIgniter\CodeIgniter->runController(Object(App\Controllers\AlumniAdmin))
 3 SYSTEMPATH\CodeIgniter.php(361): CodeIgniter\CodeIgniter->handleRequest(null, Object(Config\Cache), false)
 4 FCPATH\index.php(79): CodeIgniter\CodeIgniter->run()
WARNING - 2023-12-13 08:30:34 --> [DEPRECATED] Function strftime() is deprecated in APPPATH\Controllers\AlumniAdmin.php on line 183.
 1 SYSTEMPATH\CodeIgniter.php(942): App\Controllers\AlumniAdmin->ajax()
 2 SYSTEMPATH\CodeIgniter.php(502): CodeIgniter\CodeIgniter->runController(Object(App\Controllers\AlumniAdmin))
 3 SYSTEMPATH\CodeIgniter.php(361): CodeIgniter\CodeIgniter->handleRequest(null, Object(Config\Cache), false)
 4 FCPATH\index.php(79): CodeIgniter\CodeIgniter->run()
WARNING - 2023-12-13 08:30:34 --> [DEPRECATED] Function strftime() is deprecated in APPPATH\Controllers\AlumniAdmin.php on line 183.
 1 SYSTEMPATH\CodeIgniter.php(942): App\Controllers\AlumniAdmin->ajax()
 2 SYSTEMPATH\CodeIgniter.php(502): CodeIgniter\CodeIgniter->runController(Object(App\Controllers\AlumniAdmin))
 3 SYSTEMPATH\CodeIgniter.php(361): CodeIgniter\CodeIgniter->handleRequest(null, Object(Config\Cache), false)
 4 FCPATH\index.php(79): CodeIgniter\CodeIgniter->run()
WARNING - 2023-12-13 08:30:34 --> [DEPRECATED] Function strftime() is deprecated in APPPATH\Controllers\AlumniAdmin.php on line 183.
 1 SYSTEMPATH\CodeIgniter.php(942): App\Controllers\AlumniAdmin->ajax()
 2 SYSTEMPATH\CodeIgniter.php(502): CodeIgniter\CodeIgniter->runController(Object(App\Controllers\AlumniAdmin))
 3 SYSTEMPATH\CodeIgniter.php(361): CodeIgniter\CodeIgniter->handleRequest(null, Object(Config\Cache), false)
 4 FCPATH\index.php(79): CodeIgniter\CodeIgniter->run()
WARNING - 2023-12-13 08:30:34 --> [DEPRECATED] Function strftime() is deprecated in APPPATH\Controllers\AlumniAdmin.php on line 183.
 1 SYSTEMPATH\CodeIgniter.php(942): App\Controllers\AlumniAdmin->ajax()
 2 SYSTEMPATH\CodeIgniter.php(502): CodeIgniter\CodeIgniter->runController(Object(App\Controllers\AlumniAdmin))
 3 SYSTEMPATH\CodeIgniter.php(361): CodeIgniter\CodeIgniter->handleRequest(null, Object(Config\Cache), false)
 4 FCPATH\index.php(79): CodeIgniter\CodeIgniter->run()
WARNING - 2023-12-13 08:30:34 --> [DEPRECATED] Function strftime() is deprecated in APPPATH\Controllers\AlumniAdmin.php on line 183.
 1 SYSTEMPATH\CodeIgniter.php(942): App\Controllers\AlumniAdmin->ajax()
 2 SYSTEMPATH\CodeIgniter.php(502): CodeIgniter\CodeIgniter->runController(Object(App\Controllers\AlumniAdmin))
 3 SYSTEMPATH\CodeIgniter.php(361): CodeIgniter\CodeIgniter->handleRequest(null, Object(Config\Cache), false)
 4 FCPATH\index.php(79): CodeIgniter\CodeIgniter->run()
WARNING - 2023-12-13 08:30:34 --> [DEPRECATED] Function strftime() is deprecated in APPPATH\Controllers\AlumniAdmin.php on line 183.
 1 SYSTEMPATH\CodeIgniter.php(942): App\Controllers\AlumniAdmin->ajax()
 2 SYSTEMPATH\CodeIgniter.php(502): CodeIgniter\CodeIgniter->runController(Object(App\Controllers\AlumniAdmin))
 3 SYSTEMPATH\CodeIgniter.php(361): CodeIgniter\CodeIgniter->handleRequest(null, Object(Config\Cache), false)
 4 FCPATH\index.php(79): CodeIgniter\CodeIgniter->run()
INFO - 2023-12-13 08:30:34 --> Session: Class initialized using 'CodeIgniter\Session\Handlers\FileHandler' driver.
INFO - 2023-12-13 08:30:35 --> Session: Class initialized using 'CodeIgniter\Session\Handlers\FileHandler' driver.
WARNING - 2023-12-13 08:30:35 --> [DEPRECATED] Function strftime() is deprecated in APPPATH\Controllers\AlumniAdmin.php on line 183.
 1 SYSTEMPATH\CodeIgniter.php(942): App\Controllers\AlumniAdmin->ajax()
 2 SYSTEMPATH\CodeIgniter.php(502): CodeIgniter\CodeIgniter->runController(Object(App\Controllers\AlumniAdmin))
 3 SYSTEMPATH\CodeIgniter.php(361): CodeIgniter\CodeIgniter->handleRequest(null, Object(Config\Cache), false)
 4 FCPATH\index.php(79): CodeIgniter\CodeIgniter->run()
WARNING - 2023-12-13 08:30:35 --> [DEPRECATED] Function strftime() is deprecated in APPPATH\Controllers\AlumniAdmin.php on line 183.
 1 SYSTEMPATH\CodeIgniter.php(942): App\Controllers\AlumniAdmin->ajax()
 2 SYSTEMPATH\CodeIgniter.php(502): CodeIgniter\CodeIgniter->runController(Object(App\Controllers\AlumniAdmin))
 3 SYSTEMPATH\CodeIgniter.php(361): CodeIgniter\CodeIgniter->handleRequest(null, Object(Config\Cache), false)
 4 FCPATH\index.php(79): CodeIgniter\CodeIgniter->run()
WARNING - 2023-12-13 08:30:35 --> [DEPRECATED] Function strftime() is deprecated in APPPATH\Controllers\AlumniAdmin.php on line 183.
 1 SYSTEMPATH\CodeIgniter.php(942): App\Controllers\AlumniAdmin->ajax()
 2 SYSTEMPATH\CodeIgniter.php(502): CodeIgniter\CodeIgniter->runController(Object(App\Controllers\AlumniAdmin))
 3 SYSTEMPATH\CodeIgniter.php(361): CodeIgniter\CodeIgniter->handleRequest(null, Object(Config\Cache), false)
 4 FCPATH\index.php(79): CodeIgniter\CodeIgniter->run()
WARNING - 2023-12-13 08:30:35 --> [DEPRECATED] Function strftime() is deprecated in APPPATH\Controllers\AlumniAdmin.php on line 183.
 1 SYSTEMPATH\CodeIgniter.php(942): App\Controllers\AlumniAdmin->ajax()
 2 SYSTEMPATH\CodeIgniter.php(502): CodeIgniter\CodeIgniter->runController(Object(App\Controllers\AlumniAdmin))
 3 SYSTEMPATH\CodeIgniter.php(361): CodeIgniter\CodeIgniter->handleRequest(null, Object(Config\Cache), false)
 4 FCPATH\index.php(79): CodeIgniter\CodeIgniter->run()
WARNING - 2023-12-13 08:30:35 --> [DEPRECATED] Function strftime() is deprecated in APPPATH\Controllers\AlumniAdmin.php on line 183.
 1 SYSTEMPATH\CodeIgniter.php(942): App\Controllers\AlumniAdmin->ajax()
 2 SYSTEMPATH\CodeIgniter.php(502): CodeIgniter\CodeIgniter->runController(Object(App\Controllers\AlumniAdmin))
 3 SYSTEMPATH\CodeIgniter.php(361): CodeIgniter\CodeIgniter->handleRequest(null, Object(Config\Cache), false)
 4 FCPATH\index.php(79): CodeIgniter\CodeIgniter->run()
WARNING - 2023-12-13 08:30:35 --> [DEPRECATED] Function strftime() is deprecated in APPPATH\Controllers\AlumniAdmin.php on line 183.
 1 SYSTEMPATH\CodeIgniter.php(942): App\Controllers\AlumniAdmin->ajax()
 2 SYSTEMPATH\CodeIgniter.php(502): CodeIgniter\CodeIgniter->runController(Object(App\Controllers\AlumniAdmin))
 3 SYSTEMPATH\CodeIgniter.php(361): CodeIgniter\CodeIgniter->handleRequest(null, Object(Config\Cache), false)
 4 FCPATH\index.php(79): CodeIgniter\CodeIgniter->run()
WARNING - 2023-12-13 08:30:35 --> [DEPRECATED] Function strftime() is deprecated in APPPATH\Controllers\AlumniAdmin.php on line 183.
 1 SYSTEMPATH\CodeIgniter.php(942): App\Controllers\AlumniAdmin->ajax()
 2 SYSTEMPATH\CodeIgniter.php(502): CodeIgniter\CodeIgniter->runController(Object(App\Controllers\AlumniAdmin))
 3 SYSTEMPATH\CodeIgniter.php(361): CodeIgniter\CodeIgniter->handleRequest(null, Object(Config\Cache), false)
 4 FCPATH\index.php(79): CodeIgniter\CodeIgniter->run()
WARNING - 2023-12-13 08:30:35 --> [DEPRECATED] Function strftime() is deprecated in APPPATH\Controllers\AlumniAdmin.php on line 183.
 1 SYSTEMPATH\CodeIgniter.php(942): App\Controllers\AlumniAdmin->ajax()
 2 SYSTEMPATH\CodeIgniter.php(502): CodeIgniter\CodeIgniter->runController(Object(App\Controllers\AlumniAdmin))
 3 SYSTEMPATH\CodeIgniter.php(361): CodeIgniter\CodeIgniter->handleRequest(null, Object(Config\Cache), false)
 4 FCPATH\index.php(79): CodeIgniter\CodeIgniter->run()
WARNING - 2023-12-13 08:30:35 --> [DEPRECATED] Function strftime() is deprecated in APPPATH\Controllers\AlumniAdmin.php on line 183.
 1 SYSTEMPATH\CodeIgniter.php(942): App\Controllers\AlumniAdmin->ajax()
 2 SYSTEMPATH\CodeIgniter.php(502): CodeIgniter\CodeIgniter->runController(Object(App\Controllers\AlumniAdmin))
 3 SYSTEMPATH\CodeIgniter.php(361): CodeIgniter\CodeIgniter->handleRequest(null, Object(Config\Cache), false)
 4 FCPATH\index.php(79): CodeIgniter\CodeIgniter->run()
WARNING - 2023-12-13 08:30:35 --> [DEPRECATED] Function strftime() is deprecated in APPPATH\Controllers\AlumniAdmin.php on line 183.
 1 SYSTEMPATH\CodeIgniter.php(942): App\Controllers\AlumniAdmin->ajax()
 2 SYSTEMPATH\CodeIgniter.php(502): CodeIgniter\CodeIgniter->runController(Object(App\Controllers\AlumniAdmin))
 3 SYSTEMPATH\CodeIgniter.php(361): CodeIgniter\CodeIgniter->handleRequest(null, Object(Config\Cache), false)
 4 FCPATH\index.php(79): CodeIgniter\CodeIgniter->run()
WARNING - 2023-12-13 08:30:35 --> [DEPRECATED] Function strftime() is deprecated in APPPATH\Controllers\AlumniAdmin.php on line 183.
 1 SYSTEMPATH\CodeIgniter.php(942): App\Controllers\AlumniAdmin->ajax()
 2 SYSTEMPATH\CodeIgniter.php(502): CodeIgniter\CodeIgniter->runController(Object(App\Controllers\AlumniAdmin))
 3 SYSTEMPATH\CodeIgniter.php(361): CodeIgniter\CodeIgniter->handleRequest(null, Object(Config\Cache), false)
 4 FCPATH\index.php(79): CodeIgniter\CodeIgniter->run()
WARNING - 2023-12-13 08:30:35 --> [DEPRECATED] Function strftime() is deprecated in APPPATH\Controllers\AlumniAdmin.php on line 183.
 1 SYSTEMPATH\CodeIgniter.php(942): App\Controllers\AlumniAdmin->ajax()
 2 SYSTEMPATH\CodeIgniter.php(502): CodeIgniter\CodeIgniter->runController(Object(App\Controllers\AlumniAdmin))
 3 SYSTEMPATH\CodeIgniter.php(361): CodeIgniter\CodeIgniter->handleRequest(null, Object(Config\Cache), false)
 4 FCPATH\index.php(79): CodeIgniter\CodeIgniter->run()
WARNING - 2023-12-13 08:30:35 --> [DEPRECATED] Function strftime() is deprecated in APPPATH\Controllers\AlumniAdmin.php on line 183.
 1 SYSTEMPATH\CodeIgniter.php(942): App\Controllers\AlumniAdmin->ajax()
 2 SYSTEMPATH\CodeIgniter.php(502): CodeIgniter\CodeIgniter->runController(Object(App\Controllers\AlumniAdmin))
 3 SYSTEMPATH\CodeIgniter.php(361): CodeIgniter\CodeIgniter->handleRequest(null, Object(Config\Cache), false)
 4 FCPATH\index.php(79): CodeIgniter\CodeIgniter->run()
WARNING - 2023-12-13 08:30:35 --> [DEPRECATED] Function strftime() is deprecated in APPPATH\Controllers\AlumniAdmin.php on line 183.
 1 SYSTEMPATH\CodeIgniter.php(942): App\Controllers\AlumniAdmin->ajax()
 2 SYSTEMPATH\CodeIgniter.php(502): CodeIgniter\CodeIgniter->runController(Object(App\Controllers\AlumniAdmin))
 3 SYSTEMPATH\CodeIgniter.php(361): CodeIgniter\CodeIgniter->handleRequest(null, Object(Config\Cache), false)
 4 FCPATH\index.php(79): CodeIgniter\CodeIgniter->run()
WARNING - 2023-12-13 08:30:35 --> [DEPRECATED] Function strftime() is deprecated in APPPATH\Controllers\AlumniAdmin.php on line 183.
 1 SYSTEMPATH\CodeIgniter.php(942): App\Controllers\AlumniAdmin->ajax()
 2 SYSTEMPATH\CodeIgniter.php(502): CodeIgniter\CodeIgniter->runController(Object(App\Controllers\AlumniAdmin))
 3 SYSTEMPATH\CodeIgniter.php(361): CodeIgniter\CodeIgniter->handleRequest(null, Object(Config\Cache), false)
 4 FCPATH\index.php(79): CodeIgniter\CodeIgniter->run()
WARNING - 2023-12-13 08:30:35 --> [DEPRECATED] Function strftime() is deprecated in APPPATH\Controllers\AlumniAdmin.php on line 183.
 1 SYSTEMPATH\CodeIgniter.php(942): App\Controllers\AlumniAdmin->ajax()
 2 SYSTEMPATH\CodeIgniter.php(502): CodeIgniter\CodeIgniter->runController(Object(App\Controllers\AlumniAdmin))
 3 SYSTEMPATH\CodeIgniter.php(361): CodeIgniter\CodeIgniter->handleRequest(null, Object(Config\Cache), false)
 4 FCPATH\index.php(79): CodeIgniter\CodeIgniter->run()
WARNING - 2023-12-13 08:30:35 --> [DEPRECATED] Function strftime() is deprecated in APPPATH\Controllers\AlumniAdmin.php on line 183.
 1 SYSTEMPATH\CodeIgniter.php(942): App\Controllers\AlumniAdmin->ajax()
 2 SYSTEMPATH\CodeIgniter.php(502): CodeIgniter\CodeIgniter->runController(Object(App\Controllers\AlumniAdmin))
 3 SYSTEMPATH\CodeIgniter.php(361): CodeIgniter\CodeIgniter->handleRequest(null, Object(Config\Cache), false)
 4 FCPATH\index.php(79): CodeIgniter\CodeIgniter->run()
WARNING - 2023-12-13 08:30:35 --> [DEPRECATED] Function strftime() is deprecated in APPPATH\Controllers\AlumniAdmin.php on line 183.
 1 SYSTEMPATH\CodeIgniter.php(942): App\Controllers\AlumniAdmin->ajax()
 2 SYSTEMPATH\CodeIgniter.php(502): CodeIgniter\CodeIgniter->runController(Object(App\Controllers\AlumniAdmin))
 3 SYSTEMPATH\CodeIgniter.php(361): CodeIgniter\CodeIgniter->handleRequest(null, Object(Config\Cache), false)
 4 FCPATH\index.php(79): CodeIgniter\CodeIgniter->run()
WARNING - 2023-12-13 08:30:35 --> [DEPRECATED] Function strftime() is deprecated in APPPATH\Controllers\AlumniAdmin.php on line 183.
 1 SYSTEMPATH\CodeIgniter.php(942): App\Controllers\AlumniAdmin->ajax()
 2 SYSTEMPATH\CodeIgniter.php(502): CodeIgniter\CodeIgniter->runController(Object(App\Controllers\AlumniAdmin))
 3 SYSTEMPATH\CodeIgniter.php(361): CodeIgniter\CodeIgniter->handleRequest(null, Object(Config\Cache), false)
 4 FCPATH\index.php(79): CodeIgniter\CodeIgniter->run()
WARNING - 2023-12-13 08:30:35 --> [DEPRECATED] Function strftime() is deprecated in APPPATH\Controllers\AlumniAdmin.php on line 183.
 1 SYSTEMPATH\CodeIgniter.php(942): App\Controllers\AlumniAdmin->ajax()
 2 SYSTEMPATH\CodeIgniter.php(502): CodeIgniter\CodeIgniter->runController(Object(App\Controllers\AlumniAdmin))
 3 SYSTEMPATH\CodeIgniter.php(361): CodeIgniter\CodeIgniter->handleRequest(null, Object(Config\Cache), false)
 4 FCPATH\index.php(79): CodeIgniter\CodeIgniter->run()
INFO - 2023-12-13 08:30:36 --> Session: Class initialized using 'CodeIgniter\Session\Handlers\FileHandler' driver.
WARNING - 2023-12-13 08:30:36 --> [DEPRECATED] Function strftime() is deprecated in APPPATH\Controllers\AlumniAdmin.php on line 183.
 1 SYSTEMPATH\CodeIgniter.php(942): App\Controllers\AlumniAdmin->ajax()
 2 SYSTEMPATH\CodeIgniter.php(502): CodeIgniter\CodeIgniter->runController(Object(App\Controllers\AlumniAdmin))
 3 SYSTEMPATH\CodeIgniter.php(361): CodeIgniter\CodeIgniter->handleRequest(null, Object(Config\Cache), false)
 4 FCPATH\index.php(79): CodeIgniter\CodeIgniter->run()
WARNING - 2023-12-13 08:30:36 --> [DEPRECATED] Function strftime() is deprecated in APPPATH\Controllers\AlumniAdmin.php on line 183.
 1 SYSTEMPATH\CodeIgniter.php(942): App\Controllers\AlumniAdmin->ajax()
 2 SYSTEMPATH\CodeIgniter.php(502): CodeIgniter\CodeIgniter->runController(Object(App\Controllers\AlumniAdmin))
 3 SYSTEMPATH\CodeIgniter.php(361): CodeIgniter\CodeIgniter->handleRequest(null, Object(Config\Cache), false)
 4 FCPATH\index.php(79): CodeIgniter\CodeIgniter->run()
INFO - 2023-12-13 08:30:38 --> Session: Class initialized using 'CodeIgniter\Session\Handlers\FileHandler' driver.
WARNING - 2023-12-13 08:30:38 --> [DEPRECATED] Function strftime() is deprecated in APPPATH\Views\dashboard-admin\alumni\details.php on line 61.
 1 SYSTEMPATH\View\View.php(228): include('C:\\Users\\wanad\\xampp8\\htdocs\\traceralumnisi-ci4\\admin-ci4\\app\\Views\\dashboard-admin\\alumni\\details.php')
 2 SYSTEMPATH\View\View.php(231): CodeIgniter\View\View->CodeIgniter\View\{closure}()
 3 SYSTEMPATH\Common.php(1190): CodeIgniter\View\View->render('dashboard-admin/alumni/details', [], true)
 4 APPPATH\Controllers\AlumniAdmin.php(248): view('dashboard-admin/alumni/details', [...])
 5 SYSTEMPATH\CodeIgniter.php(942): App\Controllers\AlumniAdmin->details('1680')
 6 SYSTEMPATH\CodeIgniter.php(502): CodeIgniter\CodeIgniter->runController(Object(App\Controllers\AlumniAdmin))
 7 SYSTEMPATH\CodeIgniter.php(361): CodeIgniter\CodeIgniter->handleRequest(null, Object(Config\Cache), false)
 8 FCPATH\index.php(79): CodeIgniter\CodeIgniter->run()
INFO - 2023-12-13 08:30:42 --> Session: Class initialized using 'CodeIgniter\Session\Handlers\FileHandler' driver.
INFO - 2023-12-13 08:30:42 --> Session: Class initialized using 'CodeIgniter\Session\Handlers\FileHandler' driver.
