INFO - 2023-11-20 11:35:08 --> Session: Class initialized using 'CodeIgniter\Session\Handlers\FileHandler' driver.
INFO - 2023-11-20 11:35:13 --> Session: Class initialized using 'CodeIgniter\Session\Handlers\FileHandler' driver.
INFO - 2023-11-20 11:35:14 --> Session: Class initialized using 'CodeIgniter\Session\Handlers\FileHandler' driver.
INFO - 2023-11-20 11:35:15 --> Session: Class initialized using 'CodeIgniter\Session\Handlers\FileHandler' driver.
INFO - 2023-11-20 11:35:17 --> Session: Class initialized using 'CodeIgniter\Session\Handlers\FileHandler' driver.
WARNING - 2023-11-20 11:35:18 --> [DEPRECATED] Function strftime() is deprecated in APPPATH\Controllers\KuesionerAdmin.php on line 78.
 1 SYSTEMPATH\CodeIgniter.php(942): App\Controllers\KuesionerAdmin->ajax()
 2 SYSTEMPATH\CodeIgniter.php(502): CodeIgniter\CodeIgniter->runController(Object(App\Controllers\KuesionerAdmin))
 3 SYSTEMPATH\CodeIgniter.php(361): CodeIgniter\CodeIgniter->handleRequest(null, Object(Config\Cache), false)
 4 FCPATH\index.php(79): CodeIgniter\CodeIgniter->run()
WARNING - 2023-11-20 11:35:18 --> [DEPRECATED] Function strftime() is deprecated in APPPATH\Controllers\KuesionerAdmin.php on line 79.
 1 SYSTEMPATH\CodeIgniter.php(942): App\Controllers\KuesionerAdmin->ajax()
 2 SYSTEMPATH\CodeIgniter.php(502): CodeIgniter\CodeIgniter->runController(Object(App\Controllers\KuesionerAdmin))
 3 SYSTEMPATH\CodeIgniter.php(361): CodeIgniter\CodeIgniter->handleRequest(null, Object(Config\Cache), false)
 4 FCPATH\index.php(79): CodeIgniter\CodeIgniter->run()
INFO - 2023-11-20 11:35:19 --> Session: Class initialized using 'CodeIgniter\Session\Handlers\FileHandler' driver.
WARNING - 2023-11-20 11:35:19 --> [DEPRECATED] Function strftime() is deprecated in APPPATH\Views\dashboard-admin\kuesioner\details.php on line 88.
 1 SYSTEMPATH\View\View.php(228): include('C:\\Users\\wanad\\xampp8\\htdocs\\traceralumnisi-ci4\\admin-ci4\\app\\Views\\dashboard-admin\\kuesioner\\details.php')
 2 SYSTEMPATH\View\View.php(231): CodeIgniter\View\View->CodeIgniter\View\{closure}()
 3 SYSTEMPATH\Common.php(1190): CodeIgniter\View\View->render('dashboard-admin/kuesioner/details', [], true)
 4 APPPATH\Controllers\KuesionerAdmin.php(104): view('dashboard-admin/kuesioner/details', [...])
 5 SYSTEMPATH\CodeIgniter.php(942): App\Controllers\KuesionerAdmin->details('1')
 6 SYSTEMPATH\CodeIgniter.php(502): CodeIgniter\CodeIgniter->runController(Object(App\Controllers\KuesionerAdmin))
 7 SYSTEMPATH\CodeIgniter.php(361): CodeIgniter\CodeIgniter->handleRequest(null, Object(Config\Cache), false)
 8 FCPATH\index.php(79): CodeIgniter\CodeIgniter->run()
WARNING - 2023-11-20 11:35:19 --> [DEPRECATED] Function strftime() is deprecated in APPPATH\Views\dashboard-admin\kuesioner\details.php on line 94.
 1 SYSTEMPATH\View\View.php(228): include('C:\\Users\\wanad\\xampp8\\htdocs\\traceralumnisi-ci4\\admin-ci4\\app\\Views\\dashboard-admin\\kuesioner\\details.php')
 2 SYSTEMPATH\View\View.php(231): CodeIgniter\View\View->CodeIgniter\View\{closure}()
 3 SYSTEMPATH\Common.php(1190): CodeIgniter\View\View->render('dashboard-admin/kuesioner/details', [], true)
 4 APPPATH\Controllers\KuesionerAdmin.php(104): view('dashboard-admin/kuesioner/details', [...])
 5 SYSTEMPATH\CodeIgniter.php(942): App\Controllers\KuesionerAdmin->details('1')
 6 SYSTEMPATH\CodeIgniter.php(502): CodeIgniter\CodeIgniter->runController(Object(App\Controllers\KuesionerAdmin))
 7 SYSTEMPATH\CodeIgniter.php(361): CodeIgniter\CodeIgniter->handleRequest(null, Object(Config\Cache), false)
 8 FCPATH\index.php(79): CodeIgniter\CodeIgniter->run()
INFO - 2023-11-20 11:52:20 --> Session: Class initialized using 'CodeIgniter\Session\Handlers\FileHandler' driver.
INFO - 2023-11-20 11:52:20 --> Session: Class initialized using 'CodeIgniter\Session\Handlers\FileHandler' driver.
INFO - 2023-11-20 14:48:54 --> Session: Class initialized using 'CodeIgniter\Session\Handlers\FileHandler' driver.
INFO - 2023-11-20 14:48:59 --> Session: Class initialized using 'CodeIgniter\Session\Handlers\FileHandler' driver.
INFO - 2023-11-20 14:48:59 --> Session: Class initialized using 'CodeIgniter\Session\Handlers\FileHandler' driver.
INFO - 2023-11-20 14:49:02 --> Session: Class initialized using 'CodeIgniter\Session\Handlers\FileHandler' driver.
INFO - 2023-11-20 14:49:03 --> Session: Class initialized using 'CodeIgniter\Session\Handlers\FileHandler' driver.
WARNING - 2023-11-20 14:49:03 --> [DEPRECATED] Function strftime() is deprecated in APPPATH\Controllers\KuesionerAdmin.php on line 78.
 1 SYSTEMPATH\CodeIgniter.php(942): App\Controllers\KuesionerAdmin->ajax()
 2 SYSTEMPATH\CodeIgniter.php(502): CodeIgniter\CodeIgniter->runController(Object(App\Controllers\KuesionerAdmin))
 3 SYSTEMPATH\CodeIgniter.php(361): CodeIgniter\CodeIgniter->handleRequest(null, Object(Config\Cache), false)
 4 FCPATH\index.php(79): CodeIgniter\CodeIgniter->run()
WARNING - 2023-11-20 14:49:03 --> [DEPRECATED] Function strftime() is deprecated in APPPATH\Controllers\KuesionerAdmin.php on line 79.
 1 SYSTEMPATH\CodeIgniter.php(942): App\Controllers\KuesionerAdmin->ajax()
 2 SYSTEMPATH\CodeIgniter.php(502): CodeIgniter\CodeIgniter->runController(Object(App\Controllers\KuesionerAdmin))
 3 SYSTEMPATH\CodeIgniter.php(361): CodeIgniter\CodeIgniter->handleRequest(null, Object(Config\Cache), false)
 4 FCPATH\index.php(79): CodeIgniter\CodeIgniter->run()
INFO - 2023-11-20 14:49:04 --> Session: Class initialized using 'CodeIgniter\Session\Handlers\FileHandler' driver.
WARNING - 2023-11-20 14:49:04 --> [DEPRECATED] Function strftime() is deprecated in APPPATH\Views\dashboard-admin\kuesioner\details.php on line 88.
 1 SYSTEMPATH\View\View.php(228): include('C:\\Users\\wanad\\xampp8\\htdocs\\traceralumnisi-ci4\\admin-ci4\\app\\Views\\dashboard-admin\\kuesioner\\details.php')
 2 SYSTEMPATH\View\View.php(231): CodeIgniter\View\View->CodeIgniter\View\{closure}()
 3 SYSTEMPATH\Common.php(1190): CodeIgniter\View\View->render('dashboard-admin/kuesioner/details', [], true)
 4 APPPATH\Controllers\KuesionerAdmin.php(104): view('dashboard-admin/kuesioner/details', [...])
 5 SYSTEMPATH\CodeIgniter.php(942): App\Controllers\KuesionerAdmin->details('3')
 6 SYSTEMPATH\CodeIgniter.php(502): CodeIgniter\CodeIgniter->runController(Object(App\Controllers\KuesionerAdmin))
 7 SYSTEMPATH\CodeIgniter.php(361): CodeIgniter\CodeIgniter->handleRequest(null, Object(Config\Cache), false)
 8 FCPATH\index.php(79): CodeIgniter\CodeIgniter->run()
WARNING - 2023-11-20 14:49:04 --> [DEPRECATED] Function strftime() is deprecated in APPPATH\Views\dashboard-admin\kuesioner\details.php on line 94.
 1 SYSTEMPATH\View\View.php(228): include('C:\\Users\\wanad\\xampp8\\htdocs\\traceralumnisi-ci4\\admin-ci4\\app\\Views\\dashboard-admin\\kuesioner\\details.php')
 2 SYSTEMPATH\View\View.php(231): CodeIgniter\View\View->CodeIgniter\View\{closure}()
 3 SYSTEMPATH\Common.php(1190): CodeIgniter\View\View->render('dashboard-admin/kuesioner/details', [], true)
 4 APPPATH\Controllers\KuesionerAdmin.php(104): view('dashboard-admin/kuesioner/details', [...])
 5 SYSTEMPATH\CodeIgniter.php(942): App\Controllers\KuesionerAdmin->details('3')
 6 SYSTEMPATH\CodeIgniter.php(502): CodeIgniter\CodeIgniter->runController(Object(App\Controllers\KuesionerAdmin))
 7 SYSTEMPATH\CodeIgniter.php(361): CodeIgniter\CodeIgniter->handleRequest(null, Object(Config\Cache), false)
 8 FCPATH\index.php(79): CodeIgniter\CodeIgniter->run()
INFO - 2023-11-20 14:50:13 --> Session: Class initialized using 'CodeIgniter\Session\Handlers\FileHandler' driver.
INFO - 2023-11-20 14:50:14 --> Session: Class initialized using 'CodeIgniter\Session\Handlers\FileHandler' driver.
WARNING - 2023-11-20 14:50:14 --> [DEPRECATED] Function strftime() is deprecated in APPPATH\Controllers\KuesionerAdmin.php on line 78.
 1 SYSTEMPATH\CodeIgniter.php(942): App\Controllers\KuesionerAdmin->ajax()
 2 SYSTEMPATH\CodeIgniter.php(502): CodeIgniter\CodeIgniter->runController(Object(App\Controllers\KuesionerAdmin))
 3 SYSTEMPATH\CodeIgniter.php(361): CodeIgniter\CodeIgniter->handleRequest(null, Object(Config\Cache), false)
 4 FCPATH\index.php(79): CodeIgniter\CodeIgniter->run()
WARNING - 2023-11-20 14:50:14 --> [DEPRECATED] Function strftime() is deprecated in APPPATH\Controllers\KuesionerAdmin.php on line 79.
 1 SYSTEMPATH\CodeIgniter.php(942): App\Controllers\KuesionerAdmin->ajax()
 2 SYSTEMPATH\CodeIgniter.php(502): CodeIgniter\CodeIgniter->runController(Object(App\Controllers\KuesionerAdmin))
 3 SYSTEMPATH\CodeIgniter.php(361): CodeIgniter\CodeIgniter->handleRequest(null, Object(Config\Cache), false)
 4 FCPATH\index.php(79): CodeIgniter\CodeIgniter->run()
INFO - 2023-11-20 14:50:14 --> Session: Class initialized using 'CodeIgniter\Session\Handlers\FileHandler' driver.
INFO - 2023-11-20 14:50:16 --> Session: Class initialized using 'CodeIgniter\Session\Handlers\FileHandler' driver.
WARNING - 2023-11-20 14:50:16 --> [DEPRECATED] Function strftime() is deprecated in APPPATH\Controllers\AlumniAdmin.php on line 86.
 1 SYSTEMPATH\CodeIgniter.php(942): App\Controllers\AlumniAdmin->ajax()
 2 SYSTEMPATH\CodeIgniter.php(502): CodeIgniter\CodeIgniter->runController(Object(App\Controllers\AlumniAdmin))
 3 SYSTEMPATH\CodeIgniter.php(361): CodeIgniter\CodeIgniter->handleRequest(null, Object(Config\Cache), false)
 4 FCPATH\index.php(79): CodeIgniter\CodeIgniter->run()
WARNING - 2023-11-20 14:50:16 --> [DEPRECATED] Function strftime() is deprecated in APPPATH\Controllers\AlumniAdmin.php on line 86.
 1 SYSTEMPATH\CodeIgniter.php(942): App\Controllers\AlumniAdmin->ajax()
 2 SYSTEMPATH\CodeIgniter.php(502): CodeIgniter\CodeIgniter->runController(Object(App\Controllers\AlumniAdmin))
 3 SYSTEMPATH\CodeIgniter.php(361): CodeIgniter\CodeIgniter->handleRequest(null, Object(Config\Cache), false)
 4 FCPATH\index.php(79): CodeIgniter\CodeIgniter->run()
WARNING - 2023-11-20 14:50:16 --> [DEPRECATED] Function strftime() is deprecated in APPPATH\Controllers\AlumniAdmin.php on line 86.
 1 SYSTEMPATH\CodeIgniter.php(942): App\Controllers\AlumniAdmin->ajax()
 2 SYSTEMPATH\CodeIgniter.php(502): CodeIgniter\CodeIgniter->runController(Object(App\Controllers\AlumniAdmin))
 3 SYSTEMPATH\CodeIgniter.php(361): CodeIgniter\CodeIgniter->handleRequest(null, Object(Config\Cache), false)
 4 FCPATH\index.php(79): CodeIgniter\CodeIgniter->run()
WARNING - 2023-11-20 14:50:16 --> [DEPRECATED] Function strftime() is deprecated in APPPATH\Controllers\AlumniAdmin.php on line 103.
 1 SYSTEMPATH\CodeIgniter.php(942): App\Controllers\AlumniAdmin->ajax()
 2 SYSTEMPATH\CodeIgniter.php(502): CodeIgniter\CodeIgniter->runController(Object(App\Controllers\AlumniAdmin))
 3 SYSTEMPATH\CodeIgniter.php(361): CodeIgniter\CodeIgniter->handleRequest(null, Object(Config\Cache), false)
 4 FCPATH\index.php(79): CodeIgniter\CodeIgniter->run()
INFO - 2023-11-20 14:50:17 --> Session: Class initialized using 'CodeIgniter\Session\Handlers\FileHandler' driver.
INFO - 2023-11-20 14:50:18 --> Session: Class initialized using 'CodeIgniter\Session\Handlers\FileHandler' driver.
WARNING - 2023-11-20 14:50:18 --> [DEPRECATED] Function strftime() is deprecated in APPPATH\Controllers\KuesionerAdmin.php on line 78.
 1 SYSTEMPATH\CodeIgniter.php(942): App\Controllers\KuesionerAdmin->ajax()
 2 SYSTEMPATH\CodeIgniter.php(502): CodeIgniter\CodeIgniter->runController(Object(App\Controllers\KuesionerAdmin))
 3 SYSTEMPATH\CodeIgniter.php(361): CodeIgniter\CodeIgniter->handleRequest(null, Object(Config\Cache), false)
 4 FCPATH\index.php(79): CodeIgniter\CodeIgniter->run()
WARNING - 2023-11-20 14:50:18 --> [DEPRECATED] Function strftime() is deprecated in APPPATH\Controllers\KuesionerAdmin.php on line 79.
 1 SYSTEMPATH\CodeIgniter.php(942): App\Controllers\KuesionerAdmin->ajax()
 2 SYSTEMPATH\CodeIgniter.php(502): CodeIgniter\CodeIgniter->runController(Object(App\Controllers\KuesionerAdmin))
 3 SYSTEMPATH\CodeIgniter.php(361): CodeIgniter\CodeIgniter->handleRequest(null, Object(Config\Cache), false)
 4 FCPATH\index.php(79): CodeIgniter\CodeIgniter->run()
INFO - 2023-11-20 14:50:24 --> Session: Class initialized using 'CodeIgniter\Session\Handlers\FileHandler' driver.
WARNING - 2023-11-20 14:50:24 --> [DEPRECATED] Function strftime() is deprecated in APPPATH\Controllers\KuesionerAdmin.php on line 78.
 1 SYSTEMPATH\CodeIgniter.php(942): App\Controllers\KuesionerAdmin->ajax()
 2 SYSTEMPATH\CodeIgniter.php(502): CodeIgniter\CodeIgniter->runController(Object(App\Controllers\KuesionerAdmin))
 3 SYSTEMPATH\CodeIgniter.php(361): CodeIgniter\CodeIgniter->handleRequest(null, Object(Config\Cache), false)
 4 FCPATH\index.php(79): CodeIgniter\CodeIgniter->run()
WARNING - 2023-11-20 14:50:24 --> [DEPRECATED] Function strftime() is deprecated in APPPATH\Controllers\KuesionerAdmin.php on line 79.
 1 SYSTEMPATH\CodeIgniter.php(942): App\Controllers\KuesionerAdmin->ajax()
 2 SYSTEMPATH\CodeIgniter.php(502): CodeIgniter\CodeIgniter->runController(Object(App\Controllers\KuesionerAdmin))
 3 SYSTEMPATH\CodeIgniter.php(361): CodeIgniter\CodeIgniter->handleRequest(null, Object(Config\Cache), false)
 4 FCPATH\index.php(79): CodeIgniter\CodeIgniter->run()
INFO - 2023-11-20 14:50:25 --> Session: Class initialized using 'CodeIgniter\Session\Handlers\FileHandler' driver.
WARNING - 2023-11-20 14:50:25 --> [DEPRECATED] Function strftime() is deprecated in APPPATH\Controllers\KuesionerAdmin.php on line 78.
 1 SYSTEMPATH\CodeIgniter.php(942): App\Controllers\KuesionerAdmin->ajax()
 2 SYSTEMPATH\CodeIgniter.php(502): CodeIgniter\CodeIgniter->runController(Object(App\Controllers\KuesionerAdmin))
 3 SYSTEMPATH\CodeIgniter.php(361): CodeIgniter\CodeIgniter->handleRequest(null, Object(Config\Cache), false)
 4 FCPATH\index.php(79): CodeIgniter\CodeIgniter->run()
WARNING - 2023-11-20 14:50:25 --> [DEPRECATED] Function strftime() is deprecated in APPPATH\Controllers\KuesionerAdmin.php on line 79.
 1 SYSTEMPATH\CodeIgniter.php(942): App\Controllers\KuesionerAdmin->ajax()
 2 SYSTEMPATH\CodeIgniter.php(502): CodeIgniter\CodeIgniter->runController(Object(App\Controllers\KuesionerAdmin))
 3 SYSTEMPATH\CodeIgniter.php(361): CodeIgniter\CodeIgniter->handleRequest(null, Object(Config\Cache), false)
 4 FCPATH\index.php(79): CodeIgniter\CodeIgniter->run()
INFO - 2023-11-20 14:50:25 --> Session: Class initialized using 'CodeIgniter\Session\Handlers\FileHandler' driver.
WARNING - 2023-11-20 14:50:25 --> [DEPRECATED] Function strftime() is deprecated in APPPATH\Controllers\KuesionerAdmin.php on line 78.
 1 SYSTEMPATH\CodeIgniter.php(942): App\Controllers\KuesionerAdmin->ajax()
 2 SYSTEMPATH\CodeIgniter.php(502): CodeIgniter\CodeIgniter->runController(Object(App\Controllers\KuesionerAdmin))
 3 SYSTEMPATH\CodeIgniter.php(361): CodeIgniter\CodeIgniter->handleRequest(null, Object(Config\Cache), false)
 4 FCPATH\index.php(79): CodeIgniter\CodeIgniter->run()
WARNING - 2023-11-20 14:50:25 --> [DEPRECATED] Function strftime() is deprecated in APPPATH\Controllers\KuesionerAdmin.php on line 79.
 1 SYSTEMPATH\CodeIgniter.php(942): App\Controllers\KuesionerAdmin->ajax()
 2 SYSTEMPATH\CodeIgniter.php(502): CodeIgniter\CodeIgniter->runController(Object(App\Controllers\KuesionerAdmin))
 3 SYSTEMPATH\CodeIgniter.php(361): CodeIgniter\CodeIgniter->handleRequest(null, Object(Config\Cache), false)
 4 FCPATH\index.php(79): CodeIgniter\CodeIgniter->run()
INFO - 2023-11-20 14:50:26 --> Session: Class initialized using 'CodeIgniter\Session\Handlers\FileHandler' driver.
WARNING - 2023-11-20 14:50:26 --> [DEPRECATED] Function strftime() is deprecated in APPPATH\Controllers\KuesionerAdmin.php on line 78.
 1 SYSTEMPATH\CodeIgniter.php(942): App\Controllers\KuesionerAdmin->ajax()
 2 SYSTEMPATH\CodeIgniter.php(502): CodeIgniter\CodeIgniter->runController(Object(App\Controllers\KuesionerAdmin))
 3 SYSTEMPATH\CodeIgniter.php(361): CodeIgniter\CodeIgniter->handleRequest(null, Object(Config\Cache), false)
 4 FCPATH\index.php(79): CodeIgniter\CodeIgniter->run()
WARNING - 2023-11-20 14:50:26 --> [DEPRECATED] Function strftime() is deprecated in APPPATH\Controllers\KuesionerAdmin.php on line 79.
 1 SYSTEMPATH\CodeIgniter.php(942): App\Controllers\KuesionerAdmin->ajax()
 2 SYSTEMPATH\CodeIgniter.php(502): CodeIgniter\CodeIgniter->runController(Object(App\Controllers\KuesionerAdmin))
 3 SYSTEMPATH\CodeIgniter.php(361): CodeIgniter\CodeIgniter->handleRequest(null, Object(Config\Cache), false)
 4 FCPATH\index.php(79): CodeIgniter\CodeIgniter->run()
INFO - 2023-11-20 14:50:26 --> Session: Class initialized using 'CodeIgniter\Session\Handlers\FileHandler' driver.
INFO - 2023-11-20 14:50:27 --> Session: Class initialized using 'CodeIgniter\Session\Handlers\FileHandler' driver.
INFO - 2023-11-20 14:50:30 --> Session: Class initialized using 'CodeIgniter\Session\Handlers\FileHandler' driver.
WARNING - 2023-11-20 14:50:30 --> [DEPRECATED] Function strftime() is deprecated in APPPATH\Controllers\KuesionerAdmin.php on line 78.
 1 SYSTEMPATH\CodeIgniter.php(942): App\Controllers\KuesionerAdmin->ajax()
 2 SYSTEMPATH\CodeIgniter.php(502): CodeIgniter\CodeIgniter->runController(Object(App\Controllers\KuesionerAdmin))
 3 SYSTEMPATH\CodeIgniter.php(361): CodeIgniter\CodeIgniter->handleRequest(null, Object(Config\Cache), false)
 4 FCPATH\index.php(79): CodeIgniter\CodeIgniter->run()
WARNING - 2023-11-20 14:50:30 --> [DEPRECATED] Function strftime() is deprecated in APPPATH\Controllers\KuesionerAdmin.php on line 79.
 1 SYSTEMPATH\CodeIgniter.php(942): App\Controllers\KuesionerAdmin->ajax()
 2 SYSTEMPATH\CodeIgniter.php(502): CodeIgniter\CodeIgniter->runController(Object(App\Controllers\KuesionerAdmin))
 3 SYSTEMPATH\CodeIgniter.php(361): CodeIgniter\CodeIgniter->handleRequest(null, Object(Config\Cache), false)
 4 FCPATH\index.php(79): CodeIgniter\CodeIgniter->run()
INFO - 2023-11-20 14:50:31 --> Session: Class initialized using 'CodeIgniter\Session\Handlers\FileHandler' driver.
WARNING - 2023-11-20 14:50:31 --> [DEPRECATED] Function strftime() is deprecated in APPPATH\Controllers\KuesionerAdmin.php on line 78.
 1 SYSTEMPATH\CodeIgniter.php(942): App\Controllers\KuesionerAdmin->ajax()
 2 SYSTEMPATH\CodeIgniter.php(502): CodeIgniter\CodeIgniter->runController(Object(App\Controllers\KuesionerAdmin))
 3 SYSTEMPATH\CodeIgniter.php(361): CodeIgniter\CodeIgniter->handleRequest(null, Object(Config\Cache), false)
 4 FCPATH\index.php(79): CodeIgniter\CodeIgniter->run()
WARNING - 2023-11-20 14:50:31 --> [DEPRECATED] Function strftime() is deprecated in APPPATH\Controllers\KuesionerAdmin.php on line 79.
 1 SYSTEMPATH\CodeIgniter.php(942): App\Controllers\KuesionerAdmin->ajax()
 2 SYSTEMPATH\CodeIgniter.php(502): CodeIgniter\CodeIgniter->runController(Object(App\Controllers\KuesionerAdmin))
 3 SYSTEMPATH\CodeIgniter.php(361): CodeIgniter\CodeIgniter->handleRequest(null, Object(Config\Cache), false)
 4 FCPATH\index.php(79): CodeIgniter\CodeIgniter->run()
INFO - 2023-11-20 14:50:31 --> Session: Class initialized using 'CodeIgniter\Session\Handlers\FileHandler' driver.
WARNING - 2023-11-20 14:50:31 --> [DEPRECATED] Function strftime() is deprecated in APPPATH\Controllers\KuesionerAdmin.php on line 78.
 1 SYSTEMPATH\CodeIgniter.php(942): App\Controllers\KuesionerAdmin->ajax()
 2 SYSTEMPATH\CodeIgniter.php(502): CodeIgniter\CodeIgniter->runController(Object(App\Controllers\KuesionerAdmin))
 3 SYSTEMPATH\CodeIgniter.php(361): CodeIgniter\CodeIgniter->handleRequest(null, Object(Config\Cache), false)
 4 FCPATH\index.php(79): CodeIgniter\CodeIgniter->run()
WARNING - 2023-11-20 14:50:31 --> [DEPRECATED] Function strftime() is deprecated in APPPATH\Controllers\KuesionerAdmin.php on line 79.
 1 SYSTEMPATH\CodeIgniter.php(942): App\Controllers\KuesionerAdmin->ajax()
 2 SYSTEMPATH\CodeIgniter.php(502): CodeIgniter\CodeIgniter->runController(Object(App\Controllers\KuesionerAdmin))
 3 SYSTEMPATH\CodeIgniter.php(361): CodeIgniter\CodeIgniter->handleRequest(null, Object(Config\Cache), false)
 4 FCPATH\index.php(79): CodeIgniter\CodeIgniter->run()
INFO - 2023-11-20 14:50:32 --> Session: Class initialized using 'CodeIgniter\Session\Handlers\FileHandler' driver.
INFO - 2023-11-20 14:50:32 --> Session: Class initialized using 'CodeIgniter\Session\Handlers\FileHandler' driver.
INFO - 2023-11-20 14:50:32 --> Session: Class initialized using 'CodeIgniter\Session\Handlers\FileHandler' driver.
INFO - 2023-11-20 14:50:33 --> Session: Class initialized using 'CodeIgniter\Session\Handlers\FileHandler' driver.
WARNING - 2023-11-20 14:50:33 --> [DEPRECATED] Function strftime() is deprecated in APPPATH\Controllers\KuesionerAdmin.php on line 78.
 1 SYSTEMPATH\CodeIgniter.php(942): App\Controllers\KuesionerAdmin->ajax()
 2 SYSTEMPATH\CodeIgniter.php(502): CodeIgniter\CodeIgniter->runController(Object(App\Controllers\KuesionerAdmin))
 3 SYSTEMPATH\CodeIgniter.php(361): CodeIgniter\CodeIgniter->handleRequest(null, Object(Config\Cache), false)
 4 FCPATH\index.php(79): CodeIgniter\CodeIgniter->run()
WARNING - 2023-11-20 14:50:33 --> [DEPRECATED] Function strftime() is deprecated in APPPATH\Controllers\KuesionerAdmin.php on line 79.
 1 SYSTEMPATH\CodeIgniter.php(942): App\Controllers\KuesionerAdmin->ajax()
 2 SYSTEMPATH\CodeIgniter.php(502): CodeIgniter\CodeIgniter->runController(Object(App\Controllers\KuesionerAdmin))
 3 SYSTEMPATH\CodeIgniter.php(361): CodeIgniter\CodeIgniter->handleRequest(null, Object(Config\Cache), false)
 4 FCPATH\index.php(79): CodeIgniter\CodeIgniter->run()
INFO - 2023-11-20 14:50:33 --> Session: Class initialized using 'CodeIgniter\Session\Handlers\FileHandler' driver.
WARNING - 2023-11-20 14:50:33 --> [DEPRECATED] Function strftime() is deprecated in APPPATH\Controllers\KuesionerAdmin.php on line 78.
 1 SYSTEMPATH\CodeIgniter.php(942): App\Controllers\KuesionerAdmin->ajax()
 2 SYSTEMPATH\CodeIgniter.php(502): CodeIgniter\CodeIgniter->runController(Object(App\Controllers\KuesionerAdmin))
 3 SYSTEMPATH\CodeIgniter.php(361): CodeIgniter\CodeIgniter->handleRequest(null, Object(Config\Cache), false)
 4 FCPATH\index.php(79): CodeIgniter\CodeIgniter->run()
WARNING - 2023-11-20 14:50:33 --> [DEPRECATED] Function strftime() is deprecated in APPPATH\Controllers\KuesionerAdmin.php on line 79.
 1 SYSTEMPATH\CodeIgniter.php(942): App\Controllers\KuesionerAdmin->ajax()
 2 SYSTEMPATH\CodeIgniter.php(502): CodeIgniter\CodeIgniter->runController(Object(App\Controllers\KuesionerAdmin))
 3 SYSTEMPATH\CodeIgniter.php(361): CodeIgniter\CodeIgniter->handleRequest(null, Object(Config\Cache), false)
 4 FCPATH\index.php(79): CodeIgniter\CodeIgniter->run()
INFO - 2023-11-20 14:50:33 --> Session: Class initialized using 'CodeIgniter\Session\Handlers\FileHandler' driver.
WARNING - 2023-11-20 14:50:33 --> [DEPRECATED] Function strftime() is deprecated in APPPATH\Controllers\KuesionerAdmin.php on line 78.
 1 SYSTEMPATH\CodeIgniter.php(942): App\Controllers\KuesionerAdmin->ajax()
 2 SYSTEMPATH\CodeIgniter.php(502): CodeIgniter\CodeIgniter->runController(Object(App\Controllers\KuesionerAdmin))
 3 SYSTEMPATH\CodeIgniter.php(361): CodeIgniter\CodeIgniter->handleRequest(null, Object(Config\Cache), false)
 4 FCPATH\index.php(79): CodeIgniter\CodeIgniter->run()
WARNING - 2023-11-20 14:50:33 --> [DEPRECATED] Function strftime() is deprecated in APPPATH\Controllers\KuesionerAdmin.php on line 79.
 1 SYSTEMPATH\CodeIgniter.php(942): App\Controllers\KuesionerAdmin->ajax()
 2 SYSTEMPATH\CodeIgniter.php(502): CodeIgniter\CodeIgniter->runController(Object(App\Controllers\KuesionerAdmin))
 3 SYSTEMPATH\CodeIgniter.php(361): CodeIgniter\CodeIgniter->handleRequest(null, Object(Config\Cache), false)
 4 FCPATH\index.php(79): CodeIgniter\CodeIgniter->run()
INFO - 2023-11-20 14:50:34 --> Session: Class initialized using 'CodeIgniter\Session\Handlers\FileHandler' driver.
INFO - 2023-11-20 14:50:34 --> Session: Class initialized using 'CodeIgniter\Session\Handlers\FileHandler' driver.
INFO - 2023-11-20 14:50:34 --> Session: Class initialized using 'CodeIgniter\Session\Handlers\FileHandler' driver.
INFO - 2023-11-20 14:50:35 --> Session: Class initialized using 'CodeIgniter\Session\Handlers\FileHandler' driver.
WARNING - 2023-11-20 14:50:35 --> [DEPRECATED] Function strftime() is deprecated in APPPATH\Controllers\KuesionerAdmin.php on line 78.
 1 SYSTEMPATH\CodeIgniter.php(942): App\Controllers\KuesionerAdmin->ajax()
 2 SYSTEMPATH\CodeIgniter.php(502): CodeIgniter\CodeIgniter->runController(Object(App\Controllers\KuesionerAdmin))
 3 SYSTEMPATH\CodeIgniter.php(361): CodeIgniter\CodeIgniter->handleRequest(null, Object(Config\Cache), false)
 4 FCPATH\index.php(79): CodeIgniter\CodeIgniter->run()
WARNING - 2023-11-20 14:50:35 --> [DEPRECATED] Function strftime() is deprecated in APPPATH\Controllers\KuesionerAdmin.php on line 79.
 1 SYSTEMPATH\CodeIgniter.php(942): App\Controllers\KuesionerAdmin->ajax()
 2 SYSTEMPATH\CodeIgniter.php(502): CodeIgniter\CodeIgniter->runController(Object(App\Controllers\KuesionerAdmin))
 3 SYSTEMPATH\CodeIgniter.php(361): CodeIgniter\CodeIgniter->handleRequest(null, Object(Config\Cache), false)
 4 FCPATH\index.php(79): CodeIgniter\CodeIgniter->run()
INFO - 2023-11-20 14:50:35 --> Session: Class initialized using 'CodeIgniter\Session\Handlers\FileHandler' driver.
WARNING - 2023-11-20 14:50:35 --> [DEPRECATED] Function strftime() is deprecated in APPPATH\Controllers\KuesionerAdmin.php on line 78.
 1 SYSTEMPATH\CodeIgniter.php(942): App\Controllers\KuesionerAdmin->ajax()
 2 SYSTEMPATH\CodeIgniter.php(502): CodeIgniter\CodeIgniter->runController(Object(App\Controllers\KuesionerAdmin))
 3 SYSTEMPATH\CodeIgniter.php(361): CodeIgniter\CodeIgniter->handleRequest(null, Object(Config\Cache), false)
 4 FCPATH\index.php(79): CodeIgniter\CodeIgniter->run()
WARNING - 2023-11-20 14:50:35 --> [DEPRECATED] Function strftime() is deprecated in APPPATH\Controllers\KuesionerAdmin.php on line 79.
 1 SYSTEMPATH\CodeIgniter.php(942): App\Controllers\KuesionerAdmin->ajax()
 2 SYSTEMPATH\CodeIgniter.php(502): CodeIgniter\CodeIgniter->runController(Object(App\Controllers\KuesionerAdmin))
 3 SYSTEMPATH\CodeIgniter.php(361): CodeIgniter\CodeIgniter->handleRequest(null, Object(Config\Cache), false)
 4 FCPATH\index.php(79): CodeIgniter\CodeIgniter->run()
INFO - 2023-11-20 14:50:36 --> Session: Class initialized using 'CodeIgniter\Session\Handlers\FileHandler' driver.
WARNING - 2023-11-20 14:50:36 --> [DEPRECATED] Function strftime() is deprecated in APPPATH\Controllers\KuesionerAdmin.php on line 78.
 1 SYSTEMPATH\CodeIgniter.php(942): App\Controllers\KuesionerAdmin->ajax()
 2 SYSTEMPATH\CodeIgniter.php(502): CodeIgniter\CodeIgniter->runController(Object(App\Controllers\KuesionerAdmin))
 3 SYSTEMPATH\CodeIgniter.php(361): CodeIgniter\CodeIgniter->handleRequest(null, Object(Config\Cache), false)
 4 FCPATH\index.php(79): CodeIgniter\CodeIgniter->run()
WARNING - 2023-11-20 14:50:36 --> [DEPRECATED] Function strftime() is deprecated in APPPATH\Controllers\KuesionerAdmin.php on line 79.
 1 SYSTEMPATH\CodeIgniter.php(942): App\Controllers\KuesionerAdmin->ajax()
 2 SYSTEMPATH\CodeIgniter.php(502): CodeIgniter\CodeIgniter->runController(Object(App\Controllers\KuesionerAdmin))
 3 SYSTEMPATH\CodeIgniter.php(361): CodeIgniter\CodeIgniter->handleRequest(null, Object(Config\Cache), false)
 4 FCPATH\index.php(79): CodeIgniter\CodeIgniter->run()
INFO - 2023-11-20 14:50:38 --> Session: Class initialized using 'CodeIgniter\Session\Handlers\FileHandler' driver.
WARNING - 2023-11-20 14:50:38 --> [DEPRECATED] Function strftime() is deprecated in APPPATH\Controllers\KuesionerAdmin.php on line 78.
 1 SYSTEMPATH\CodeIgniter.php(942): App\Controllers\KuesionerAdmin->ajax()
 2 SYSTEMPATH\CodeIgniter.php(502): CodeIgniter\CodeIgniter->runController(Object(App\Controllers\KuesionerAdmin))
 3 SYSTEMPATH\CodeIgniter.php(361): CodeIgniter\CodeIgniter->handleRequest(null, Object(Config\Cache), false)
 4 FCPATH\index.php(79): CodeIgniter\CodeIgniter->run()
WARNING - 2023-11-20 14:50:38 --> [DEPRECATED] Function strftime() is deprecated in APPPATH\Controllers\KuesionerAdmin.php on line 79.
 1 SYSTEMPATH\CodeIgniter.php(942): App\Controllers\KuesionerAdmin->ajax()
 2 SYSTEMPATH\CodeIgniter.php(502): CodeIgniter\CodeIgniter->runController(Object(App\Controllers\KuesionerAdmin))
 3 SYSTEMPATH\CodeIgniter.php(361): CodeIgniter\CodeIgniter->handleRequest(null, Object(Config\Cache), false)
 4 FCPATH\index.php(79): CodeIgniter\CodeIgniter->run()
INFO - 2023-11-20 14:50:53 --> Session: Class initialized using 'CodeIgniter\Session\Handlers\FileHandler' driver.
INFO - 2023-11-20 14:50:57 --> Session: Class initialized using 'CodeIgniter\Session\Handlers\FileHandler' driver.
INFO - 2023-11-20 14:50:58 --> Session: Class initialized using 'CodeIgniter\Session\Handlers\FileHandler' driver.
WARNING - 2023-11-20 14:50:58 --> [DEPRECATED] Function strftime() is deprecated in APPPATH\Controllers\AlumniAdmin.php on line 86.
 1 SYSTEMPATH\CodeIgniter.php(942): App\Controllers\AlumniAdmin->ajax()
 2 SYSTEMPATH\CodeIgniter.php(502): CodeIgniter\CodeIgniter->runController(Object(App\Controllers\AlumniAdmin))
 3 SYSTEMPATH\CodeIgniter.php(361): CodeIgniter\CodeIgniter->handleRequest(null, Object(Config\Cache), false)
 4 FCPATH\index.php(79): CodeIgniter\CodeIgniter->run()
WARNING - 2023-11-20 14:50:58 --> [DEPRECATED] Function strftime() is deprecated in APPPATH\Controllers\AlumniAdmin.php on line 86.
 1 SYSTEMPATH\CodeIgniter.php(942): App\Controllers\AlumniAdmin->ajax()
 2 SYSTEMPATH\CodeIgniter.php(502): CodeIgniter\CodeIgniter->runController(Object(App\Controllers\AlumniAdmin))
 3 SYSTEMPATH\CodeIgniter.php(361): CodeIgniter\CodeIgniter->handleRequest(null, Object(Config\Cache), false)
 4 FCPATH\index.php(79): CodeIgniter\CodeIgniter->run()
WARNING - 2023-11-20 14:50:58 --> [DEPRECATED] Function strftime() is deprecated in APPPATH\Controllers\AlumniAdmin.php on line 86.
 1 SYSTEMPATH\CodeIgniter.php(942): App\Controllers\AlumniAdmin->ajax()
 2 SYSTEMPATH\CodeIgniter.php(502): CodeIgniter\CodeIgniter->runController(Object(App\Controllers\AlumniAdmin))
 3 SYSTEMPATH\CodeIgniter.php(361): CodeIgniter\CodeIgniter->handleRequest(null, Object(Config\Cache), false)
 4 FCPATH\index.php(79): CodeIgniter\CodeIgniter->run()
WARNING - 2023-11-20 14:50:58 --> [DEPRECATED] Function strftime() is deprecated in APPPATH\Controllers\AlumniAdmin.php on line 103.
 1 SYSTEMPATH\CodeIgniter.php(942): App\Controllers\AlumniAdmin->ajax()
 2 SYSTEMPATH\CodeIgniter.php(502): CodeIgniter\CodeIgniter->runController(Object(App\Controllers\AlumniAdmin))
 3 SYSTEMPATH\CodeIgniter.php(361): CodeIgniter\CodeIgniter->handleRequest(null, Object(Config\Cache), false)
 4 FCPATH\index.php(79): CodeIgniter\CodeIgniter->run()
INFO - 2023-11-20 14:50:59 --> Session: Class initialized using 'CodeIgniter\Session\Handlers\FileHandler' driver.
WARNING - 2023-11-20 14:50:59 --> [DEPRECATED] htmlspecialchars(): Passing null to parameter #1 ($string) of type string is deprecated in APPPATH\Views\dashboard-admin\alumni\create.php on line 26.
 1 APPPATH\Views\dashboard-admin\alumni\create.php(26): htmlspecialchars(null)
 2 SYSTEMPATH\View\View.php(228): include('C:\\Users\\wanad\\xampp8\\htdocs\\traceralumnisi-ci4\\admin-ci4\\app\\Views\\dashboard-admin\\alumni\\create.php')
 3 SYSTEMPATH\View\View.php(231): CodeIgniter\View\View->CodeIgniter\View\{closure}()
 4 SYSTEMPATH\Common.php(1190): CodeIgniter\View\View->render('dashboard-admin/alumni/create', [], true)
 5 APPPATH\Controllers\AlumniAdmin.php(145): view('dashboard-admin/alumni/create', [...])
 6 SYSTEMPATH\CodeIgniter.php(942): App\Controllers\AlumniAdmin->create()
 7 SYSTEMPATH\CodeIgniter.php(502): CodeIgniter\CodeIgniter->runController(Object(App\Controllers\AlumniAdmin))
 8 SYSTEMPATH\CodeIgniter.php(361): CodeIgniter\CodeIgniter->handleRequest(null, Object(Config\Cache), false)
 9 FCPATH\index.php(79): CodeIgniter\CodeIgniter->run()
WARNING - 2023-11-20 14:50:59 --> [DEPRECATED] htmlspecialchars(): Passing null to parameter #1 ($string) of type string is deprecated in APPPATH\Views\dashboard-admin\alumni\create.php on line 83.
 1 APPPATH\Views\dashboard-admin\alumni\create.php(83): htmlspecialchars(null)
 2 SYSTEMPATH\View\View.php(228): include('C:\\Users\\wanad\\xampp8\\htdocs\\traceralumnisi-ci4\\admin-ci4\\app\\Views\\dashboard-admin\\alumni\\create.php')
 3 SYSTEMPATH\View\View.php(231): CodeIgniter\View\View->CodeIgniter\View\{closure}()
 4 SYSTEMPATH\Common.php(1190): CodeIgniter\View\View->render('dashboard-admin/alumni/create', [], true)
 5 APPPATH\Controllers\AlumniAdmin.php(145): view('dashboard-admin/alumni/create', [...])
 6 SYSTEMPATH\CodeIgniter.php(942): App\Controllers\AlumniAdmin->create()
 7 SYSTEMPATH\CodeIgniter.php(502): CodeIgniter\CodeIgniter->runController(Object(App\Controllers\AlumniAdmin))
 8 SYSTEMPATH\CodeIgniter.php(361): CodeIgniter\CodeIgniter->handleRequest(null, Object(Config\Cache), false)
 9 FCPATH\index.php(79): CodeIgniter\CodeIgniter->run()
INFO - 2023-11-20 14:51:02 --> Session: Class initialized using 'CodeIgniter\Session\Handlers\FileHandler' driver.
INFO - 2023-11-20 14:51:03 --> Session: Class initialized using 'CodeIgniter\Session\Handlers\FileHandler' driver.
WARNING - 2023-11-20 14:51:03 --> [DEPRECATED] Function strftime() is deprecated in APPPATH\Controllers\AlumniAdmin.php on line 86.
 1 SYSTEMPATH\CodeIgniter.php(942): App\Controllers\AlumniAdmin->ajax()
 2 SYSTEMPATH\CodeIgniter.php(502): CodeIgniter\CodeIgniter->runController(Object(App\Controllers\AlumniAdmin))
 3 SYSTEMPATH\CodeIgniter.php(361): CodeIgniter\CodeIgniter->handleRequest(null, Object(Config\Cache), false)
 4 FCPATH\index.php(79): CodeIgniter\CodeIgniter->run()
WARNING - 2023-11-20 14:51:03 --> [DEPRECATED] Function strftime() is deprecated in APPPATH\Controllers\AlumniAdmin.php on line 86.
 1 SYSTEMPATH\CodeIgniter.php(942): App\Controllers\AlumniAdmin->ajax()
 2 SYSTEMPATH\CodeIgniter.php(502): CodeIgniter\CodeIgniter->runController(Object(App\Controllers\AlumniAdmin))
 3 SYSTEMPATH\CodeIgniter.php(361): CodeIgniter\CodeIgniter->handleRequest(null, Object(Config\Cache), false)
 4 FCPATH\index.php(79): CodeIgniter\CodeIgniter->run()
WARNING - 2023-11-20 14:51:03 --> [DEPRECATED] Function strftime() is deprecated in APPPATH\Controllers\AlumniAdmin.php on line 86.
 1 SYSTEMPATH\CodeIgniter.php(942): App\Controllers\AlumniAdmin->ajax()
 2 SYSTEMPATH\CodeIgniter.php(502): CodeIgniter\CodeIgniter->runController(Object(App\Controllers\AlumniAdmin))
 3 SYSTEMPATH\CodeIgniter.php(361): CodeIgniter\CodeIgniter->handleRequest(null, Object(Config\Cache), false)
 4 FCPATH\index.php(79): CodeIgniter\CodeIgniter->run()
WARNING - 2023-11-20 14:51:03 --> [DEPRECATED] Function strftime() is deprecated in APPPATH\Controllers\AlumniAdmin.php on line 103.
 1 SYSTEMPATH\CodeIgniter.php(942): App\Controllers\AlumniAdmin->ajax()
 2 SYSTEMPATH\CodeIgniter.php(502): CodeIgniter\CodeIgniter->runController(Object(App\Controllers\AlumniAdmin))
 3 SYSTEMPATH\CodeIgniter.php(361): CodeIgniter\CodeIgniter->handleRequest(null, Object(Config\Cache), false)
 4 FCPATH\index.php(79): CodeIgniter\CodeIgniter->run()
INFO - 2023-11-20 14:51:06 --> Session: Class initialized using 'CodeIgniter\Session\Handlers\FileHandler' driver.
WARNING - 2023-11-20 14:51:06 --> [DEPRECATED] htmlspecialchars(): Passing null to parameter #1 ($string) of type string is deprecated in APPPATH\Views\dashboard-admin\alumni\create.php on line 26.
 1 APPPATH\Views\dashboard-admin\alumni\create.php(26): htmlspecialchars(null)
 2 SYSTEMPATH\View\View.php(228): include('C:\\Users\\wanad\\xampp8\\htdocs\\traceralumnisi-ci4\\admin-ci4\\app\\Views\\dashboard-admin\\alumni\\create.php')
 3 SYSTEMPATH\View\View.php(231): CodeIgniter\View\View->CodeIgniter\View\{closure}()
 4 SYSTEMPATH\Common.php(1190): CodeIgniter\View\View->render('dashboard-admin/alumni/create', [], true)
 5 APPPATH\Controllers\AlumniAdmin.php(145): view('dashboard-admin/alumni/create', [...])
 6 SYSTEMPATH\CodeIgniter.php(942): App\Controllers\AlumniAdmin->create()
 7 SYSTEMPATH\CodeIgniter.php(502): CodeIgniter\CodeIgniter->runController(Object(App\Controllers\AlumniAdmin))
 8 SYSTEMPATH\CodeIgniter.php(361): CodeIgniter\CodeIgniter->handleRequest(null, Object(Config\Cache), false)
 9 FCPATH\index.php(79): CodeIgniter\CodeIgniter->run()
WARNING - 2023-11-20 14:51:06 --> [DEPRECATED] htmlspecialchars(): Passing null to parameter #1 ($string) of type string is deprecated in APPPATH\Views\dashboard-admin\alumni\create.php on line 83.
 1 APPPATH\Views\dashboard-admin\alumni\create.php(83): htmlspecialchars(null)
 2 SYSTEMPATH\View\View.php(228): include('C:\\Users\\wanad\\xampp8\\htdocs\\traceralumnisi-ci4\\admin-ci4\\app\\Views\\dashboard-admin\\alumni\\create.php')
 3 SYSTEMPATH\View\View.php(231): CodeIgniter\View\View->CodeIgniter\View\{closure}()
 4 SYSTEMPATH\Common.php(1190): CodeIgniter\View\View->render('dashboard-admin/alumni/create', [], true)
 5 APPPATH\Controllers\AlumniAdmin.php(145): view('dashboard-admin/alumni/create', [...])
 6 SYSTEMPATH\CodeIgniter.php(942): App\Controllers\AlumniAdmin->create()
 7 SYSTEMPATH\CodeIgniter.php(502): CodeIgniter\CodeIgniter->runController(Object(App\Controllers\AlumniAdmin))
 8 SYSTEMPATH\CodeIgniter.php(361): CodeIgniter\CodeIgniter->handleRequest(null, Object(Config\Cache), false)
 9 FCPATH\index.php(79): CodeIgniter\CodeIgniter->run()
INFO - 2023-11-20 14:51:58 --> Session: Class initialized using 'CodeIgniter\Session\Handlers\FileHandler' driver.
INFO - 2023-11-20 14:51:59 --> Session: Class initialized using 'CodeIgniter\Session\Handlers\FileHandler' driver.
INFO - 2023-11-20 14:52:06 --> Session: Class initialized using 'CodeIgniter\Session\Handlers\FileHandler' driver.
INFO - 2023-11-20 14:52:07 --> Session: Class initialized using 'CodeIgniter\Session\Handlers\FileHandler' driver.
INFO - 2023-11-20 14:52:08 --> Session: Class initialized using 'CodeIgniter\Session\Handlers\FileHandler' driver.
WARNING - 2023-11-20 14:52:08 --> [DEPRECATED] Function strftime() is deprecated in APPPATH\Controllers\AlumniAdmin.php on line 86.
 1 SYSTEMPATH\CodeIgniter.php(942): App\Controllers\AlumniAdmin->ajax()
 2 SYSTEMPATH\CodeIgniter.php(502): CodeIgniter\CodeIgniter->runController(Object(App\Controllers\AlumniAdmin))
 3 SYSTEMPATH\CodeIgniter.php(361): CodeIgniter\CodeIgniter->handleRequest(null, Object(Config\Cache), false)
 4 FCPATH\index.php(79): CodeIgniter\CodeIgniter->run()
WARNING - 2023-11-20 14:52:08 --> [DEPRECATED] Function strftime() is deprecated in APPPATH\Controllers\AlumniAdmin.php on line 86.
 1 SYSTEMPATH\CodeIgniter.php(942): App\Controllers\AlumniAdmin->ajax()
 2 SYSTEMPATH\CodeIgniter.php(502): CodeIgniter\CodeIgniter->runController(Object(App\Controllers\AlumniAdmin))
 3 SYSTEMPATH\CodeIgniter.php(361): CodeIgniter\CodeIgniter->handleRequest(null, Object(Config\Cache), false)
 4 FCPATH\index.php(79): CodeIgniter\CodeIgniter->run()
WARNING - 2023-11-20 14:52:08 --> [DEPRECATED] Function strftime() is deprecated in APPPATH\Controllers\AlumniAdmin.php on line 86.
 1 SYSTEMPATH\CodeIgniter.php(942): App\Controllers\AlumniAdmin->ajax()
 2 SYSTEMPATH\CodeIgniter.php(502): CodeIgniter\CodeIgniter->runController(Object(App\Controllers\AlumniAdmin))
 3 SYSTEMPATH\CodeIgniter.php(361): CodeIgniter\CodeIgniter->handleRequest(null, Object(Config\Cache), false)
 4 FCPATH\index.php(79): CodeIgniter\CodeIgniter->run()
WARNING - 2023-11-20 14:52:08 --> [DEPRECATED] Function strftime() is deprecated in APPPATH\Controllers\AlumniAdmin.php on line 86.
 1 SYSTEMPATH\CodeIgniter.php(942): App\Controllers\AlumniAdmin->ajax()
 2 SYSTEMPATH\CodeIgniter.php(502): CodeIgniter\CodeIgniter->runController(Object(App\Controllers\AlumniAdmin))
 3 SYSTEMPATH\CodeIgniter.php(361): CodeIgniter\CodeIgniter->handleRequest(null, Object(Config\Cache), false)
 4 FCPATH\index.php(79): CodeIgniter\CodeIgniter->run()
WARNING - 2023-11-20 14:52:08 --> [DEPRECATED] Function strftime() is deprecated in APPPATH\Controllers\AlumniAdmin.php on line 103.
 1 SYSTEMPATH\CodeIgniter.php(942): App\Controllers\AlumniAdmin->ajax()
 2 SYSTEMPATH\CodeIgniter.php(502): CodeIgniter\CodeIgniter->runController(Object(App\Controllers\AlumniAdmin))
 3 SYSTEMPATH\CodeIgniter.php(361): CodeIgniter\CodeIgniter->handleRequest(null, Object(Config\Cache), false)
 4 FCPATH\index.php(79): CodeIgniter\CodeIgniter->run()
INFO - 2023-11-20 14:52:22 --> Session: Class initialized using 'CodeIgniter\Session\Handlers\FileHandler' driver.
INFO - 2023-11-20 14:52:22 --> Session: Class initialized using 'CodeIgniter\Session\Handlers\FileHandler' driver.
INFO - 2023-11-20 14:52:26 --> Session: Class initialized using 'CodeIgniter\Session\Handlers\FileHandler' driver.
INFO - 2023-11-20 14:52:26 --> Session: Class initialized using 'CodeIgniter\Session\Handlers\FileHandler' driver.
INFO - 2023-11-20 14:54:04 --> Session: Class initialized using 'CodeIgniter\Session\Handlers\FileHandler' driver.
INFO - 2023-11-20 14:54:10 --> Session: Class initialized using 'CodeIgniter\Session\Handlers\FileHandler' driver.
INFO - 2023-11-20 14:54:10 --> Session: Class initialized using 'CodeIgniter\Session\Handlers\FileHandler' driver.
INFO - 2023-11-20 14:54:17 --> Session: Class initialized using 'CodeIgniter\Session\Handlers\FileHandler' driver.
INFO - 2023-11-20 14:54:18 --> Session: Class initialized using 'CodeIgniter\Session\Handlers\FileHandler' driver.
WARNING - 2023-11-20 14:54:18 --> [DEPRECATED] Function strftime() is deprecated in APPPATH\Controllers\KuesionerAdmin.php on line 78.
 1 SYSTEMPATH\CodeIgniter.php(942): App\Controllers\KuesionerAdmin->ajax()
 2 SYSTEMPATH\CodeIgniter.php(502): CodeIgniter\CodeIgniter->runController(Object(App\Controllers\KuesionerAdmin))
 3 SYSTEMPATH\CodeIgniter.php(361): CodeIgniter\CodeIgniter->handleRequest(null, Object(Config\Cache), false)
 4 FCPATH\index.php(79): CodeIgniter\CodeIgniter->run()
WARNING - 2023-11-20 14:54:18 --> [DEPRECATED] Function strftime() is deprecated in APPPATH\Controllers\KuesionerAdmin.php on line 79.
 1 SYSTEMPATH\CodeIgniter.php(942): App\Controllers\KuesionerAdmin->ajax()
 2 SYSTEMPATH\CodeIgniter.php(502): CodeIgniter\CodeIgniter->runController(Object(App\Controllers\KuesionerAdmin))
 3 SYSTEMPATH\CodeIgniter.php(361): CodeIgniter\CodeIgniter->handleRequest(null, Object(Config\Cache), false)
 4 FCPATH\index.php(79): CodeIgniter\CodeIgniter->run()
INFO - 2023-11-20 14:54:20 --> Session: Class initialized using 'CodeIgniter\Session\Handlers\FileHandler' driver.
WARNING - 2023-11-20 14:54:20 --> [DEPRECATED] Function strftime() is deprecated in APPPATH\Views\dashboard-admin\pengumuman\index.php on line 64.
 1 SYSTEMPATH\View\View.php(228): include('C:\\Users\\wanad\\xampp8\\htdocs\\traceralumnisi-ci4\\admin-ci4\\app\\Views\\dashboard-admin\\pengumuman\\index.php')
 2 SYSTEMPATH\View\View.php(231): CodeIgniter\View\View->CodeIgniter\View\{closure}()
 3 SYSTEMPATH\Common.php(1190): CodeIgniter\View\View->render('dashboard-admin/pengumuman/index', [], true)
 4 APPPATH\Controllers\PengumumanAdmin.php(38): view('dashboard-admin/pengumuman/index', [...])
 5 SYSTEMPATH\CodeIgniter.php(942): App\Controllers\PengumumanAdmin->index()
 6 SYSTEMPATH\CodeIgniter.php(502): CodeIgniter\CodeIgniter->runController(Object(App\Controllers\PengumumanAdmin))
 7 SYSTEMPATH\CodeIgniter.php(361): CodeIgniter\CodeIgniter->handleRequest(null, Object(Config\Cache), false)
 8 FCPATH\index.php(79): CodeIgniter\CodeIgniter->run()
WARNING - 2023-11-20 14:54:20 --> [DEPRECATED] Function strftime() is deprecated in APPPATH\Views\dashboard-admin\pengumuman\index.php on line 64.
 1 SYSTEMPATH\View\View.php(228): include('C:\\Users\\wanad\\xampp8\\htdocs\\traceralumnisi-ci4\\admin-ci4\\app\\Views\\dashboard-admin\\pengumuman\\index.php')
 2 SYSTEMPATH\View\View.php(231): CodeIgniter\View\View->CodeIgniter\View\{closure}()
 3 SYSTEMPATH\Common.php(1190): CodeIgniter\View\View->render('dashboard-admin/pengumuman/index', [], true)
 4 APPPATH\Controllers\PengumumanAdmin.php(38): view('dashboard-admin/pengumuman/index', [...])
 5 SYSTEMPATH\CodeIgniter.php(942): App\Controllers\PengumumanAdmin->index()
 6 SYSTEMPATH\CodeIgniter.php(502): CodeIgniter\CodeIgniter->runController(Object(App\Controllers\PengumumanAdmin))
 7 SYSTEMPATH\CodeIgniter.php(361): CodeIgniter\CodeIgniter->handleRequest(null, Object(Config\Cache), false)
 8 FCPATH\index.php(79): CodeIgniter\CodeIgniter->run()
WARNING - 2023-11-20 14:54:20 --> [DEPRECATED] Function strftime() is deprecated in APPPATH\Views\dashboard-admin\pengumuman\index.php on line 64.
 1 SYSTEMPATH\View\View.php(228): include('C:\\Users\\wanad\\xampp8\\htdocs\\traceralumnisi-ci4\\admin-ci4\\app\\Views\\dashboard-admin\\pengumuman\\index.php')
 2 SYSTEMPATH\View\View.php(231): CodeIgniter\View\View->CodeIgniter\View\{closure}()
 3 SYSTEMPATH\Common.php(1190): CodeIgniter\View\View->render('dashboard-admin/pengumuman/index', [], true)
 4 APPPATH\Controllers\PengumumanAdmin.php(38): view('dashboard-admin/pengumuman/index', [...])
 5 SYSTEMPATH\CodeIgniter.php(942): App\Controllers\PengumumanAdmin->index()
 6 SYSTEMPATH\CodeIgniter.php(502): CodeIgniter\CodeIgniter->runController(Object(App\Controllers\PengumumanAdmin))
 7 SYSTEMPATH\CodeIgniter.php(361): CodeIgniter\CodeIgniter->handleRequest(null, Object(Config\Cache), false)
 8 FCPATH\index.php(79): CodeIgniter\CodeIgniter->run()
INFO - 2023-11-20 14:54:22 --> Session: Class initialized using 'CodeIgniter\Session\Handlers\FileHandler' driver.
INFO - 2023-11-20 14:54:23 --> Session: Class initialized using 'CodeIgniter\Session\Handlers\FileHandler' driver.
WARNING - 2023-11-20 14:54:23 --> [DEPRECATED] Function strftime() is deprecated in APPPATH\Controllers\AlumniAdmin.php on line 86.
 1 SYSTEMPATH\CodeIgniter.php(942): App\Controllers\AlumniAdmin->ajax()
 2 SYSTEMPATH\CodeIgniter.php(502): CodeIgniter\CodeIgniter->runController(Object(App\Controllers\AlumniAdmin))
 3 SYSTEMPATH\CodeIgniter.php(361): CodeIgniter\CodeIgniter->handleRequest(null, Object(Config\Cache), false)
 4 FCPATH\index.php(79): CodeIgniter\CodeIgniter->run()
WARNING - 2023-11-20 14:54:23 --> [DEPRECATED] Function strftime() is deprecated in APPPATH\Controllers\AlumniAdmin.php on line 103.
 1 SYSTEMPATH\CodeIgniter.php(942): App\Controllers\AlumniAdmin->ajax()
 2 SYSTEMPATH\CodeIgniter.php(502): CodeIgniter\CodeIgniter->runController(Object(App\Controllers\AlumniAdmin))
 3 SYSTEMPATH\CodeIgniter.php(361): CodeIgniter\CodeIgniter->handleRequest(null, Object(Config\Cache), false)
 4 FCPATH\index.php(79): CodeIgniter\CodeIgniter->run()
WARNING - 2023-11-20 14:54:23 --> [DEPRECATED] Function strftime() is deprecated in APPPATH\Controllers\AlumniAdmin.php on line 86.
 1 SYSTEMPATH\CodeIgniter.php(942): App\Controllers\AlumniAdmin->ajax()
 2 SYSTEMPATH\CodeIgniter.php(502): CodeIgniter\CodeIgniter->runController(Object(App\Controllers\AlumniAdmin))
 3 SYSTEMPATH\CodeIgniter.php(361): CodeIgniter\CodeIgniter->handleRequest(null, Object(Config\Cache), false)
 4 FCPATH\index.php(79): CodeIgniter\CodeIgniter->run()
WARNING - 2023-11-20 14:54:23 --> [DEPRECATED] Function strftime() is deprecated in APPPATH\Controllers\AlumniAdmin.php on line 86.
 1 SYSTEMPATH\CodeIgniter.php(942): App\Controllers\AlumniAdmin->ajax()
 2 SYSTEMPATH\CodeIgniter.php(502): CodeIgniter\CodeIgniter->runController(Object(App\Controllers\AlumniAdmin))
 3 SYSTEMPATH\CodeIgniter.php(361): CodeIgniter\CodeIgniter->handleRequest(null, Object(Config\Cache), false)
 4 FCPATH\index.php(79): CodeIgniter\CodeIgniter->run()
WARNING - 2023-11-20 14:54:23 --> [DEPRECATED] Function strftime() is deprecated in APPPATH\Controllers\AlumniAdmin.php on line 86.
 1 SYSTEMPATH\CodeIgniter.php(942): App\Controllers\AlumniAdmin->ajax()
 2 SYSTEMPATH\CodeIgniter.php(502): CodeIgniter\CodeIgniter->runController(Object(App\Controllers\AlumniAdmin))
 3 SYSTEMPATH\CodeIgniter.php(361): CodeIgniter\CodeIgniter->handleRequest(null, Object(Config\Cache), false)
 4 FCPATH\index.php(79): CodeIgniter\CodeIgniter->run()
WARNING - 2023-11-20 14:54:23 --> [DEPRECATED] Function strftime() is deprecated in APPPATH\Controllers\AlumniAdmin.php on line 103.
 1 SYSTEMPATH\CodeIgniter.php(942): App\Controllers\AlumniAdmin->ajax()
 2 SYSTEMPATH\CodeIgniter.php(502): CodeIgniter\CodeIgniter->runController(Object(App\Controllers\AlumniAdmin))
 3 SYSTEMPATH\CodeIgniter.php(361): CodeIgniter\CodeIgniter->handleRequest(null, Object(Config\Cache), false)
 4 FCPATH\index.php(79): CodeIgniter\CodeIgniter->run()
INFO - 2023-11-20 14:54:24 --> Session: Class initialized using 'CodeIgniter\Session\Handlers\FileHandler' driver.
WARNING - 2023-11-20 14:54:24 --> [DEPRECATED] Function strftime() is deprecated in APPPATH\Views\dashboard-admin\alumni\activation.php on line 49.
 1 SYSTEMPATH\View\View.php(228): include('C:\\Users\\wanad\\xampp8\\htdocs\\traceralumnisi-ci4\\admin-ci4\\app\\Views\\dashboard-admin\\alumni\\activation.php')
 2 SYSTEMPATH\View\View.php(231): CodeIgniter\View\View->CodeIgniter\View\{closure}()
 3 SYSTEMPATH\Common.php(1190): CodeIgniter\View\View->render('dashboard-admin/alumni/activation', [], true)
 4 APPPATH\Controllers\AlumniAdmin.php(344): view('dashboard-admin/alumni/activation', [...])
 5 SYSTEMPATH\CodeIgniter.php(942): App\Controllers\AlumniAdmin->activation()
 6 SYSTEMPATH\CodeIgniter.php(502): CodeIgniter\CodeIgniter->runController(Object(App\Controllers\AlumniAdmin))
 7 SYSTEMPATH\CodeIgniter.php(361): CodeIgniter\CodeIgniter->handleRequest(null, Object(Config\Cache), false)
 8 FCPATH\index.php(79): CodeIgniter\CodeIgniter->run()
WARNING - 2023-11-20 14:54:24 --> [DEPRECATED] Function strftime() is deprecated in APPPATH\Views\dashboard-admin\alumni\activation.php on line 52.
 1 SYSTEMPATH\View\View.php(228): include('C:\\Users\\wanad\\xampp8\\htdocs\\traceralumnisi-ci4\\admin-ci4\\app\\Views\\dashboard-admin\\alumni\\activation.php')
 2 SYSTEMPATH\View\View.php(231): CodeIgniter\View\View->CodeIgniter\View\{closure}()
 3 SYSTEMPATH\Common.php(1190): CodeIgniter\View\View->render('dashboard-admin/alumni/activation', [], true)
 4 APPPATH\Controllers\AlumniAdmin.php(344): view('dashboard-admin/alumni/activation', [...])
 5 SYSTEMPATH\CodeIgniter.php(942): App\Controllers\AlumniAdmin->activation()
 6 SYSTEMPATH\CodeIgniter.php(502): CodeIgniter\CodeIgniter->runController(Object(App\Controllers\AlumniAdmin))
 7 SYSTEMPATH\CodeIgniter.php(361): CodeIgniter\CodeIgniter->handleRequest(null, Object(Config\Cache), false)
 8 FCPATH\index.php(79): CodeIgniter\CodeIgniter->run()
INFO - 2023-11-20 14:54:49 --> Session: Class initialized using 'CodeIgniter\Session\Handlers\FileHandler' driver.
INFO - 2023-11-20 14:54:50 --> Session: Class initialized using 'CodeIgniter\Session\Handlers\FileHandler' driver.
WARNING - 2023-11-20 14:54:50 --> [DEPRECATED] Function strftime() is deprecated in APPPATH\Controllers\AlumniAdmin.php on line 86.
 1 SYSTEMPATH\CodeIgniter.php(942): App\Controllers\AlumniAdmin->ajax()
 2 SYSTEMPATH\CodeIgniter.php(502): CodeIgniter\CodeIgniter->runController(Object(App\Controllers\AlumniAdmin))
 3 SYSTEMPATH\CodeIgniter.php(361): CodeIgniter\CodeIgniter->handleRequest(null, Object(Config\Cache), false)
 4 FCPATH\index.php(79): CodeIgniter\CodeIgniter->run()
WARNING - 2023-11-20 14:54:50 --> [DEPRECATED] Function strftime() is deprecated in APPPATH\Controllers\AlumniAdmin.php on line 103.
 1 SYSTEMPATH\CodeIgniter.php(942): App\Controllers\AlumniAdmin->ajax()
 2 SYSTEMPATH\CodeIgniter.php(502): CodeIgniter\CodeIgniter->runController(Object(App\Controllers\AlumniAdmin))
 3 SYSTEMPATH\CodeIgniter.php(361): CodeIgniter\CodeIgniter->handleRequest(null, Object(Config\Cache), false)
 4 FCPATH\index.php(79): CodeIgniter\CodeIgniter->run()
WARNING - 2023-11-20 14:54:50 --> [DEPRECATED] Function strftime() is deprecated in APPPATH\Controllers\AlumniAdmin.php on line 86.
 1 SYSTEMPATH\CodeIgniter.php(942): App\Controllers\AlumniAdmin->ajax()
 2 SYSTEMPATH\CodeIgniter.php(502): CodeIgniter\CodeIgniter->runController(Object(App\Controllers\AlumniAdmin))
 3 SYSTEMPATH\CodeIgniter.php(361): CodeIgniter\CodeIgniter->handleRequest(null, Object(Config\Cache), false)
 4 FCPATH\index.php(79): CodeIgniter\CodeIgniter->run()
WARNING - 2023-11-20 14:54:50 --> [DEPRECATED] Function strftime() is deprecated in APPPATH\Controllers\AlumniAdmin.php on line 86.
 1 SYSTEMPATH\CodeIgniter.php(942): App\Controllers\AlumniAdmin->ajax()
 2 SYSTEMPATH\CodeIgniter.php(502): CodeIgniter\CodeIgniter->runController(Object(App\Controllers\AlumniAdmin))
 3 SYSTEMPATH\CodeIgniter.php(361): CodeIgniter\CodeIgniter->handleRequest(null, Object(Config\Cache), false)
 4 FCPATH\index.php(79): CodeIgniter\CodeIgniter->run()
WARNING - 2023-11-20 14:54:50 --> [DEPRECATED] Function strftime() is deprecated in APPPATH\Controllers\AlumniAdmin.php on line 86.
 1 SYSTEMPATH\CodeIgniter.php(942): App\Controllers\AlumniAdmin->ajax()
 2 SYSTEMPATH\CodeIgniter.php(502): CodeIgniter\CodeIgniter->runController(Object(App\Controllers\AlumniAdmin))
 3 SYSTEMPATH\CodeIgniter.php(361): CodeIgniter\CodeIgniter->handleRequest(null, Object(Config\Cache), false)
 4 FCPATH\index.php(79): CodeIgniter\CodeIgniter->run()
WARNING - 2023-11-20 14:54:50 --> [DEPRECATED] Function strftime() is deprecated in APPPATH\Controllers\AlumniAdmin.php on line 103.
 1 SYSTEMPATH\CodeIgniter.php(942): App\Controllers\AlumniAdmin->ajax()
 2 SYSTEMPATH\CodeIgniter.php(502): CodeIgniter\CodeIgniter->runController(Object(App\Controllers\AlumniAdmin))
 3 SYSTEMPATH\CodeIgniter.php(361): CodeIgniter\CodeIgniter->handleRequest(null, Object(Config\Cache), false)
 4 FCPATH\index.php(79): CodeIgniter\CodeIgniter->run()
INFO - 2023-11-20 14:54:58 --> Session: Class initialized using 'CodeIgniter\Session\Handlers\FileHandler' driver.
WARNING - 2023-11-20 14:54:58 --> [DEPRECATED] Function strftime() is deprecated in APPPATH\Views\dashboard-admin\alumni\details.php on line 61.
 1 SYSTEMPATH\View\View.php(228): include('C:\\Users\\wanad\\xampp8\\htdocs\\traceralumnisi-ci4\\admin-ci4\\app\\Views\\dashboard-admin\\alumni\\details.php')
 2 SYSTEMPATH\View\View.php(231): CodeIgniter\View\View->CodeIgniter\View\{closure}()
 3 SYSTEMPATH\Common.php(1190): CodeIgniter\View\View->render('dashboard-admin/alumni/details', [], true)
 4 APPPATH\Controllers\AlumniAdmin.php(136): view('dashboard-admin/alumni/details', [...])
 5 SYSTEMPATH\CodeIgniter.php(942): App\Controllers\AlumniAdmin->details('3')
 6 SYSTEMPATH\CodeIgniter.php(502): CodeIgniter\CodeIgniter->runController(Object(App\Controllers\AlumniAdmin))
 7 SYSTEMPATH\CodeIgniter.php(361): CodeIgniter\CodeIgniter->handleRequest(null, Object(Config\Cache), false)
 8 FCPATH\index.php(79): CodeIgniter\CodeIgniter->run()
INFO - 2023-11-20 14:55:04 --> Session: Class initialized using 'CodeIgniter\Session\Handlers\FileHandler' driver.
INFO - 2023-11-20 14:55:05 --> Session: Class initialized using 'CodeIgniter\Session\Handlers\FileHandler' driver.
WARNING - 2023-11-20 14:55:05 --> [DEPRECATED] Function strftime() is deprecated in APPPATH\Controllers\AlumniAdmin.php on line 86.
 1 SYSTEMPATH\CodeIgniter.php(942): App\Controllers\AlumniAdmin->ajax()
 2 SYSTEMPATH\CodeIgniter.php(502): CodeIgniter\CodeIgniter->runController(Object(App\Controllers\AlumniAdmin))
 3 SYSTEMPATH\CodeIgniter.php(361): CodeIgniter\CodeIgniter->handleRequest(null, Object(Config\Cache), false)
 4 FCPATH\index.php(79): CodeIgniter\CodeIgniter->run()
WARNING - 2023-11-20 14:55:05 --> [DEPRECATED] Function strftime() is deprecated in APPPATH\Controllers\AlumniAdmin.php on line 103.
 1 SYSTEMPATH\CodeIgniter.php(942): App\Controllers\AlumniAdmin->ajax()
 2 SYSTEMPATH\CodeIgniter.php(502): CodeIgniter\CodeIgniter->runController(Object(App\Controllers\AlumniAdmin))
 3 SYSTEMPATH\CodeIgniter.php(361): CodeIgniter\CodeIgniter->handleRequest(null, Object(Config\Cache), false)
 4 FCPATH\index.php(79): CodeIgniter\CodeIgniter->run()
WARNING - 2023-11-20 14:55:05 --> [DEPRECATED] Function strftime() is deprecated in APPPATH\Controllers\AlumniAdmin.php on line 86.
 1 SYSTEMPATH\CodeIgniter.php(942): App\Controllers\AlumniAdmin->ajax()
 2 SYSTEMPATH\CodeIgniter.php(502): CodeIgniter\CodeIgniter->runController(Object(App\Controllers\AlumniAdmin))
 3 SYSTEMPATH\CodeIgniter.php(361): CodeIgniter\CodeIgniter->handleRequest(null, Object(Config\Cache), false)
 4 FCPATH\index.php(79): CodeIgniter\CodeIgniter->run()
WARNING - 2023-11-20 14:55:05 --> [DEPRECATED] Function strftime() is deprecated in APPPATH\Controllers\AlumniAdmin.php on line 86.
 1 SYSTEMPATH\CodeIgniter.php(942): App\Controllers\AlumniAdmin->ajax()
 2 SYSTEMPATH\CodeIgniter.php(502): CodeIgniter\CodeIgniter->runController(Object(App\Controllers\AlumniAdmin))
 3 SYSTEMPATH\CodeIgniter.php(361): CodeIgniter\CodeIgniter->handleRequest(null, Object(Config\Cache), false)
 4 FCPATH\index.php(79): CodeIgniter\CodeIgniter->run()
WARNING - 2023-11-20 14:55:05 --> [DEPRECATED] Function strftime() is deprecated in APPPATH\Controllers\AlumniAdmin.php on line 86.
 1 SYSTEMPATH\CodeIgniter.php(942): App\Controllers\AlumniAdmin->ajax()
 2 SYSTEMPATH\CodeIgniter.php(502): CodeIgniter\CodeIgniter->runController(Object(App\Controllers\AlumniAdmin))
 3 SYSTEMPATH\CodeIgniter.php(361): CodeIgniter\CodeIgniter->handleRequest(null, Object(Config\Cache), false)
 4 FCPATH\index.php(79): CodeIgniter\CodeIgniter->run()
WARNING - 2023-11-20 14:55:05 --> [DEPRECATED] Function strftime() is deprecated in APPPATH\Controllers\AlumniAdmin.php on line 103.
 1 SYSTEMPATH\CodeIgniter.php(942): App\Controllers\AlumniAdmin->ajax()
 2 SYSTEMPATH\CodeIgniter.php(502): CodeIgniter\CodeIgniter->runController(Object(App\Controllers\AlumniAdmin))
 3 SYSTEMPATH\CodeIgniter.php(361): CodeIgniter\CodeIgniter->handleRequest(null, Object(Config\Cache), false)
 4 FCPATH\index.php(79): CodeIgniter\CodeIgniter->run()
INFO - 2023-11-20 14:55:23 --> Session: Class initialized using 'CodeIgniter\Session\Handlers\FileHandler' driver.
WARNING - 2023-11-20 14:55:23 --> [DEPRECATED] Function strftime() is deprecated in APPPATH\Views\dashboard-admin\alumni\details.php on line 61.
 1 SYSTEMPATH\View\View.php(228): include('C:\\Users\\wanad\\xampp8\\htdocs\\traceralumnisi-ci4\\admin-ci4\\app\\Views\\dashboard-admin\\alumni\\details.php')
 2 SYSTEMPATH\View\View.php(231): CodeIgniter\View\View->CodeIgniter\View\{closure}()
 3 SYSTEMPATH\Common.php(1190): CodeIgniter\View\View->render('dashboard-admin/alumni/details', [], true)
 4 APPPATH\Controllers\AlumniAdmin.php(136): view('dashboard-admin/alumni/details', [...])
 5 SYSTEMPATH\CodeIgniter.php(942): App\Controllers\AlumniAdmin->details('3')
 6 SYSTEMPATH\CodeIgniter.php(502): CodeIgniter\CodeIgniter->runController(Object(App\Controllers\AlumniAdmin))
 7 SYSTEMPATH\CodeIgniter.php(361): CodeIgniter\CodeIgniter->handleRequest(null, Object(Config\Cache), false)
 8 FCPATH\index.php(79): CodeIgniter\CodeIgniter->run()
INFO - 2023-11-20 14:55:25 --> Session: Class initialized using 'CodeIgniter\Session\Handlers\FileHandler' driver.
INFO - 2023-11-20 14:55:26 --> Session: Class initialized using 'CodeIgniter\Session\Handlers\FileHandler' driver.
WARNING - 2023-11-20 14:55:26 --> [DEPRECATED] Function strftime() is deprecated in APPPATH\Controllers\AlumniAdmin.php on line 86.
 1 SYSTEMPATH\CodeIgniter.php(942): App\Controllers\AlumniAdmin->ajax()
 2 SYSTEMPATH\CodeIgniter.php(502): CodeIgniter\CodeIgniter->runController(Object(App\Controllers\AlumniAdmin))
 3 SYSTEMPATH\CodeIgniter.php(361): CodeIgniter\CodeIgniter->handleRequest(null, Object(Config\Cache), false)
 4 FCPATH\index.php(79): CodeIgniter\CodeIgniter->run()
WARNING - 2023-11-20 14:55:26 --> [DEPRECATED] Function strftime() is deprecated in APPPATH\Controllers\AlumniAdmin.php on line 103.
 1 SYSTEMPATH\CodeIgniter.php(942): App\Controllers\AlumniAdmin->ajax()
 2 SYSTEMPATH\CodeIgniter.php(502): CodeIgniter\CodeIgniter->runController(Object(App\Controllers\AlumniAdmin))
 3 SYSTEMPATH\CodeIgniter.php(361): CodeIgniter\CodeIgniter->handleRequest(null, Object(Config\Cache), false)
 4 FCPATH\index.php(79): CodeIgniter\CodeIgniter->run()
WARNING - 2023-11-20 14:55:26 --> [DEPRECATED] Function strftime() is deprecated in APPPATH\Controllers\AlumniAdmin.php on line 86.
 1 SYSTEMPATH\CodeIgniter.php(942): App\Controllers\AlumniAdmin->ajax()
 2 SYSTEMPATH\CodeIgniter.php(502): CodeIgniter\CodeIgniter->runController(Object(App\Controllers\AlumniAdmin))
 3 SYSTEMPATH\CodeIgniter.php(361): CodeIgniter\CodeIgniter->handleRequest(null, Object(Config\Cache), false)
 4 FCPATH\index.php(79): CodeIgniter\CodeIgniter->run()
WARNING - 2023-11-20 14:55:26 --> [DEPRECATED] Function strftime() is deprecated in APPPATH\Controllers\AlumniAdmin.php on line 86.
 1 SYSTEMPATH\CodeIgniter.php(942): App\Controllers\AlumniAdmin->ajax()
 2 SYSTEMPATH\CodeIgniter.php(502): CodeIgniter\CodeIgniter->runController(Object(App\Controllers\AlumniAdmin))
 3 SYSTEMPATH\CodeIgniter.php(361): CodeIgniter\CodeIgniter->handleRequest(null, Object(Config\Cache), false)
 4 FCPATH\index.php(79): CodeIgniter\CodeIgniter->run()
WARNING - 2023-11-20 14:55:26 --> [DEPRECATED] Function strftime() is deprecated in APPPATH\Controllers\AlumniAdmin.php on line 86.
 1 SYSTEMPATH\CodeIgniter.php(942): App\Controllers\AlumniAdmin->ajax()
 2 SYSTEMPATH\CodeIgniter.php(502): CodeIgniter\CodeIgniter->runController(Object(App\Controllers\AlumniAdmin))
 3 SYSTEMPATH\CodeIgniter.php(361): CodeIgniter\CodeIgniter->handleRequest(null, Object(Config\Cache), false)
 4 FCPATH\index.php(79): CodeIgniter\CodeIgniter->run()
WARNING - 2023-11-20 14:55:26 --> [DEPRECATED] Function strftime() is deprecated in APPPATH\Controllers\AlumniAdmin.php on line 103.
 1 SYSTEMPATH\CodeIgniter.php(942): App\Controllers\AlumniAdmin->ajax()
 2 SYSTEMPATH\CodeIgniter.php(502): CodeIgniter\CodeIgniter->runController(Object(App\Controllers\AlumniAdmin))
 3 SYSTEMPATH\CodeIgniter.php(361): CodeIgniter\CodeIgniter->handleRequest(null, Object(Config\Cache), false)
 4 FCPATH\index.php(79): CodeIgniter\CodeIgniter->run()
INFO - 2023-11-20 14:55:27 --> Session: Class initialized using 'CodeIgniter\Session\Handlers\FileHandler' driver.
INFO - 2023-11-20 14:55:27 --> Session: Class initialized using 'CodeIgniter\Session\Handlers\FileHandler' driver.
INFO - 2023-11-20 14:56:02 --> Session: Class initialized using 'CodeIgniter\Session\Handlers\FileHandler' driver.
INFO - 2023-11-20 14:56:07 --> Session: Class initialized using 'CodeIgniter\Session\Handlers\FileHandler' driver.
INFO - 2023-11-20 14:56:08 --> Session: Class initialized using 'CodeIgniter\Session\Handlers\FileHandler' driver.
INFO - 2023-11-20 14:56:11 --> Session: Class initialized using 'CodeIgniter\Session\Handlers\FileHandler' driver.
INFO - 2023-11-20 14:56:12 --> Session: Class initialized using 'CodeIgniter\Session\Handlers\FileHandler' driver.
WARNING - 2023-11-20 14:56:12 --> [DEPRECATED] Function strftime() is deprecated in APPPATH\Controllers\AlumniAdmin.php on line 86.
 1 SYSTEMPATH\CodeIgniter.php(942): App\Controllers\AlumniAdmin->ajax()
 2 SYSTEMPATH\CodeIgniter.php(502): CodeIgniter\CodeIgniter->runController(Object(App\Controllers\AlumniAdmin))
 3 SYSTEMPATH\CodeIgniter.php(361): CodeIgniter\CodeIgniter->handleRequest(null, Object(Config\Cache), false)
 4 FCPATH\index.php(79): CodeIgniter\CodeIgniter->run()
WARNING - 2023-11-20 14:56:12 --> [DEPRECATED] Function strftime() is deprecated in APPPATH\Controllers\AlumniAdmin.php on line 103.
 1 SYSTEMPATH\CodeIgniter.php(942): App\Controllers\AlumniAdmin->ajax()
 2 SYSTEMPATH\CodeIgniter.php(502): CodeIgniter\CodeIgniter->runController(Object(App\Controllers\AlumniAdmin))
 3 SYSTEMPATH\CodeIgniter.php(361): CodeIgniter\CodeIgniter->handleRequest(null, Object(Config\Cache), false)
 4 FCPATH\index.php(79): CodeIgniter\CodeIgniter->run()
WARNING - 2023-11-20 14:56:12 --> [DEPRECATED] Function strftime() is deprecated in APPPATH\Controllers\AlumniAdmin.php on line 86.
 1 SYSTEMPATH\CodeIgniter.php(942): App\Controllers\AlumniAdmin->ajax()
 2 SYSTEMPATH\CodeIgniter.php(502): CodeIgniter\CodeIgniter->runController(Object(App\Controllers\AlumniAdmin))
 3 SYSTEMPATH\CodeIgniter.php(361): CodeIgniter\CodeIgniter->handleRequest(null, Object(Config\Cache), false)
 4 FCPATH\index.php(79): CodeIgniter\CodeIgniter->run()
WARNING - 2023-11-20 14:56:12 --> [DEPRECATED] Function strftime() is deprecated in APPPATH\Controllers\AlumniAdmin.php on line 103.
 1 SYSTEMPATH\CodeIgniter.php(942): App\Controllers\AlumniAdmin->ajax()
 2 SYSTEMPATH\CodeIgniter.php(502): CodeIgniter\CodeIgniter->runController(Object(App\Controllers\AlumniAdmin))
 3 SYSTEMPATH\CodeIgniter.php(361): CodeIgniter\CodeIgniter->handleRequest(null, Object(Config\Cache), false)
 4 FCPATH\index.php(79): CodeIgniter\CodeIgniter->run()
WARNING - 2023-11-20 14:56:12 --> [DEPRECATED] Function strftime() is deprecated in APPPATH\Controllers\AlumniAdmin.php on line 86.
 1 SYSTEMPATH\CodeIgniter.php(942): App\Controllers\AlumniAdmin->ajax()
 2 SYSTEMPATH\CodeIgniter.php(502): CodeIgniter\CodeIgniter->runController(Object(App\Controllers\AlumniAdmin))
 3 SYSTEMPATH\CodeIgniter.php(361): CodeIgniter\CodeIgniter->handleRequest(null, Object(Config\Cache), false)
 4 FCPATH\index.php(79): CodeIgniter\CodeIgniter->run()
WARNING - 2023-11-20 14:56:12 --> [DEPRECATED] Function strftime() is deprecated in APPPATH\Controllers\AlumniAdmin.php on line 86.
 1 SYSTEMPATH\CodeIgniter.php(942): App\Controllers\AlumniAdmin->ajax()
 2 SYSTEMPATH\CodeIgniter.php(502): CodeIgniter\CodeIgniter->runController(Object(App\Controllers\AlumniAdmin))
 3 SYSTEMPATH\CodeIgniter.php(361): CodeIgniter\CodeIgniter->handleRequest(null, Object(Config\Cache), false)
 4 FCPATH\index.php(79): CodeIgniter\CodeIgniter->run()
WARNING - 2023-11-20 14:56:12 --> [DEPRECATED] Function strftime() is deprecated in APPPATH\Controllers\AlumniAdmin.php on line 103.
 1 SYSTEMPATH\CodeIgniter.php(942): App\Controllers\AlumniAdmin->ajax()
 2 SYSTEMPATH\CodeIgniter.php(502): CodeIgniter\CodeIgniter->runController(Object(App\Controllers\AlumniAdmin))
 3 SYSTEMPATH\CodeIgniter.php(361): CodeIgniter\CodeIgniter->handleRequest(null, Object(Config\Cache), false)
 4 FCPATH\index.php(79): CodeIgniter\CodeIgniter->run()
INFO - 2023-11-20 14:56:13 --> Session: Class initialized using 'CodeIgniter\Session\Handlers\FileHandler' driver.
WARNING - 2023-11-20 14:56:13 --> [DEPRECATED] Function strftime() is deprecated in APPPATH\Views\dashboard-admin\alumni\activation.php on line 49.
 1 SYSTEMPATH\View\View.php(228): include('C:\\Users\\wanad\\xampp8\\htdocs\\traceralumnisi-ci4\\admin-ci4\\app\\Views\\dashboard-admin\\alumni\\activation.php')
 2 SYSTEMPATH\View\View.php(231): CodeIgniter\View\View->CodeIgniter\View\{closure}()
 3 SYSTEMPATH\Common.php(1190): CodeIgniter\View\View->render('dashboard-admin/alumni/activation', [], true)
 4 APPPATH\Controllers\AlumniAdmin.php(344): view('dashboard-admin/alumni/activation', [...])
 5 SYSTEMPATH\CodeIgniter.php(942): App\Controllers\AlumniAdmin->activation()
 6 SYSTEMPATH\CodeIgniter.php(502): CodeIgniter\CodeIgniter->runController(Object(App\Controllers\AlumniAdmin))
 7 SYSTEMPATH\CodeIgniter.php(361): CodeIgniter\CodeIgniter->handleRequest(null, Object(Config\Cache), false)
 8 FCPATH\index.php(79): CodeIgniter\CodeIgniter->run()
WARNING - 2023-11-20 14:56:13 --> [DEPRECATED] Function strftime() is deprecated in APPPATH\Views\dashboard-admin\alumni\activation.php on line 52.
 1 SYSTEMPATH\View\View.php(228): include('C:\\Users\\wanad\\xampp8\\htdocs\\traceralumnisi-ci4\\admin-ci4\\app\\Views\\dashboard-admin\\alumni\\activation.php')
 2 SYSTEMPATH\View\View.php(231): CodeIgniter\View\View->CodeIgniter\View\{closure}()
 3 SYSTEMPATH\Common.php(1190): CodeIgniter\View\View->render('dashboard-admin/alumni/activation', [], true)
 4 APPPATH\Controllers\AlumniAdmin.php(344): view('dashboard-admin/alumni/activation', [...])
 5 SYSTEMPATH\CodeIgniter.php(942): App\Controllers\AlumniAdmin->activation()
 6 SYSTEMPATH\CodeIgniter.php(502): CodeIgniter\CodeIgniter->runController(Object(App\Controllers\AlumniAdmin))
 7 SYSTEMPATH\CodeIgniter.php(361): CodeIgniter\CodeIgniter->handleRequest(null, Object(Config\Cache), false)
 8 FCPATH\index.php(79): CodeIgniter\CodeIgniter->run()
WARNING - 2023-11-20 14:56:13 --> [DEPRECATED] Function strftime() is deprecated in APPPATH\Views\dashboard-admin\alumni\activation.php on line 49.
 1 SYSTEMPATH\View\View.php(228): include('C:\\Users\\wanad\\xampp8\\htdocs\\traceralumnisi-ci4\\admin-ci4\\app\\Views\\dashboard-admin\\alumni\\activation.php')
 2 SYSTEMPATH\View\View.php(231): CodeIgniter\View\View->CodeIgniter\View\{closure}()
 3 SYSTEMPATH\Common.php(1190): CodeIgniter\View\View->render('dashboard-admin/alumni/activation', [], true)
 4 APPPATH\Controllers\AlumniAdmin.php(344): view('dashboard-admin/alumni/activation', [...])
 5 SYSTEMPATH\CodeIgniter.php(942): App\Controllers\AlumniAdmin->activation()
 6 SYSTEMPATH\CodeIgniter.php(502): CodeIgniter\CodeIgniter->runController(Object(App\Controllers\AlumniAdmin))
 7 SYSTEMPATH\CodeIgniter.php(361): CodeIgniter\CodeIgniter->handleRequest(null, Object(Config\Cache), false)
 8 FCPATH\index.php(79): CodeIgniter\CodeIgniter->run()
WARNING - 2023-11-20 14:56:13 --> [DEPRECATED] Function strftime() is deprecated in APPPATH\Views\dashboard-admin\alumni\activation.php on line 52.
 1 SYSTEMPATH\View\View.php(228): include('C:\\Users\\wanad\\xampp8\\htdocs\\traceralumnisi-ci4\\admin-ci4\\app\\Views\\dashboard-admin\\alumni\\activation.php')
 2 SYSTEMPATH\View\View.php(231): CodeIgniter\View\View->CodeIgniter\View\{closure}()
 3 SYSTEMPATH\Common.php(1190): CodeIgniter\View\View->render('dashboard-admin/alumni/activation', [], true)
 4 APPPATH\Controllers\AlumniAdmin.php(344): view('dashboard-admin/alumni/activation', [...])
 5 SYSTEMPATH\CodeIgniter.php(942): App\Controllers\AlumniAdmin->activation()
 6 SYSTEMPATH\CodeIgniter.php(502): CodeIgniter\CodeIgniter->runController(Object(App\Controllers\AlumniAdmin))
 7 SYSTEMPATH\CodeIgniter.php(361): CodeIgniter\CodeIgniter->handleRequest(null, Object(Config\Cache), false)
 8 FCPATH\index.php(79): CodeIgniter\CodeIgniter->run()
INFO - 2023-11-20 14:56:59 --> Session: Class initialized using 'CodeIgniter\Session\Handlers\FileHandler' driver.
INFO - 2023-11-20 14:56:59 --> Session: Class initialized using 'CodeIgniter\Session\Handlers\FileHandler' driver.
WARNING - 2023-11-20 14:56:59 --> [DEPRECATED] Function strftime() is deprecated in APPPATH\Views\dashboard-admin\alumni\activation.php on line 49.
 1 SYSTEMPATH\View\View.php(228): include('C:\\Users\\wanad\\xampp8\\htdocs\\traceralumnisi-ci4\\admin-ci4\\app\\Views\\dashboard-admin\\alumni\\activation.php')
 2 SYSTEMPATH\View\View.php(231): CodeIgniter\View\View->CodeIgniter\View\{closure}()
 3 SYSTEMPATH\Common.php(1190): CodeIgniter\View\View->render('dashboard-admin/alumni/activation', [], true)
 4 APPPATH\Controllers\AlumniAdmin.php(344): view('dashboard-admin/alumni/activation', [...])
 5 SYSTEMPATH\CodeIgniter.php(942): App\Controllers\AlumniAdmin->activation()
 6 SYSTEMPATH\CodeIgniter.php(502): CodeIgniter\CodeIgniter->runController(Object(App\Controllers\AlumniAdmin))
 7 SYSTEMPATH\CodeIgniter.php(361): CodeIgniter\CodeIgniter->handleRequest(null, Object(Config\Cache), false)
 8 FCPATH\index.php(79): CodeIgniter\CodeIgniter->run()
WARNING - 2023-11-20 14:56:59 --> [DEPRECATED] Function strftime() is deprecated in APPPATH\Views\dashboard-admin\alumni\activation.php on line 52.
 1 SYSTEMPATH\View\View.php(228): include('C:\\Users\\wanad\\xampp8\\htdocs\\traceralumnisi-ci4\\admin-ci4\\app\\Views\\dashboard-admin\\alumni\\activation.php')
 2 SYSTEMPATH\View\View.php(231): CodeIgniter\View\View->CodeIgniter\View\{closure}()
 3 SYSTEMPATH\Common.php(1190): CodeIgniter\View\View->render('dashboard-admin/alumni/activation', [], true)
 4 APPPATH\Controllers\AlumniAdmin.php(344): view('dashboard-admin/alumni/activation', [...])
 5 SYSTEMPATH\CodeIgniter.php(942): App\Controllers\AlumniAdmin->activation()
 6 SYSTEMPATH\CodeIgniter.php(502): CodeIgniter\CodeIgniter->runController(Object(App\Controllers\AlumniAdmin))
 7 SYSTEMPATH\CodeIgniter.php(361): CodeIgniter\CodeIgniter->handleRequest(null, Object(Config\Cache), false)
 8 FCPATH\index.php(79): CodeIgniter\CodeIgniter->run()
INFO - 2023-11-20 14:57:02 --> Session: Class initialized using 'CodeIgniter\Session\Handlers\FileHandler' driver.
INFO - 2023-11-20 14:57:03 --> Session: Class initialized using 'CodeIgniter\Session\Handlers\FileHandler' driver.
WARNING - 2023-11-20 14:57:03 --> [DEPRECATED] Function strftime() is deprecated in APPPATH\Controllers\AlumniAdmin.php on line 86.
 1 SYSTEMPATH\CodeIgniter.php(942): App\Controllers\AlumniAdmin->ajax()
 2 SYSTEMPATH\CodeIgniter.php(502): CodeIgniter\CodeIgniter->runController(Object(App\Controllers\AlumniAdmin))
 3 SYSTEMPATH\CodeIgniter.php(361): CodeIgniter\CodeIgniter->handleRequest(null, Object(Config\Cache), false)
 4 FCPATH\index.php(79): CodeIgniter\CodeIgniter->run()
WARNING - 2023-11-20 14:57:03 --> [DEPRECATED] Function strftime() is deprecated in APPPATH\Controllers\AlumniAdmin.php on line 103.
 1 SYSTEMPATH\CodeIgniter.php(942): App\Controllers\AlumniAdmin->ajax()
 2 SYSTEMPATH\CodeIgniter.php(502): CodeIgniter\CodeIgniter->runController(Object(App\Controllers\AlumniAdmin))
 3 SYSTEMPATH\CodeIgniter.php(361): CodeIgniter\CodeIgniter->handleRequest(null, Object(Config\Cache), false)
 4 FCPATH\index.php(79): CodeIgniter\CodeIgniter->run()
WARNING - 2023-11-20 14:57:03 --> [DEPRECATED] Function strftime() is deprecated in APPPATH\Controllers\AlumniAdmin.php on line 86.
 1 SYSTEMPATH\CodeIgniter.php(942): App\Controllers\AlumniAdmin->ajax()
 2 SYSTEMPATH\CodeIgniter.php(502): CodeIgniter\CodeIgniter->runController(Object(App\Controllers\AlumniAdmin))
 3 SYSTEMPATH\CodeIgniter.php(361): CodeIgniter\CodeIgniter->handleRequest(null, Object(Config\Cache), false)
 4 FCPATH\index.php(79): CodeIgniter\CodeIgniter->run()
WARNING - 2023-11-20 14:57:03 --> [DEPRECATED] Function strftime() is deprecated in APPPATH\Controllers\AlumniAdmin.php on line 103.
 1 SYSTEMPATH\CodeIgniter.php(942): App\Controllers\AlumniAdmin->ajax()
 2 SYSTEMPATH\CodeIgniter.php(502): CodeIgniter\CodeIgniter->runController(Object(App\Controllers\AlumniAdmin))
 3 SYSTEMPATH\CodeIgniter.php(361): CodeIgniter\CodeIgniter->handleRequest(null, Object(Config\Cache), false)
 4 FCPATH\index.php(79): CodeIgniter\CodeIgniter->run()
WARNING - 2023-11-20 14:57:03 --> [DEPRECATED] Function strftime() is deprecated in APPPATH\Controllers\AlumniAdmin.php on line 86.
 1 SYSTEMPATH\CodeIgniter.php(942): App\Controllers\AlumniAdmin->ajax()
 2 SYSTEMPATH\CodeIgniter.php(502): CodeIgniter\CodeIgniter->runController(Object(App\Controllers\AlumniAdmin))
 3 SYSTEMPATH\CodeIgniter.php(361): CodeIgniter\CodeIgniter->handleRequest(null, Object(Config\Cache), false)
 4 FCPATH\index.php(79): CodeIgniter\CodeIgniter->run()
WARNING - 2023-11-20 14:57:03 --> [DEPRECATED] Function strftime() is deprecated in APPPATH\Controllers\AlumniAdmin.php on line 86.
 1 SYSTEMPATH\CodeIgniter.php(942): App\Controllers\AlumniAdmin->ajax()
 2 SYSTEMPATH\CodeIgniter.php(502): CodeIgniter\CodeIgniter->runController(Object(App\Controllers\AlumniAdmin))
 3 SYSTEMPATH\CodeIgniter.php(361): CodeIgniter\CodeIgniter->handleRequest(null, Object(Config\Cache), false)
 4 FCPATH\index.php(79): CodeIgniter\CodeIgniter->run()
WARNING - 2023-11-20 14:57:03 --> [DEPRECATED] Function strftime() is deprecated in APPPATH\Controllers\AlumniAdmin.php on line 103.
 1 SYSTEMPATH\CodeIgniter.php(942): App\Controllers\AlumniAdmin->ajax()
 2 SYSTEMPATH\CodeIgniter.php(502): CodeIgniter\CodeIgniter->runController(Object(App\Controllers\AlumniAdmin))
 3 SYSTEMPATH\CodeIgniter.php(361): CodeIgniter\CodeIgniter->handleRequest(null, Object(Config\Cache), false)
 4 FCPATH\index.php(79): CodeIgniter\CodeIgniter->run()
INFO - 2023-11-20 14:57:09 --> Session: Class initialized using 'CodeIgniter\Session\Handlers\FileHandler' driver.
WARNING - 2023-11-20 14:57:09 --> [DEPRECATED] Function strftime() is deprecated in APPPATH\Views\dashboard-admin\alumni\activation.php on line 49.
 1 SYSTEMPATH\View\View.php(228): include('C:\\Users\\wanad\\xampp8\\htdocs\\traceralumnisi-ci4\\admin-ci4\\app\\Views\\dashboard-admin\\alumni\\activation.php')
 2 SYSTEMPATH\View\View.php(231): CodeIgniter\View\View->CodeIgniter\View\{closure}()
 3 SYSTEMPATH\Common.php(1190): CodeIgniter\View\View->render('dashboard-admin/alumni/activation', [], true)
 4 APPPATH\Controllers\AlumniAdmin.php(344): view('dashboard-admin/alumni/activation', [...])
 5 SYSTEMPATH\CodeIgniter.php(942): App\Controllers\AlumniAdmin->activation()
 6 SYSTEMPATH\CodeIgniter.php(502): CodeIgniter\CodeIgniter->runController(Object(App\Controllers\AlumniAdmin))
 7 SYSTEMPATH\CodeIgniter.php(361): CodeIgniter\CodeIgniter->handleRequest(null, Object(Config\Cache), false)
 8 FCPATH\index.php(79): CodeIgniter\CodeIgniter->run()
WARNING - 2023-11-20 14:57:09 --> [DEPRECATED] Function strftime() is deprecated in APPPATH\Views\dashboard-admin\alumni\activation.php on line 52.
 1 SYSTEMPATH\View\View.php(228): include('C:\\Users\\wanad\\xampp8\\htdocs\\traceralumnisi-ci4\\admin-ci4\\app\\Views\\dashboard-admin\\alumni\\activation.php')
 2 SYSTEMPATH\View\View.php(231): CodeIgniter\View\View->CodeIgniter\View\{closure}()
 3 SYSTEMPATH\Common.php(1190): CodeIgniter\View\View->render('dashboard-admin/alumni/activation', [], true)
 4 APPPATH\Controllers\AlumniAdmin.php(344): view('dashboard-admin/alumni/activation', [...])
 5 SYSTEMPATH\CodeIgniter.php(942): App\Controllers\AlumniAdmin->activation()
 6 SYSTEMPATH\CodeIgniter.php(502): CodeIgniter\CodeIgniter->runController(Object(App\Controllers\AlumniAdmin))
 7 SYSTEMPATH\CodeIgniter.php(361): CodeIgniter\CodeIgniter->handleRequest(null, Object(Config\Cache), false)
 8 FCPATH\index.php(79): CodeIgniter\CodeIgniter->run()
INFO - 2023-11-20 14:57:17 --> Session: Class initialized using 'CodeIgniter\Session\Handlers\FileHandler' driver.
INFO - 2023-11-20 14:57:17 --> Session: Class initialized using 'CodeIgniter\Session\Handlers\FileHandler' driver.
INFO - 2023-11-20 14:57:22 --> Session: Class initialized using 'CodeIgniter\Session\Handlers\FileHandler' driver.
INFO - 2023-11-20 14:57:23 --> Session: Class initialized using 'CodeIgniter\Session\Handlers\FileHandler' driver.
WARNING - 2023-11-20 14:57:23 --> [DEPRECATED] Function strftime() is deprecated in APPPATH\Controllers\AlumniAdmin.php on line 86.
 1 SYSTEMPATH\CodeIgniter.php(942): App\Controllers\AlumniAdmin->ajax()
 2 SYSTEMPATH\CodeIgniter.php(502): CodeIgniter\CodeIgniter->runController(Object(App\Controllers\AlumniAdmin))
 3 SYSTEMPATH\CodeIgniter.php(361): CodeIgniter\CodeIgniter->handleRequest(null, Object(Config\Cache), false)
 4 FCPATH\index.php(79): CodeIgniter\CodeIgniter->run()
WARNING - 2023-11-20 14:57:23 --> [DEPRECATED] Function strftime() is deprecated in APPPATH\Controllers\AlumniAdmin.php on line 86.
 1 SYSTEMPATH\CodeIgniter.php(942): App\Controllers\AlumniAdmin->ajax()
 2 SYSTEMPATH\CodeIgniter.php(502): CodeIgniter\CodeIgniter->runController(Object(App\Controllers\AlumniAdmin))
 3 SYSTEMPATH\CodeIgniter.php(361): CodeIgniter\CodeIgniter->handleRequest(null, Object(Config\Cache), false)
 4 FCPATH\index.php(79): CodeIgniter\CodeIgniter->run()
WARNING - 2023-11-20 14:57:23 --> [DEPRECATED] Function strftime() is deprecated in APPPATH\Controllers\AlumniAdmin.php on line 103.
 1 SYSTEMPATH\CodeIgniter.php(942): App\Controllers\AlumniAdmin->ajax()
 2 SYSTEMPATH\CodeIgniter.php(502): CodeIgniter\CodeIgniter->runController(Object(App\Controllers\AlumniAdmin))
 3 SYSTEMPATH\CodeIgniter.php(361): CodeIgniter\CodeIgniter->handleRequest(null, Object(Config\Cache), false)
 4 FCPATH\index.php(79): CodeIgniter\CodeIgniter->run()
WARNING - 2023-11-20 14:57:23 --> [DEPRECATED] Function strftime() is deprecated in APPPATH\Controllers\AlumniAdmin.php on line 86.
 1 SYSTEMPATH\CodeIgniter.php(942): App\Controllers\AlumniAdmin->ajax()
 2 SYSTEMPATH\CodeIgniter.php(502): CodeIgniter\CodeIgniter->runController(Object(App\Controllers\AlumniAdmin))
 3 SYSTEMPATH\CodeIgniter.php(361): CodeIgniter\CodeIgniter->handleRequest(null, Object(Config\Cache), false)
 4 FCPATH\index.php(79): CodeIgniter\CodeIgniter->run()
WARNING - 2023-11-20 14:57:23 --> [DEPRECATED] Function strftime() is deprecated in APPPATH\Controllers\AlumniAdmin.php on line 86.
 1 SYSTEMPATH\CodeIgniter.php(942): App\Controllers\AlumniAdmin->ajax()
 2 SYSTEMPATH\CodeIgniter.php(502): CodeIgniter\CodeIgniter->runController(Object(App\Controllers\AlumniAdmin))
 3 SYSTEMPATH\CodeIgniter.php(361): CodeIgniter\CodeIgniter->handleRequest(null, Object(Config\Cache), false)
 4 FCPATH\index.php(79): CodeIgniter\CodeIgniter->run()
WARNING - 2023-11-20 14:57:23 --> [DEPRECATED] Function strftime() is deprecated in APPPATH\Controllers\AlumniAdmin.php on line 103.
 1 SYSTEMPATH\CodeIgniter.php(942): App\Controllers\AlumniAdmin->ajax()
 2 SYSTEMPATH\CodeIgniter.php(502): CodeIgniter\CodeIgniter->runController(Object(App\Controllers\AlumniAdmin))
 3 SYSTEMPATH\CodeIgniter.php(361): CodeIgniter\CodeIgniter->handleRequest(null, Object(Config\Cache), false)
 4 FCPATH\index.php(79): CodeIgniter\CodeIgniter->run()
INFO - 2023-11-20 14:58:16 --> Session: Class initialized using 'CodeIgniter\Session\Handlers\FileHandler' driver.
INFO - 2023-11-20 14:58:16 --> Session: Class initialized using 'CodeIgniter\Session\Handlers\FileHandler' driver.
